15-Sep-2025 19:33:58.328 INFO [main] org.apache.catalina.startup.VersionLoggerListener.log Nombre de la versión del servidor: Apache Tomcat/9.0.109
15-Sep-2025 19:33:58.331 INFO [main] org.apache.catalina.startup.VersionLoggerListener.log Server built:                      Sep 1 2025 12:15:33 UTC
15-Sep-2025 19:33:58.331 INFO [main] org.apache.catalina.startup.VersionLoggerListener.log Número de versión de servidor:     9.0.109.0
15-Sep-2025 19:33:58.331 INFO [main] org.apache.catalina.startup.VersionLoggerListener.log OS Name:                           Linux
15-Sep-2025 19:33:58.331 INFO [main] org.apache.catalina.startup.VersionLoggerListener.log Versión de Systema Operativo:      6.8.0-79-generic
15-Sep-2025 19:33:58.331 INFO [main] org.apache.catalina.startup.VersionLoggerListener.log Arquitectura:                      amd64
15-Sep-2025 19:33:58.331 INFO [main] org.apache.catalina.startup.VersionLoggerListener.log Java Home:                         /usr/lib/jvm/jdk-21.0.7-oracle-x64
15-Sep-2025 19:33:58.331 INFO [main] org.apache.catalina.startup.VersionLoggerListener.log JVM Version:                       21.0.7+8-LTS-245
15-Sep-2025 19:33:58.331 INFO [main] org.apache.catalina.startup.VersionLoggerListener.log Vededor JVM:                       Oracle Corporation
15-Sep-2025 19:33:58.332 INFO [main] org.apache.catalina.startup.VersionLoggerListener.log CATALINA_BASE:                     /home/erick/Documentos/UTP/web integrado/enroute_aqp/apache-tomcat-9.0.109
15-Sep-2025 19:33:58.332 INFO [main] org.apache.catalina.startup.VersionLoggerListener.log CATALINA_HOME:                     /home/erick/Documentos/UTP/web integrado/enroute_aqp/apache-tomcat-9.0.109
15-Sep-2025 19:33:58.335 INFO [main] org.apache.catalina.startup.VersionLoggerListener.log Command line argument:             --add-opens=java.base/java.lang=ALL-UNNAMED
15-Sep-2025 19:33:58.335 INFO [main] org.apache.catalina.startup.VersionLoggerListener.log Command line argument:             --add-opens=java.base/java.lang.invoke=ALL-UNNAMED
15-Sep-2025 19:33:58.336 INFO [main] org.apache.catalina.startup.VersionLoggerListener.log Command line argument:             --add-opens=java.base/java.lang.reflect=ALL-UNNAMED
15-Sep-2025 19:33:58.336 INFO [main] org.apache.catalina.startup.VersionLoggerListener.log Command line argument:             --add-opens=java.base/java.io=ALL-UNNAMED
15-Sep-2025 19:33:58.336 INFO [main] org.apache.catalina.startup.VersionLoggerListener.log Command line argument:             --add-opens=java.base/java.util=ALL-UNNAMED
15-Sep-2025 19:33:58.336 INFO [main] org.apache.catalina.startup.VersionLoggerListener.log Command line argument:             --add-opens=java.base/java.util.concurrent=ALL-UNNAMED
15-Sep-2025 19:33:58.336 INFO [main] org.apache.catalina.startup.VersionLoggerListener.log Command line argument:             --add-opens=java.rmi/sun.rmi.transport=ALL-UNNAMED
15-Sep-2025 19:33:58.336 INFO [main] org.apache.catalina.startup.VersionLoggerListener.log Command line argument:             -Djava.util.logging.config.file=/home/erick/Documentos/UTP/web integrado/enroute_aqp/apache-tomcat-9.0.109/conf/logging.properties
15-Sep-2025 19:33:58.336 INFO [main] org.apache.catalina.startup.VersionLoggerListener.log Command line argument:             -Djava.util.logging.manager=org.apache.juli.ClassLoaderLogManager
15-Sep-2025 19:33:58.336 INFO [main] org.apache.catalina.startup.VersionLoggerListener.log Command line argument:             -Dhttp.nonProxyHosts=localhost|127.0.0.1|Erick-ASUS-TUF-A15
15-Sep-2025 19:33:58.336 INFO [main] org.apache.catalina.startup.VersionLoggerListener.log Command line argument:             -Djdk.tls.ephemeralDHKeySize=2048
15-Sep-2025 19:33:58.336 INFO [main] org.apache.catalina.startup.VersionLoggerListener.log Command line argument:             -Djava.protocol.handler.pkgs=org.apache.catalina.webresources
15-Sep-2025 19:33:58.336 INFO [main] org.apache.catalina.startup.VersionLoggerListener.log Command line argument:             -Dsun.io.useCanonCaches=false
15-Sep-2025 19:33:58.336 INFO [main] org.apache.catalina.startup.VersionLoggerListener.log Command line argument:             -Dorg.apache.catalina.security.SecurityListener.UMASK=0027
15-Sep-2025 19:33:58.337 INFO [main] org.apache.catalina.startup.VersionLoggerListener.log Command line argument:             -Dignore.endorsed.dirs=
15-Sep-2025 19:33:58.337 INFO [main] org.apache.catalina.startup.VersionLoggerListener.log Command line argument:             -Dcatalina.base=/home/erick/Documentos/UTP/web integrado/enroute_aqp/apache-tomcat-9.0.109
15-Sep-2025 19:33:58.337 INFO [main] org.apache.catalina.startup.VersionLoggerListener.log Command line argument:             -Dcatalina.home=/home/erick/Documentos/UTP/web integrado/enroute_aqp/apache-tomcat-9.0.109
15-Sep-2025 19:33:58.337 INFO [main] org.apache.catalina.startup.VersionLoggerListener.log Command line argument:             -Djava.io.tmpdir=/home/erick/Documentos/UTP/web integrado/enroute_aqp/apache-tomcat-9.0.109/temp
15-Sep-2025 19:33:58.338 INFO [main] org.apache.catalina.core.AprLifecycleListener.lifecycleEvent La biblioteca nativa de Apache Tomcat basada en ARP que permite un rendimiento óptimo en entornos de desarrollo no ha sido hallada en java.library.path: [/usr/java/packages/lib:/usr/lib64:/lib64:/lib:/usr/lib]
15-Sep-2025 19:33:58.518 INFO [main] org.apache.coyote.AbstractProtocol.init Inicializando el manejador de protocolo ["http-nio-8080"]

15-Sep-2025 19:33:58.533 INFO [main] org.apache.catalina.startup.Catalina.load Server initialization in [350] milliseconds
15-Sep-2025 19:33:58.563 INFO [main] org.apache.catalina.core.StandardService.startInternal Arrancando servicio [Catalina]
15-Sep-2025 19:33:58.564 INFO [main] org.apache.catalina.core.StandardEngine.startInternal Starting Servlet engine: [Apache Tomcat/9.0.109]
15-Sep-2025 19:33:58.569 INFO [main] org.apache.catalina.startup.HostConfig.deployDescriptor Desplieque del descriptor de configuración [/home/erick/Documentos/UTP/web integrado/enroute_aqp/apache-tomcat-9.0.109/conf/Catalina/localhost/Enroute_Aqp.xml]
15-Sep-2025 19:33:58.577 WARNING [main] org.apache.catalina.startup.HostConfig.deployDescriptor The path attribute with value [/Enroute_Aqp] in deployment descriptor [/home/erick/Documentos/UTP/web integrado/enroute_aqp/apache-tomcat-9.0.109/conf/Catalina/localhost/Enroute_Aqp.xml] has been ignored
15-Sep-2025 19:33:58.867 INFO [main] org.apache.jasper.servlet.TldScanner.scanJars Al menos un JAR, que se ha explorado buscando TLDs, aún no contenía TLDs. Activar historial de depuración para este historiador para una completa lista de los JARs que fueron explorados y de los que nos se halló TLDs. Saltarse JARs no necesarios durante la exploración puede dar lugar a una mejora de tiempo significativa en el arranque y compilación de JSP .
15-Sep-2025 19:33:58.887 INFO [main] org.apache.catalina.startup.HostConfig.deployDescriptor Deployment of deployment descriptor [/home/erick/Documentos/UTP/web integrado/enroute_aqp/apache-tomcat-9.0.109/conf/Catalina/localhost/Enroute_Aqp.xml] has finished in [316] ms
15-Sep-2025 19:33:58.888 INFO [main] org.apache.catalina.startup.HostConfig.deployDirectory Desplegando el directorio [/home/erick/Documentos/UTP/web integrado/enroute_aqp/apache-tomcat-9.0.109/webapps/docs] de la aplicación web
15-Sep-2025 19:33:58.907 INFO [main] org.apache.catalina.startup.HostConfig.deployDirectory Deployment of web application directory [/home/erick/Documentos/UTP/web integrado/enroute_aqp/apache-tomcat-9.0.109/webapps/docs] has finished in [18] ms
15-Sep-2025 19:33:58.907 INFO [main] org.apache.catalina.startup.HostConfig.deployDirectory Desplegando el directorio [/home/erick/Documentos/UTP/web integrado/enroute_aqp/apache-tomcat-9.0.109/webapps/host-manager] de la aplicación web
15-Sep-2025 19:33:58.928 INFO [main] org.apache.catalina.startup.HostConfig.deployDirectory Deployment of web application directory [/home/erick/Documentos/UTP/web integrado/enroute_aqp/apache-tomcat-9.0.109/webapps/host-manager] has finished in [21] ms
15-Sep-2025 19:33:58.928 INFO [main] org.apache.catalina.startup.HostConfig.deployDirectory Desplegando el directorio [/home/erick/Documentos/UTP/web integrado/enroute_aqp/apache-tomcat-9.0.109/webapps/manager] de la aplicación web
15-Sep-2025 19:33:58.943 INFO [main] org.apache.catalina.startup.HostConfig.deployDirectory Deployment of web application directory [/home/erick/Documentos/UTP/web integrado/enroute_aqp/apache-tomcat-9.0.109/webapps/manager] has finished in [15] ms
15-Sep-2025 19:33:58.943 INFO [main] org.apache.catalina.startup.HostConfig.deployDirectory Desplegando el directorio [/home/erick/Documentos/UTP/web integrado/enroute_aqp/apache-tomcat-9.0.109/webapps/ROOT] de la aplicación web
15-Sep-2025 19:33:58.958 INFO [main] org.apache.catalina.startup.HostConfig.deployDirectory Deployment of web application directory [/home/erick/Documentos/UTP/web integrado/enroute_aqp/apache-tomcat-9.0.109/webapps/ROOT] has finished in [15] ms
15-Sep-2025 19:33:58.958 INFO [main] org.apache.catalina.startup.HostConfig.deployDirectory Desplegando el directorio [/home/erick/Documentos/UTP/web integrado/enroute_aqp/apache-tomcat-9.0.109/webapps/examples] de la aplicación web
15-Sep-2025 19:33:59.068 INFO [main] org.apache.catalina.startup.HostConfig.deployDirectory Deployment of web application directory [/home/erick/Documentos/UTP/web integrado/enroute_aqp/apache-tomcat-9.0.109/webapps/examples] has finished in [110] ms
15-Sep-2025 19:33:59.071 INFO [main] org.apache.coyote.AbstractProtocol.start Starting ProtocolHandler ["http-nio-8080"]
15-Sep-2025 19:33:59.077 INFO [main] org.apache.catalina.startup.Catalina.start Server startup in [542] milliseconds
15-Sep-2025 19:34:02.133 INFO [http-nio-8080-exec-8] org.apache.catalina.startup.HostConfig.undeploy Repliegue (undeploy) de la aplicación web que tiene como trayectoria de contexto [/Enroute_Aqp]
15-Sep-2025 19:34:02.139 INFO [http-nio-8080-exec-6] org.apache.catalina.startup.HostConfig.deployDescriptor Desplieque del descriptor de configuración [/home/erick/Documentos/UTP/web integrado/enroute_aqp/apache-tomcat-9.0.109/conf/Catalina/localhost/Enroute_Aqp.xml]
15-Sep-2025 19:34:02.140 WARNING [http-nio-8080-exec-6] org.apache.catalina.startup.HostConfig.deployDescriptor The path attribute with value [/Enroute_Aqp] in deployment descriptor [/home/erick/Documentos/UTP/web integrado/enroute_aqp/apache-tomcat-9.0.109/conf/Catalina/localhost/Enroute_Aqp.xml] has been ignored
15-Sep-2025 19:34:02.223 INFO [http-nio-8080-exec-6] org.apache.jasper.servlet.TldScanner.scanJars Al menos un JAR, que se ha explorado buscando TLDs, aún no contenía TLDs. Activar historial de depuración para este historiador para una completa lista de los JARs que fueron explorados y de los que nos se halló TLDs. Saltarse JARs no necesarios durante la exploración puede dar lugar a una mejora de tiempo significativa en el arranque y compilación de JSP .
15-Sep-2025 19:34:02.225 INFO [http-nio-8080-exec-6] org.apache.catalina.startup.HostConfig.deployDescriptor Deployment of deployment descriptor [/home/erick/Documentos/UTP/web integrado/enroute_aqp/apache-tomcat-9.0.109/conf/Catalina/localhost/Enroute_Aqp.xml] has finished in [85] ms
15-Sep-2025 20:01:22.844 INFO [main] org.apache.catalina.core.StandardServer.await Se ha recibido un comando de apagado a través del puerto de apagado. Parando la instancia del Servidor.
15-Sep-2025 20:01:22.845 INFO [main] org.apache.coyote.AbstractProtocol.pause Pausing ProtocolHandler ["http-nio-8080"]
15-Sep-2025 20:01:22.848 INFO [main] org.apache.catalina.core.StandardService.stopInternal Parando servicio [Catalina]
15-Sep-2025 20:01:22.859 INFO [main] org.apache.coyote.AbstractProtocol.stop Stopping ProtocolHandler ["http-nio-8080"]
15-Sep-2025 20:01:22.869 INFO [main] org.apache.coyote.AbstractProtocol.destroy Destroying ProtocolHandler ["http-nio-8080"]
