25-Sep-2025 20:39:15.531 INFO [main] org.apache.catalina.startup.VersionLoggerListener.log Nombre de la versión del servidor: Apache Tomcat/9.0.109
25-Sep-2025 20:39:15.553 INFO [main] org.apache.catalina.startup.VersionLoggerListener.log Server built:                      Sep 1 2025 12:15:33 UTC
25-Sep-2025 20:39:15.554 INFO [main] org.apache.catalina.startup.VersionLoggerListener.log Número de versión de servidor:     9.0.109.0
25-Sep-2025 20:39:15.555 INFO [main] org.apache.catalina.startup.VersionLoggerListener.log OS Name:                           Windows 11
25-Sep-2025 20:39:15.556 INFO [main] org.apache.catalina.startup.VersionLoggerListener.log Versión de Systema Operativo:      10.0
25-Sep-2025 20:39:15.556 INFO [main] org.apache.catalina.startup.VersionLoggerListener.log Arquitectura:                      amd64
25-Sep-2025 20:39:15.557 INFO [main] org.apache.catalina.startup.VersionLoggerListener.log Java Home:                         D:\Program Files\Java\jdk-21
25-Sep-2025 20:39:15.558 INFO [main] org.apache.catalina.startup.VersionLoggerListener.log JVM Version:                       21.0.4+8-LTS-274
25-Sep-2025 20:39:15.559 INFO [main] org.apache.catalina.startup.VersionLoggerListener.log Vededor JVM:                       Oracle Corporation
25-Sep-2025 20:39:15.560 INFO [main] org.apache.catalina.startup.VersionLoggerListener.log CATALINA_BASE:                     D:\UTP-8\WebIntegrado\enroute_aqp\apache-tomcat-9.0.109
25-Sep-2025 20:39:15.561 INFO [main] org.apache.catalina.startup.VersionLoggerListener.log CATALINA_HOME:                     D:\UTP-8\WebIntegrado\enroute_aqp\apache-tomcat-9.0.109
25-Sep-2025 20:39:15.610 INFO [main] org.apache.catalina.startup.VersionLoggerListener.log Command line argument:             --add-opens=java.base/java.lang=ALL-UNNAMED
25-Sep-2025 20:39:15.611 INFO [main] org.apache.catalina.startup.VersionLoggerListener.log Command line argument:             --add-opens=java.base/java.lang.invoke=ALL-UNNAMED
25-Sep-2025 20:39:15.612 INFO [main] org.apache.catalina.startup.VersionLoggerListener.log Command line argument:             --add-opens=java.base/java.lang.reflect=ALL-UNNAMED
25-Sep-2025 20:39:15.613 INFO [main] org.apache.catalina.startup.VersionLoggerListener.log Command line argument:             --add-opens=java.base/java.io=ALL-UNNAMED
25-Sep-2025 20:39:15.613 INFO [main] org.apache.catalina.startup.VersionLoggerListener.log Command line argument:             --add-opens=java.base/java.util=ALL-UNNAMED
25-Sep-2025 20:39:15.614 INFO [main] org.apache.catalina.startup.VersionLoggerListener.log Command line argument:             --add-opens=java.base/java.util.concurrent=ALL-UNNAMED
25-Sep-2025 20:39:15.615 INFO [main] org.apache.catalina.startup.VersionLoggerListener.log Command line argument:             --add-opens=java.rmi/sun.rmi.transport=ALL-UNNAMED
25-Sep-2025 20:39:15.615 INFO [main] org.apache.catalina.startup.VersionLoggerListener.log Command line argument:             -Djava.util.logging.config.file=D:\UTP-8\WebIntegrado\enroute_aqp\apache-tomcat-9.0.109\conf\logging.properties
25-Sep-2025 20:39:15.616 INFO [main] org.apache.catalina.startup.VersionLoggerListener.log Command line argument:             -Djava.util.logging.manager=org.apache.juli.ClassLoaderLogManager
25-Sep-2025 20:39:15.617 INFO [main] org.apache.catalina.startup.VersionLoggerListener.log Command line argument:             -Djdk.tls.ephemeralDHKeySize=2048
25-Sep-2025 20:39:15.618 INFO [main] org.apache.catalina.startup.VersionLoggerListener.log Command line argument:             -Djava.protocol.handler.pkgs=org.apache.catalina.webresources
25-Sep-2025 20:39:15.618 INFO [main] org.apache.catalina.startup.VersionLoggerListener.log Command line argument:             -Dsun.io.useCanonCaches=false
25-Sep-2025 20:39:15.619 INFO [main] org.apache.catalina.startup.VersionLoggerListener.log Command line argument:             -Dignore.endorsed.dirs=
25-Sep-2025 20:39:15.619 INFO [main] org.apache.catalina.startup.VersionLoggerListener.log Command line argument:             -Dcatalina.base=D:\UTP-8\WebIntegrado\enroute_aqp\apache-tomcat-9.0.109
25-Sep-2025 20:39:15.620 INFO [main] org.apache.catalina.startup.VersionLoggerListener.log Command line argument:             -Dcatalina.home=D:\UTP-8\WebIntegrado\enroute_aqp\apache-tomcat-9.0.109
25-Sep-2025 20:39:15.620 INFO [main] org.apache.catalina.startup.VersionLoggerListener.log Command line argument:             -Djava.io.tmpdir=D:\UTP-8\WebIntegrado\enroute_aqp\apache-tomcat-9.0.109\temp
25-Sep-2025 20:39:15.640 INFO [main] org.apache.catalina.core.AprLifecycleListener.lifecycleEvent La biblioteca nativa de Apache Tomcat basada en ARP que permite un rendimiento óptimo en entornos de desarrollo no ha sido hallada en java.library.path: [D:\Program Files\Java\jdk-21\bin;C:\WINDOWS\Sun\Java\bin;C:\WINDOWS\system32;C:\WINDOWS;C:\Program Files\Common Files\Oracle\Java\javapath;C:\WINDOWS\system32;C:\WINDOWS;C:\WINDOWS\System32\Wbem;C:\WINDOWS\System32\WindowsPowerShell\v1.0\;C:\WINDOWS\System32\OpenSSH\;C:\Program Files (x86)\Microsoft SQL Server\160\Tools\Binn\;C:\Program Files\Microsoft SQL Server\160\Tools\Binn\;C:\Program Files\Microsoft SQL Server\Client SDK\ODBC\170\Tools\Binn\;C:\Program Files\Microsoft SQL Server\160\DTS\Binn\;D:\Program Files\MiKTeX\miktex\bin\x64\;D:\Program Files\nodejs\;C:\ProgramData\chocolatey\bin;D:\LINGO64_21\;D:\Program Files\Git\cmd;C:\Users\aapaz\AppData\Local\Programs\Python\Python312\Scripts\;C:\Users\aapaz\AppData\Local\Programs\Python\Python312\;C:\Users\aapaz\AppData\Local\Microsoft\WindowsApps;D:\Program Files (x86)\Microsoft VS Code\bin;C:\Users\aapaz\AppData\Roaming\npm;.]
25-Sep-2025 20:39:16.712 INFO [main] org.apache.coyote.AbstractProtocol.init Inicializando el manejador de protocolo ["http-nio-8080"]

25-Sep-2025 20:39:16.798 INFO [main] org.apache.catalina.startup.Catalina.load Server initialization in [1935] milliseconds
25-Sep-2025 20:39:16.998 INFO [main] org.apache.catalina.core.StandardService.startInternal Arrancando servicio [Catalina]
25-Sep-2025 20:39:16.998 INFO [main] org.apache.catalina.core.StandardEngine.startInternal Starting Servlet engine: [Apache Tomcat/9.0.109]
25-Sep-2025 20:39:17.031 INFO [main] org.apache.catalina.startup.HostConfig.deployDescriptor Desplieque del descriptor de configuración [D:\UTP-8\WebIntegrado\enroute_aqp\apache-tomcat-9.0.109\conf\Catalina\localhost\enroute_aqp.xml]
25-Sep-2025 20:39:17.091 WARNING [main] org.apache.catalina.startup.HostConfig.deployDescriptor The path attribute with value [/enroute_aqp] in deployment descriptor [D:\UTP-8\WebIntegrado\enroute_aqp\apache-tomcat-9.0.109\conf\Catalina\localhost\enroute_aqp.xml] has been ignored
25-Sep-2025 20:39:17.115 WARNING [main] org.apache.catalina.startup.HostConfig.deployDescriptor Se ha especificado un docBase [D:\UTP-8\WebIntegrado\enroute_aqp\apache-tomcat-9.0.109\webapps\home\erick\NetBeansProjects\enroute_aqp\build\web] dentro del appBase de la máquina y será ignorado
25-Sep-2025 20:39:17.233 SEVERE [main] org.apache.catalina.startup.HostConfig.deployDescriptor Error durante el despliegue del descriptor de configuración [D:\UTP-8\WebIntegrado\enroute_aqp\apache-tomcat-9.0.109\conf\Catalina\localhost\enroute_aqp.xml]
	java.lang.IllegalStateException: Error starting child
		at org.apache.catalina.core.ContainerBase.addChildInternal(ContainerBase.java:602)
		at org.apache.catalina.core.ContainerBase.addChild(ContainerBase.java:571)
		at org.apache.catalina.core.StandardHost.addChild(StandardHost.java:604)
		at org.apache.catalina.startup.HostConfig.deployDescriptor(HostConfig.java:680)
		at org.apache.catalina.startup.HostConfig$DeployDescriptor.run(HostConfig.java:1839)
		at java.base/java.util.concurrent.Executors$RunnableAdapter.call(Executors.java:572)
		at java.base/java.util.concurrent.FutureTask.run(FutureTask.java:317)
		at org.apache.tomcat.util.threads.InlineExecutorService.execute(InlineExecutorService.java:82)
		at java.base/java.util.concurrent.AbstractExecutorService.submit(AbstractExecutorService.java:123)
		at org.apache.catalina.startup.HostConfig.deployDescriptors(HostConfig.java:575)
		at org.apache.catalina.startup.HostConfig.deployApps(HostConfig.java:466)
		at org.apache.catalina.startup.HostConfig.start(HostConfig.java:1579)
		at org.apache.catalina.startup.HostConfig.lifecycleEvent(HostConfig.java:312)
		at org.apache.catalina.util.LifecycleBase.fireLifecycleEvent(LifecycleBase.java:109)
		at org.apache.catalina.util.LifecycleBase.setStateInternal(LifecycleBase.java:389)
		at org.apache.catalina.util.LifecycleBase.setState(LifecycleBase.java:336)
		at org.apache.catalina.core.ContainerBase.startInternal(ContainerBase.java:776)
		at org.apache.catalina.core.StandardHost.startInternal(StandardHost.java:722)
		at org.apache.catalina.util.LifecycleBase.start(LifecycleBase.java:164)
		at org.apache.catalina.core.ContainerBase$StartChild.call(ContainerBase.java:1203)
		at org.apache.catalina.core.ContainerBase$StartChild.call(ContainerBase.java:1193)
		at java.base/java.util.concurrent.FutureTask.run(FutureTask.java:317)
		at org.apache.tomcat.util.threads.InlineExecutorService.execute(InlineExecutorService.java:82)
		at java.base/java.util.concurrent.AbstractExecutorService.submit(AbstractExecutorService.java:145)
		at org.apache.catalina.core.ContainerBase.startInternal(ContainerBase.java:749)
		at org.apache.catalina.core.StandardEngine.startInternal(StandardEngine.java:211)
		at org.apache.catalina.util.LifecycleBase.start(LifecycleBase.java:164)
		at org.apache.catalina.core.StandardService.startInternal(StandardService.java:412)
		at org.apache.catalina.util.LifecycleBase.start(LifecycleBase.java:164)
		at org.apache.catalina.core.StandardServer.startInternal(StandardServer.java:874)
		at org.apache.catalina.util.LifecycleBase.start(LifecycleBase.java:164)
		at org.apache.catalina.startup.Catalina.start(Catalina.java:739)
		at java.base/jdk.internal.reflect.DirectMethodHandleAccessor.invoke(DirectMethodHandleAccessor.java:103)
		at java.base/java.lang.reflect.Method.invoke(Method.java:580)
		at org.apache.catalina.startup.Bootstrap.start(Bootstrap.java:345)
		at org.apache.catalina.startup.Bootstrap.main(Bootstrap.java:476)
	Caused by: org.apache.catalina.LifecycleException: Failed to start component [org.apache.catalina.webresources.StandardRoot@6a57ae10]
		at org.apache.catalina.util.LifecycleBase.handleSubClassException(LifecycleBase.java:404)
		at org.apache.catalina.util.LifecycleBase.start(LifecycleBase.java:179)
		at org.apache.catalina.core.StandardContext.resourcesStart(StandardContext.java:4172)
		at org.apache.catalina.core.StandardContext.startInternal(StandardContext.java:4294)
		at org.apache.catalina.util.LifecycleBase.start(LifecycleBase.java:164)
		at org.apache.catalina.core.ContainerBase.addChildInternal(ContainerBase.java:599)
		... 35 more
	Caused by: java.lang.IllegalArgumentException: The main resource set specified [D:\UTP-8\WebIntegrado\enroute_aqp\apache-tomcat-9.0.109\webapps\enroute_aqp] is not a directory or war file, or is not readable (it does not exist or permissions to access it are missing)
		at org.apache.catalina.webresources.StandardRoot.createMainResourceSet(StandardRoot.java:758)
		at org.apache.catalina.webresources.StandardRoot.startInternal(StandardRoot.java:715)
		at org.apache.catalina.util.LifecycleBase.start(LifecycleBase.java:164)
		... 39 more
25-Sep-2025 20:39:17.284 INFO [main] org.apache.catalina.startup.HostConfig.deployDescriptor Deployment of deployment descriptor [D:\UTP-8\WebIntegrado\enroute_aqp\apache-tomcat-9.0.109\conf\Catalina\localhost\enroute_aqp.xml] has finished in [241] ms
25-Sep-2025 20:39:17.285 INFO [main] org.apache.catalina.startup.HostConfig.deployDescriptor Desplieque del descriptor de configuración [D:\UTP-8\WebIntegrado\enroute_aqp\apache-tomcat-9.0.109\conf\Catalina\localhost\Test1.xml]
25-Sep-2025 20:39:17.288 WARNING [main] org.apache.catalina.startup.HostConfig.deployDescriptor The path attribute with value [/Test1] in deployment descriptor [D:\UTP-8\WebIntegrado\enroute_aqp\apache-tomcat-9.0.109\conf\Catalina\localhost\Test1.xml] has been ignored
25-Sep-2025 20:39:17.291 WARNING [main] org.apache.catalina.startup.HostConfig.deployDescriptor Se ha especificado un docBase [D:\UTP-8\WebIntegrado\enroute_aqp\apache-tomcat-9.0.109\webapps\home\erick\NetBeansProjects\Test1\build\web] dentro del appBase de la máquina y será ignorado
25-Sep-2025 20:39:17.307 SEVERE [main] org.apache.catalina.startup.HostConfig.deployDescriptor Error durante el despliegue del descriptor de configuración [D:\UTP-8\WebIntegrado\enroute_aqp\apache-tomcat-9.0.109\conf\Catalina\localhost\Test1.xml]
	java.lang.IllegalStateException: Error starting child
		at org.apache.catalina.core.ContainerBase.addChildInternal(ContainerBase.java:602)
		at org.apache.catalina.core.ContainerBase.addChild(ContainerBase.java:571)
		at org.apache.catalina.core.StandardHost.addChild(StandardHost.java:604)
		at org.apache.catalina.startup.HostConfig.deployDescriptor(HostConfig.java:680)
		at org.apache.catalina.startup.HostConfig$DeployDescriptor.run(HostConfig.java:1839)
		at java.base/java.util.concurrent.Executors$RunnableAdapter.call(Executors.java:572)
		at java.base/java.util.concurrent.FutureTask.run(FutureTask.java:317)
		at org.apache.tomcat.util.threads.InlineExecutorService.execute(InlineExecutorService.java:82)
		at java.base/java.util.concurrent.AbstractExecutorService.submit(AbstractExecutorService.java:123)
		at org.apache.catalina.startup.HostConfig.deployDescriptors(HostConfig.java:575)
		at org.apache.catalina.startup.HostConfig.deployApps(HostConfig.java:466)
		at org.apache.catalina.startup.HostConfig.start(HostConfig.java:1579)
		at org.apache.catalina.startup.HostConfig.lifecycleEvent(HostConfig.java:312)
		at org.apache.catalina.util.LifecycleBase.fireLifecycleEvent(LifecycleBase.java:109)
		at org.apache.catalina.util.LifecycleBase.setStateInternal(LifecycleBase.java:389)
		at org.apache.catalina.util.LifecycleBase.setState(LifecycleBase.java:336)
		at org.apache.catalina.core.ContainerBase.startInternal(ContainerBase.java:776)
		at org.apache.catalina.core.StandardHost.startInternal(StandardHost.java:722)
		at org.apache.catalina.util.LifecycleBase.start(LifecycleBase.java:164)
		at org.apache.catalina.core.ContainerBase$StartChild.call(ContainerBase.java:1203)
		at org.apache.catalina.core.ContainerBase$StartChild.call(ContainerBase.java:1193)
		at java.base/java.util.concurrent.FutureTask.run(FutureTask.java:317)
		at org.apache.tomcat.util.threads.InlineExecutorService.execute(InlineExecutorService.java:82)
		at java.base/java.util.concurrent.AbstractExecutorService.submit(AbstractExecutorService.java:145)
		at org.apache.catalina.core.ContainerBase.startInternal(ContainerBase.java:749)
		at org.apache.catalina.core.StandardEngine.startInternal(StandardEngine.java:211)
		at org.apache.catalina.util.LifecycleBase.start(LifecycleBase.java:164)
		at org.apache.catalina.core.StandardService.startInternal(StandardService.java:412)
		at org.apache.catalina.util.LifecycleBase.start(LifecycleBase.java:164)
		at org.apache.catalina.core.StandardServer.startInternal(StandardServer.java:874)
		at org.apache.catalina.util.LifecycleBase.start(LifecycleBase.java:164)
		at org.apache.catalina.startup.Catalina.start(Catalina.java:739)
		at java.base/jdk.internal.reflect.DirectMethodHandleAccessor.invoke(DirectMethodHandleAccessor.java:103)
		at java.base/java.lang.reflect.Method.invoke(Method.java:580)
		at org.apache.catalina.startup.Bootstrap.start(Bootstrap.java:345)
		at org.apache.catalina.startup.Bootstrap.main(Bootstrap.java:476)
	Caused by: org.apache.catalina.LifecycleException: Failed to start component [org.apache.catalina.webresources.StandardRoot@544d57e]
		at org.apache.catalina.util.LifecycleBase.handleSubClassException(LifecycleBase.java:404)
		at org.apache.catalina.util.LifecycleBase.start(LifecycleBase.java:179)
		at org.apache.catalina.core.StandardContext.resourcesStart(StandardContext.java:4172)
		at org.apache.catalina.core.StandardContext.startInternal(StandardContext.java:4294)
		at org.apache.catalina.util.LifecycleBase.start(LifecycleBase.java:164)
		at org.apache.catalina.core.ContainerBase.addChildInternal(ContainerBase.java:599)
		... 35 more
	Caused by: java.lang.IllegalArgumentException: The main resource set specified [D:\UTP-8\WebIntegrado\enroute_aqp\apache-tomcat-9.0.109\webapps\Test1] is not a directory or war file, or is not readable (it does not exist or permissions to access it are missing)
		at org.apache.catalina.webresources.StandardRoot.createMainResourceSet(StandardRoot.java:758)
		at org.apache.catalina.webresources.StandardRoot.startInternal(StandardRoot.java:715)
		at org.apache.catalina.util.LifecycleBase.start(LifecycleBase.java:164)
		... 39 more
25-Sep-2025 20:39:17.340 INFO [main] org.apache.catalina.startup.HostConfig.deployDescriptor Deployment of deployment descriptor [D:\UTP-8\WebIntegrado\enroute_aqp\apache-tomcat-9.0.109\conf\Catalina\localhost\Test1.xml] has finished in [54] ms
25-Sep-2025 20:39:17.342 INFO [main] org.apache.catalina.startup.HostConfig.deployDirectory Desplegando el directorio [D:\UTP-8\WebIntegrado\enroute_aqp\apache-tomcat-9.0.109\webapps\docs] de la aplicación web
25-Sep-2025 20:39:18.178 INFO [main] org.apache.catalina.startup.HostConfig.deployDirectory Deployment of web application directory [D:\UTP-8\WebIntegrado\enroute_aqp\apache-tomcat-9.0.109\webapps\docs] has finished in [835] ms
25-Sep-2025 20:39:18.179 INFO [main] org.apache.catalina.startup.HostConfig.deployDirectory Desplegando el directorio [D:\UTP-8\WebIntegrado\enroute_aqp\apache-tomcat-9.0.109\webapps\examples] de la aplicación web
25-Sep-2025 20:39:19.617 INFO [main] org.apache.catalina.startup.HostConfig.deployDirectory Deployment of web application directory [D:\UTP-8\WebIntegrado\enroute_aqp\apache-tomcat-9.0.109\webapps\examples] has finished in [1.439] ms
25-Sep-2025 20:39:19.618 INFO [main] org.apache.catalina.startup.HostConfig.deployDirectory Desplegando el directorio [D:\UTP-8\WebIntegrado\enroute_aqp\apache-tomcat-9.0.109\webapps\host-manager] de la aplicación web
25-Sep-2025 20:39:19.725 INFO [main] org.apache.catalina.startup.HostConfig.deployDirectory Deployment of web application directory [D:\UTP-8\WebIntegrado\enroute_aqp\apache-tomcat-9.0.109\webapps\host-manager] has finished in [107] ms
25-Sep-2025 20:39:19.726 INFO [main] org.apache.catalina.startup.HostConfig.deployDirectory Desplegando el directorio [D:\UTP-8\WebIntegrado\enroute_aqp\apache-tomcat-9.0.109\webapps\manager] de la aplicación web
25-Sep-2025 20:39:19.828 INFO [main] org.apache.catalina.startup.HostConfig.deployDirectory Deployment of web application directory [D:\UTP-8\WebIntegrado\enroute_aqp\apache-tomcat-9.0.109\webapps\manager] has finished in [102] ms
25-Sep-2025 20:39:19.830 INFO [main] org.apache.catalina.startup.HostConfig.deployDirectory Desplegando el directorio [D:\UTP-8\WebIntegrado\enroute_aqp\apache-tomcat-9.0.109\webapps\ROOT] de la aplicación web
25-Sep-2025 20:39:19.917 INFO [main] org.apache.catalina.startup.HostConfig.deployDirectory Deployment of web application directory [D:\UTP-8\WebIntegrado\enroute_aqp\apache-tomcat-9.0.109\webapps\ROOT] has finished in [88] ms
25-Sep-2025 20:39:19.929 INFO [main] org.apache.coyote.AbstractProtocol.start Starting ProtocolHandler ["http-nio-8080"]
25-Sep-2025 20:39:20.003 INFO [main] org.apache.catalina.startup.Catalina.start Server startup in [3202] milliseconds
25-Sep-2025 20:39:26.223 INFO [http-nio-8080-exec-9] org.apache.catalina.startup.HostConfig.undeploy Repliegue (undeploy) de la aplicación web que tiene como trayectoria de contexto [/enroute_aqp]
25-Sep-2025 20:39:26.321 INFO [http-nio-8080-exec-10] org.apache.catalina.startup.HostConfig.deployDescriptor Desplieque del descriptor de configuración [D:\UTP-8\WebIntegrado\enroute_aqp\apache-tomcat-9.0.109\conf\Catalina\localhost\enroute_aqp.xml]
25-Sep-2025 20:39:26.324 WARNING [http-nio-8080-exec-10] org.apache.catalina.startup.HostConfig.deployDescriptor The path attribute with value [/enroute_aqp] in deployment descriptor [D:\UTP-8\WebIntegrado\enroute_aqp\apache-tomcat-9.0.109\conf\Catalina\localhost\enroute_aqp.xml] has been ignored
25-Sep-2025 20:39:28.320 INFO [http-nio-8080-exec-10] org.apache.jasper.servlet.TldScanner.scanJars Al menos un JAR, que se ha explorado buscando TLDs, aún no contenía TLDs. Activar historial de depuración para este historiador para una completa lista de los JARs que fueron explorados y de los que nos se halló TLDs. Saltarse JARs no necesarios durante la exploración puede dar lugar a una mejora de tiempo significativa en el arranque y compilación de JSP .
25-Sep-2025 20:39:28.425 INFO [http-nio-8080-exec-10] org.apache.catalina.startup.HostConfig.deployDescriptor Deployment of deployment descriptor [D:\UTP-8\WebIntegrado\enroute_aqp\apache-tomcat-9.0.109\conf\Catalina\localhost\enroute_aqp.xml] has finished in [2.103] ms
25-Sep-2025 20:39:28.433 INFO [http-nio-8080-exec-6] org.apache.catalina.util.LifecycleBase.start The start() method was called on component [StandardEngine[Catalina].StandardHost[localhost].StandardContext[/enroute_aqp]] after start() had already been called. The second call will be ignored.
25-Sep-2025 21:04:50.121 INFO [main] org.apache.catalina.core.StandardServer.await Se ha recibido un comando de apagado a través del puerto de apagado. Parando la instancia del Servidor.
25-Sep-2025 21:04:50.129 INFO [main] org.apache.coyote.AbstractProtocol.pause Pausing ProtocolHandler ["http-nio-8080"]
25-Sep-2025 21:04:50.143 INFO [main] org.apache.catalina.core.StandardService.stopInternal Parando servicio [Catalina]
25-Sep-2025 21:04:50.350 WARNING [main] org.apache.catalina.loader.WebappClassLoaderBase.clearReferencesJdbc La aplicación web [enroute_aqp] registró el conductor JDBC [com.mysql.cj.jdbc.Driver] pero falló al anular el registro mientras la aplicación web estaba parada. Para prevenir un fallo de memoria, se ha anulado el registro del conductor JDBC por la fuerza.
25-Sep-2025 21:04:50.353 WARNING [main] org.apache.catalina.loader.WebappClassLoaderBase.clearReferencesThreads The web application [enroute_aqp] appears to have started a thread named [mysql-cj-abandoned-connection-cleanup] but has failed to stop it. This is very likely to create a memory leak. Stack trace of thread:
 java.base/jdk.internal.misc.Unsafe.park(Native Method)
 java.base/java.util.concurrent.locks.LockSupport.parkNanos(LockSupport.java:269)
 java.base/java.util.concurrent.locks.AbstractQueuedSynchronizer$ConditionObject.await(AbstractQueuedSynchronizer.java:1847)
 java.base/java.lang.ref.ReferenceQueue.await(ReferenceQueue.java:71)
 java.base/java.lang.ref.ReferenceQueue.remove0(ReferenceQueue.java:143)
 java.base/java.lang.ref.ReferenceQueue.remove(ReferenceQueue.java:218)
 com.mysql.cj.jdbc.AbandonedConnectionCleanupThread.run(AbandonedConnectionCleanupThread.java:84)
 java.base/java.util.concurrent.ThreadPoolExecutor.runWorker(ThreadPoolExecutor.java:1144)
 java.base/java.util.concurrent.ThreadPoolExecutor$Worker.run(ThreadPoolExecutor.java:642)
 java.base/java.lang.Thread.run(Thread.java:1583)
25-Sep-2025 21:04:50.387 INFO [main] org.apache.coyote.AbstractProtocol.stop Stopping ProtocolHandler ["http-nio-8080"]
25-Sep-2025 21:04:50.413 INFO [main] org.apache.coyote.AbstractProtocol.destroy Destroying ProtocolHandler ["http-nio-8080"]
