21-Sep-2025 15:49:17.964 INFO [main] org.apache.catalina.startup.VersionLoggerListener.log Nombre de la versión del servidor: Apache Tomcat/9.0.109
21-Sep-2025 15:49:17.968 INFO [main] org.apache.catalina.startup.VersionLoggerListener.log Server built:                      Sep 1 2025 12:15:33 UTC
21-Sep-2025 15:49:17.968 INFO [main] org.apache.catalina.startup.VersionLoggerListener.log Número de versión de servidor:     9.0.109.0
21-Sep-2025 15:49:17.968 INFO [main] org.apache.catalina.startup.VersionLoggerListener.log OS Name:                           Linux
21-Sep-2025 15:49:17.968 INFO [main] org.apache.catalina.startup.VersionLoggerListener.log Versión de Systema Operativo:      6.8.0-83-generic
21-Sep-2025 15:49:17.968 INFO [main] org.apache.catalina.startup.VersionLoggerListener.log Arquitectura:                      amd64
21-Sep-2025 15:49:17.968 INFO [main] org.apache.catalina.startup.VersionLoggerListener.log Java Home:                         /usr/lib/jvm/jdk-21.0.7-oracle-x64
21-Sep-2025 15:49:17.968 INFO [main] org.apache.catalina.startup.VersionLoggerListener.log JVM Version:                       21.0.7+8-LTS-245
21-Sep-2025 15:49:17.968 INFO [main] org.apache.catalina.startup.VersionLoggerListener.log Vededor JVM:                       Oracle Corporation
21-Sep-2025 15:49:17.969 INFO [main] org.apache.catalina.startup.VersionLoggerListener.log CATALINA_BASE:                     /media/erick/Datos/Erick/Documentos/UTP/web integrado/enroute_aqp/apache-tomcat-9.0.109
21-Sep-2025 15:49:17.969 INFO [main] org.apache.catalina.startup.VersionLoggerListener.log CATALINA_HOME:                     /media/erick/Datos/Erick/Documentos/UTP/web integrado/enroute_aqp/apache-tomcat-9.0.109
21-Sep-2025 15:49:17.973 INFO [main] org.apache.catalina.startup.VersionLoggerListener.log Command line argument:             --add-opens=java.base/java.lang=ALL-UNNAMED
21-Sep-2025 15:49:17.973 INFO [main] org.apache.catalina.startup.VersionLoggerListener.log Command line argument:             --add-opens=java.base/java.lang.invoke=ALL-UNNAMED
21-Sep-2025 15:49:17.973 INFO [main] org.apache.catalina.startup.VersionLoggerListener.log Command line argument:             --add-opens=java.base/java.lang.reflect=ALL-UNNAMED
21-Sep-2025 15:49:17.973 INFO [main] org.apache.catalina.startup.VersionLoggerListener.log Command line argument:             --add-opens=java.base/java.io=ALL-UNNAMED
21-Sep-2025 15:49:17.973 INFO [main] org.apache.catalina.startup.VersionLoggerListener.log Command line argument:             --add-opens=java.base/java.util=ALL-UNNAMED
21-Sep-2025 15:49:17.974 INFO [main] org.apache.catalina.startup.VersionLoggerListener.log Command line argument:             --add-opens=java.base/java.util.concurrent=ALL-UNNAMED
21-Sep-2025 15:49:17.974 INFO [main] org.apache.catalina.startup.VersionLoggerListener.log Command line argument:             --add-opens=java.rmi/sun.rmi.transport=ALL-UNNAMED
21-Sep-2025 15:49:17.974 INFO [main] org.apache.catalina.startup.VersionLoggerListener.log Command line argument:             -Djava.util.logging.config.file=/media/erick/Datos/Erick/Documentos/UTP/web integrado/enroute_aqp/apache-tomcat-9.0.109/conf/logging.properties
21-Sep-2025 15:49:17.974 INFO [main] org.apache.catalina.startup.VersionLoggerListener.log Command line argument:             -Djava.util.logging.manager=org.apache.juli.ClassLoaderLogManager
21-Sep-2025 15:49:17.974 INFO [main] org.apache.catalina.startup.VersionLoggerListener.log Command line argument:             -Dhttp.nonProxyHosts=localhost|127.0.0.1|erick-ASUS-TUF-A15
21-Sep-2025 15:49:17.974 INFO [main] org.apache.catalina.startup.VersionLoggerListener.log Command line argument:             -Djdk.tls.ephemeralDHKeySize=2048
21-Sep-2025 15:49:17.974 INFO [main] org.apache.catalina.startup.VersionLoggerListener.log Command line argument:             -Djava.protocol.handler.pkgs=org.apache.catalina.webresources
21-Sep-2025 15:49:17.974 INFO [main] org.apache.catalina.startup.VersionLoggerListener.log Command line argument:             -Dsun.io.useCanonCaches=false
21-Sep-2025 15:49:17.974 INFO [main] org.apache.catalina.startup.VersionLoggerListener.log Command line argument:             -Dorg.apache.catalina.security.SecurityListener.UMASK=0027
21-Sep-2025 15:49:17.974 INFO [main] org.apache.catalina.startup.VersionLoggerListener.log Command line argument:             -Dignore.endorsed.dirs=
21-Sep-2025 15:49:17.974 INFO [main] org.apache.catalina.startup.VersionLoggerListener.log Command line argument:             -Dcatalina.base=/media/erick/Datos/Erick/Documentos/UTP/web integrado/enroute_aqp/apache-tomcat-9.0.109
21-Sep-2025 15:49:17.974 INFO [main] org.apache.catalina.startup.VersionLoggerListener.log Command line argument:             -Dcatalina.home=/media/erick/Datos/Erick/Documentos/UTP/web integrado/enroute_aqp/apache-tomcat-9.0.109
21-Sep-2025 15:49:17.974 INFO [main] org.apache.catalina.startup.VersionLoggerListener.log Command line argument:             -Djava.io.tmpdir=/media/erick/Datos/Erick/Documentos/UTP/web integrado/enroute_aqp/apache-tomcat-9.0.109/temp
21-Sep-2025 15:49:17.977 INFO [main] org.apache.catalina.core.AprLifecycleListener.lifecycleEvent La biblioteca nativa de Apache Tomcat basada en ARP que permite un rendimiento óptimo en entornos de desarrollo no ha sido hallada en java.library.path: [/usr/java/packages/lib:/usr/lib64:/lib64:/lib:/usr/lib]
21-Sep-2025 15:49:18.210 INFO [main] org.apache.coyote.AbstractProtocol.init Inicializando el manejador de protocolo ["http-nio-8080"]

21-Sep-2025 15:49:18.228 INFO [main] org.apache.catalina.startup.Catalina.load Server initialization in [477] milliseconds
21-Sep-2025 15:49:18.274 INFO [main] org.apache.catalina.core.StandardService.startInternal Arrancando servicio [Catalina]
21-Sep-2025 15:49:18.274 INFO [main] org.apache.catalina.core.StandardEngine.startInternal Starting Servlet engine: [Apache Tomcat/9.0.109]
21-Sep-2025 15:49:18.285 INFO [main] org.apache.catalina.startup.HostConfig.deployDescriptor Desplieque del descriptor de configuración [/media/erick/Datos/Erick/Documentos/UTP/web integrado/enroute_aqp/apache-tomcat-9.0.109/conf/Catalina/localhost/Enroute_Aqp.xml]
21-Sep-2025 15:49:18.298 WARNING [main] org.apache.catalina.startup.HostConfig.deployDescriptor The path attribute with value [/Enroute_Aqp] in deployment descriptor [/media/erick/Datos/Erick/Documentos/UTP/web integrado/enroute_aqp/apache-tomcat-9.0.109/conf/Catalina/localhost/Enroute_Aqp.xml] has been ignored
21-Sep-2025 15:49:18.326 SEVERE [main] org.apache.catalina.startup.HostConfig.deployDescriptor Error durante el despliegue del descriptor de configuración [/media/erick/Datos/Erick/Documentos/UTP/web integrado/enroute_aqp/apache-tomcat-9.0.109/conf/Catalina/localhost/Enroute_Aqp.xml]
	java.lang.IllegalStateException: Error starting child
		at org.apache.catalina.core.ContainerBase.addChildInternal(ContainerBase.java:602)
		at org.apache.catalina.core.ContainerBase.addChild(ContainerBase.java:571)
		at org.apache.catalina.core.StandardHost.addChild(StandardHost.java:604)
		at org.apache.catalina.startup.HostConfig.deployDescriptor(HostConfig.java:680)
		at org.apache.catalina.startup.HostConfig$DeployDescriptor.run(HostConfig.java:1839)
		at java.base/java.util.concurrent.Executors$RunnableAdapter.call(Executors.java:572)
		at java.base/java.util.concurrent.FutureTask.run(FutureTask.java:317)
		at org.apache.tomcat.util.threads.InlineExecutorService.execute(InlineExecutorService.java:82)
		at java.base/java.util.concurrent.AbstractExecutorService.submit(AbstractExecutorService.java:123)
		at org.apache.catalina.startup.HostConfig.deployDescriptors(HostConfig.java:575)
		at org.apache.catalina.startup.HostConfig.deployApps(HostConfig.java:466)
		at org.apache.catalina.startup.HostConfig.start(HostConfig.java:1579)
		at org.apache.catalina.startup.HostConfig.lifecycleEvent(HostConfig.java:312)
		at org.apache.catalina.util.LifecycleBase.fireLifecycleEvent(LifecycleBase.java:109)
		at org.apache.catalina.util.LifecycleBase.setStateInternal(LifecycleBase.java:389)
		at org.apache.catalina.util.LifecycleBase.setState(LifecycleBase.java:336)
		at org.apache.catalina.core.ContainerBase.startInternal(ContainerBase.java:776)
		at org.apache.catalina.core.StandardHost.startInternal(StandardHost.java:722)
		at org.apache.catalina.util.LifecycleBase.start(LifecycleBase.java:164)
		at org.apache.catalina.core.ContainerBase$StartChild.call(ContainerBase.java:1203)
		at org.apache.catalina.core.ContainerBase$StartChild.call(ContainerBase.java:1193)
		at java.base/java.util.concurrent.FutureTask.run(FutureTask.java:317)
		at org.apache.tomcat.util.threads.InlineExecutorService.execute(InlineExecutorService.java:82)
		at java.base/java.util.concurrent.AbstractExecutorService.submit(AbstractExecutorService.java:145)
		at org.apache.catalina.core.ContainerBase.startInternal(ContainerBase.java:749)
		at org.apache.catalina.core.StandardEngine.startInternal(StandardEngine.java:211)
		at org.apache.catalina.util.LifecycleBase.start(LifecycleBase.java:164)
		at org.apache.catalina.core.StandardService.startInternal(StandardService.java:412)
		at org.apache.catalina.util.LifecycleBase.start(LifecycleBase.java:164)
		at org.apache.catalina.core.StandardServer.startInternal(StandardServer.java:874)
		at org.apache.catalina.util.LifecycleBase.start(LifecycleBase.java:164)
		at org.apache.catalina.startup.Catalina.start(Catalina.java:739)
		at java.base/jdk.internal.reflect.DirectMethodHandleAccessor.invoke(DirectMethodHandleAccessor.java:103)
		at java.base/java.lang.reflect.Method.invoke(Method.java:580)
		at org.apache.catalina.startup.Bootstrap.start(Bootstrap.java:345)
		at org.apache.catalina.startup.Bootstrap.main(Bootstrap.java:476)
	Caused by: org.apache.catalina.LifecycleException: Failed to start component [org.apache.catalina.webresources.StandardRoot@4b5189ac]
		at org.apache.catalina.util.LifecycleBase.handleSubClassException(LifecycleBase.java:404)
		at org.apache.catalina.util.LifecycleBase.start(LifecycleBase.java:179)
		at org.apache.catalina.core.StandardContext.resourcesStart(StandardContext.java:4172)
		at org.apache.catalina.core.StandardContext.startInternal(StandardContext.java:4294)
		at org.apache.catalina.util.LifecycleBase.start(LifecycleBase.java:164)
		at org.apache.catalina.core.ContainerBase.addChildInternal(ContainerBase.java:599)
		... 35 more
	Caused by: java.lang.IllegalArgumentException: The main resource set specified [/home/erick/Documentos/UTP/web integrado/enroute_aqp/Enroute Aqp/build/web] is not a directory or war file, or is not readable (it does not exist or permissions to access it are missing)
		at org.apache.catalina.webresources.StandardRoot.createMainResourceSet(StandardRoot.java:758)
		at org.apache.catalina.webresources.StandardRoot.startInternal(StandardRoot.java:715)
		at org.apache.catalina.util.LifecycleBase.start(LifecycleBase.java:164)
		... 39 more
21-Sep-2025 15:49:18.330 INFO [main] org.apache.catalina.startup.HostConfig.deployDescriptor Deployment of deployment descriptor [/media/erick/Datos/Erick/Documentos/UTP/web integrado/enroute_aqp/apache-tomcat-9.0.109/conf/Catalina/localhost/Enroute_Aqp.xml] has finished in [43] ms
21-Sep-2025 15:49:18.331 INFO [main] org.apache.catalina.startup.HostConfig.deployDescriptor Desplieque del descriptor de configuración [/media/erick/Datos/Erick/Documentos/UTP/web integrado/enroute_aqp/apache-tomcat-9.0.109/conf/Catalina/localhost/Enroute_aqp.xml]
21-Sep-2025 15:49:18.331 WARNING [main] org.apache.catalina.startup.HostConfig.deployDescriptor The path attribute with value [/Enroute_aqp] in deployment descriptor [/media/erick/Datos/Erick/Documentos/UTP/web integrado/enroute_aqp/apache-tomcat-9.0.109/conf/Catalina/localhost/Enroute_aqp.xml] has been ignored
21-Sep-2025 15:49:18.686 INFO [main] org.apache.catalina.startup.HostConfig.deployDescriptor Deployment of deployment descriptor [/media/erick/Datos/Erick/Documentos/UTP/web integrado/enroute_aqp/apache-tomcat-9.0.109/conf/Catalina/localhost/Enroute_aqp.xml] has finished in [354] ms
21-Sep-2025 15:49:18.686 INFO [main] org.apache.catalina.startup.HostConfig.deployDirectory Desplegando el directorio [/media/erick/Datos/Erick/Documentos/UTP/web integrado/enroute_aqp/apache-tomcat-9.0.109/webapps/docs] de la aplicación web
21-Sep-2025 15:49:18.767 INFO [main] org.apache.catalina.startup.HostConfig.deployDirectory Deployment of web application directory [/media/erick/Datos/Erick/Documentos/UTP/web integrado/enroute_aqp/apache-tomcat-9.0.109/webapps/docs] has finished in [80] ms
21-Sep-2025 15:49:18.767 INFO [main] org.apache.catalina.startup.HostConfig.deployDirectory Desplegando el directorio [/media/erick/Datos/Erick/Documentos/UTP/web integrado/enroute_aqp/apache-tomcat-9.0.109/webapps/examples] de la aplicación web
21-Sep-2025 15:49:19.597 INFO [main] org.apache.catalina.startup.HostConfig.deployDirectory Deployment of web application directory [/media/erick/Datos/Erick/Documentos/UTP/web integrado/enroute_aqp/apache-tomcat-9.0.109/webapps/examples] has finished in [829] ms
21-Sep-2025 15:49:19.597 INFO [main] org.apache.catalina.startup.HostConfig.deployDirectory Desplegando el directorio [/media/erick/Datos/Erick/Documentos/UTP/web integrado/enroute_aqp/apache-tomcat-9.0.109/webapps/host-manager] de la aplicación web
21-Sep-2025 15:49:19.700 INFO [main] org.apache.catalina.startup.HostConfig.deployDirectory Deployment of web application directory [/media/erick/Datos/Erick/Documentos/UTP/web integrado/enroute_aqp/apache-tomcat-9.0.109/webapps/host-manager] has finished in [103] ms
21-Sep-2025 15:49:19.700 INFO [main] org.apache.catalina.startup.HostConfig.deployDirectory Desplegando el directorio [/media/erick/Datos/Erick/Documentos/UTP/web integrado/enroute_aqp/apache-tomcat-9.0.109/webapps/manager] de la aplicación web
21-Sep-2025 15:49:19.784 INFO [main] org.apache.catalina.startup.HostConfig.deployDirectory Deployment of web application directory [/media/erick/Datos/Erick/Documentos/UTP/web integrado/enroute_aqp/apache-tomcat-9.0.109/webapps/manager] has finished in [84] ms
21-Sep-2025 15:49:19.785 INFO [main] org.apache.catalina.startup.HostConfig.deployDirectory Desplegando el directorio [/media/erick/Datos/Erick/Documentos/UTP/web integrado/enroute_aqp/apache-tomcat-9.0.109/webapps/ROOT] de la aplicación web
21-Sep-2025 15:49:19.852 INFO [main] org.apache.catalina.startup.HostConfig.deployDirectory Deployment of web application directory [/media/erick/Datos/Erick/Documentos/UTP/web integrado/enroute_aqp/apache-tomcat-9.0.109/webapps/ROOT] has finished in [67] ms
21-Sep-2025 15:49:19.856 INFO [main] org.apache.coyote.AbstractProtocol.start Starting ProtocolHandler ["http-nio-8080"]
21-Sep-2025 15:49:19.865 INFO [main] org.apache.catalina.startup.Catalina.start Server startup in [1636] milliseconds
21-Sep-2025 15:51:54.330 INFO [main] org.apache.catalina.core.StandardServer.await Se ha recibido un comando de apagado a través del puerto de apagado. Parando la instancia del Servidor.
21-Sep-2025 15:51:54.330 INFO [main] org.apache.coyote.AbstractProtocol.pause Pausing ProtocolHandler ["http-nio-8080"]
21-Sep-2025 15:51:54.332 INFO [main] org.apache.catalina.core.StandardService.stopInternal Parando servicio [Catalina]
21-Sep-2025 15:51:54.347 INFO [main] org.apache.coyote.AbstractProtocol.stop Stopping ProtocolHandler ["http-nio-8080"]
21-Sep-2025 15:51:54.354 INFO [main] org.apache.coyote.AbstractProtocol.destroy Destroying ProtocolHandler ["http-nio-8080"]
21-Sep-2025 15:51:57.504 INFO [main] org.apache.catalina.startup.VersionLoggerListener.log Nombre de la versión del servidor: Apache Tomcat/9.0.109
21-Sep-2025 15:51:57.507 INFO [main] org.apache.catalina.startup.VersionLoggerListener.log Server built:                      Sep 1 2025 12:15:33 UTC
21-Sep-2025 15:51:57.507 INFO [main] org.apache.catalina.startup.VersionLoggerListener.log Número de versión de servidor:     9.0.109.0
21-Sep-2025 15:51:57.507 INFO [main] org.apache.catalina.startup.VersionLoggerListener.log OS Name:                           Linux
21-Sep-2025 15:51:57.507 INFO [main] org.apache.catalina.startup.VersionLoggerListener.log Versión de Systema Operativo:      6.8.0-83-generic
21-Sep-2025 15:51:57.507 INFO [main] org.apache.catalina.startup.VersionLoggerListener.log Arquitectura:                      amd64
21-Sep-2025 15:51:57.507 INFO [main] org.apache.catalina.startup.VersionLoggerListener.log Java Home:                         /usr/lib/jvm/jdk-21.0.7-oracle-x64
21-Sep-2025 15:51:57.507 INFO [main] org.apache.catalina.startup.VersionLoggerListener.log JVM Version:                       21.0.7+8-LTS-245
21-Sep-2025 15:51:57.507 INFO [main] org.apache.catalina.startup.VersionLoggerListener.log Vededor JVM:                       Oracle Corporation
21-Sep-2025 15:51:57.508 INFO [main] org.apache.catalina.startup.VersionLoggerListener.log CATALINA_BASE:                     /media/erick/Datos/Erick/Documentos/UTP/web integrado/enroute_aqp/apache-tomcat-9.0.109
21-Sep-2025 15:51:57.508 INFO [main] org.apache.catalina.startup.VersionLoggerListener.log CATALINA_HOME:                     /media/erick/Datos/Erick/Documentos/UTP/web integrado/enroute_aqp/apache-tomcat-9.0.109
21-Sep-2025 15:51:57.513 INFO [main] org.apache.catalina.startup.VersionLoggerListener.log Command line argument:             --add-opens=java.base/java.lang=ALL-UNNAMED
21-Sep-2025 15:51:57.513 INFO [main] org.apache.catalina.startup.VersionLoggerListener.log Command line argument:             --add-opens=java.base/java.lang.invoke=ALL-UNNAMED
21-Sep-2025 15:51:57.513 INFO [main] org.apache.catalina.startup.VersionLoggerListener.log Command line argument:             --add-opens=java.base/java.lang.reflect=ALL-UNNAMED
21-Sep-2025 15:51:57.513 INFO [main] org.apache.catalina.startup.VersionLoggerListener.log Command line argument:             --add-opens=java.base/java.io=ALL-UNNAMED
21-Sep-2025 15:51:57.513 INFO [main] org.apache.catalina.startup.VersionLoggerListener.log Command line argument:             --add-opens=java.base/java.util=ALL-UNNAMED
21-Sep-2025 15:51:57.513 INFO [main] org.apache.catalina.startup.VersionLoggerListener.log Command line argument:             --add-opens=java.base/java.util.concurrent=ALL-UNNAMED
21-Sep-2025 15:51:57.513 INFO [main] org.apache.catalina.startup.VersionLoggerListener.log Command line argument:             --add-opens=java.rmi/sun.rmi.transport=ALL-UNNAMED
21-Sep-2025 15:51:57.513 INFO [main] org.apache.catalina.startup.VersionLoggerListener.log Command line argument:             -Djava.util.logging.config.file=/media/erick/Datos/Erick/Documentos/UTP/web integrado/enroute_aqp/apache-tomcat-9.0.109/conf/logging.properties
21-Sep-2025 15:51:57.514 INFO [main] org.apache.catalina.startup.VersionLoggerListener.log Command line argument:             -Djava.util.logging.manager=org.apache.juli.ClassLoaderLogManager
21-Sep-2025 15:51:57.514 INFO [main] org.apache.catalina.startup.VersionLoggerListener.log Command line argument:             -Dhttp.nonProxyHosts=localhost|127.0.0.1|erick-ASUS-TUF-A15
21-Sep-2025 15:51:57.514 INFO [main] org.apache.catalina.startup.VersionLoggerListener.log Command line argument:             -Djdk.tls.ephemeralDHKeySize=2048
21-Sep-2025 15:51:57.514 INFO [main] org.apache.catalina.startup.VersionLoggerListener.log Command line argument:             -Djava.protocol.handler.pkgs=org.apache.catalina.webresources
21-Sep-2025 15:51:57.514 INFO [main] org.apache.catalina.startup.VersionLoggerListener.log Command line argument:             -Dsun.io.useCanonCaches=false
21-Sep-2025 15:51:57.514 INFO [main] org.apache.catalina.startup.VersionLoggerListener.log Command line argument:             -Dorg.apache.catalina.security.SecurityListener.UMASK=0027
21-Sep-2025 15:51:57.514 INFO [main] org.apache.catalina.startup.VersionLoggerListener.log Command line argument:             -Dignore.endorsed.dirs=
21-Sep-2025 15:51:57.514 INFO [main] org.apache.catalina.startup.VersionLoggerListener.log Command line argument:             -Dcatalina.base=/media/erick/Datos/Erick/Documentos/UTP/web integrado/enroute_aqp/apache-tomcat-9.0.109
21-Sep-2025 15:51:57.514 INFO [main] org.apache.catalina.startup.VersionLoggerListener.log Command line argument:             -Dcatalina.home=/media/erick/Datos/Erick/Documentos/UTP/web integrado/enroute_aqp/apache-tomcat-9.0.109
21-Sep-2025 15:51:57.514 INFO [main] org.apache.catalina.startup.VersionLoggerListener.log Command line argument:             -Djava.io.tmpdir=/media/erick/Datos/Erick/Documentos/UTP/web integrado/enroute_aqp/apache-tomcat-9.0.109/temp
21-Sep-2025 15:51:57.517 INFO [main] org.apache.catalina.core.AprLifecycleListener.lifecycleEvent La biblioteca nativa de Apache Tomcat basada en ARP que permite un rendimiento óptimo en entornos de desarrollo no ha sido hallada en java.library.path: [/usr/java/packages/lib:/usr/lib64:/lib64:/lib:/usr/lib]
21-Sep-2025 15:51:57.749 INFO [main] org.apache.coyote.AbstractProtocol.init Inicializando el manejador de protocolo ["http-nio-8080"]

21-Sep-2025 15:51:57.769 INFO [main] org.apache.catalina.startup.Catalina.load Server initialization in [417] milliseconds
21-Sep-2025 15:51:57.804 INFO [main] org.apache.catalina.core.StandardService.startInternal Arrancando servicio [Catalina]
21-Sep-2025 15:51:57.805 INFO [main] org.apache.catalina.core.StandardEngine.startInternal Starting Servlet engine: [Apache Tomcat/9.0.109]
21-Sep-2025 15:51:57.811 INFO [main] org.apache.catalina.startup.HostConfig.deployDescriptor Desplieque del descriptor de configuración [/media/erick/Datos/Erick/Documentos/UTP/web integrado/enroute_aqp/apache-tomcat-9.0.109/conf/Catalina/localhost/Enroute_Aqp.xml]
21-Sep-2025 15:51:57.827 WARNING [main] org.apache.catalina.startup.HostConfig.deployDescriptor The path attribute with value [/Enroute_Aqp] in deployment descriptor [/media/erick/Datos/Erick/Documentos/UTP/web integrado/enroute_aqp/apache-tomcat-9.0.109/conf/Catalina/localhost/Enroute_Aqp.xml] has been ignored
21-Sep-2025 15:51:57.849 SEVERE [main] org.apache.catalina.startup.HostConfig.deployDescriptor Error durante el despliegue del descriptor de configuración [/media/erick/Datos/Erick/Documentos/UTP/web integrado/enroute_aqp/apache-tomcat-9.0.109/conf/Catalina/localhost/Enroute_Aqp.xml]
	java.lang.IllegalStateException: Error starting child
		at org.apache.catalina.core.ContainerBase.addChildInternal(ContainerBase.java:602)
		at org.apache.catalina.core.ContainerBase.addChild(ContainerBase.java:571)
		at org.apache.catalina.core.StandardHost.addChild(StandardHost.java:604)
		at org.apache.catalina.startup.HostConfig.deployDescriptor(HostConfig.java:680)
		at org.apache.catalina.startup.HostConfig$DeployDescriptor.run(HostConfig.java:1839)
		at java.base/java.util.concurrent.Executors$RunnableAdapter.call(Executors.java:572)
		at java.base/java.util.concurrent.FutureTask.run(FutureTask.java:317)
		at org.apache.tomcat.util.threads.InlineExecutorService.execute(InlineExecutorService.java:82)
		at java.base/java.util.concurrent.AbstractExecutorService.submit(AbstractExecutorService.java:123)
		at org.apache.catalina.startup.HostConfig.deployDescriptors(HostConfig.java:575)
		at org.apache.catalina.startup.HostConfig.deployApps(HostConfig.java:466)
		at org.apache.catalina.startup.HostConfig.start(HostConfig.java:1579)
		at org.apache.catalina.startup.HostConfig.lifecycleEvent(HostConfig.java:312)
		at org.apache.catalina.util.LifecycleBase.fireLifecycleEvent(LifecycleBase.java:109)
		at org.apache.catalina.util.LifecycleBase.setStateInternal(LifecycleBase.java:389)
		at org.apache.catalina.util.LifecycleBase.setState(LifecycleBase.java:336)
		at org.apache.catalina.core.ContainerBase.startInternal(ContainerBase.java:776)
		at org.apache.catalina.core.StandardHost.startInternal(StandardHost.java:722)
		at org.apache.catalina.util.LifecycleBase.start(LifecycleBase.java:164)
		at org.apache.catalina.core.ContainerBase$StartChild.call(ContainerBase.java:1203)
		at org.apache.catalina.core.ContainerBase$StartChild.call(ContainerBase.java:1193)
		at java.base/java.util.concurrent.FutureTask.run(FutureTask.java:317)
		at org.apache.tomcat.util.threads.InlineExecutorService.execute(InlineExecutorService.java:82)
		at java.base/java.util.concurrent.AbstractExecutorService.submit(AbstractExecutorService.java:145)
		at org.apache.catalina.core.ContainerBase.startInternal(ContainerBase.java:749)
		at org.apache.catalina.core.StandardEngine.startInternal(StandardEngine.java:211)
		at org.apache.catalina.util.LifecycleBase.start(LifecycleBase.java:164)
		at org.apache.catalina.core.StandardService.startInternal(StandardService.java:412)
		at org.apache.catalina.util.LifecycleBase.start(LifecycleBase.java:164)
		at org.apache.catalina.core.StandardServer.startInternal(StandardServer.java:874)
		at org.apache.catalina.util.LifecycleBase.start(LifecycleBase.java:164)
		at org.apache.catalina.startup.Catalina.start(Catalina.java:739)
		at java.base/jdk.internal.reflect.DirectMethodHandleAccessor.invoke(DirectMethodHandleAccessor.java:103)
		at java.base/java.lang.reflect.Method.invoke(Method.java:580)
		at org.apache.catalina.startup.Bootstrap.start(Bootstrap.java:345)
		at org.apache.catalina.startup.Bootstrap.main(Bootstrap.java:476)
	Caused by: org.apache.catalina.LifecycleException: Failed to start component [org.apache.catalina.webresources.StandardRoot@f14a7d4]
		at org.apache.catalina.util.LifecycleBase.handleSubClassException(LifecycleBase.java:404)
		at org.apache.catalina.util.LifecycleBase.start(LifecycleBase.java:179)
		at org.apache.catalina.core.StandardContext.resourcesStart(StandardContext.java:4172)
		at org.apache.catalina.core.StandardContext.startInternal(StandardContext.java:4294)
		at org.apache.catalina.util.LifecycleBase.start(LifecycleBase.java:164)
		at org.apache.catalina.core.ContainerBase.addChildInternal(ContainerBase.java:599)
		... 35 more
	Caused by: java.lang.IllegalArgumentException: The main resource set specified [/home/erick/Documentos/UTP/web integrado/enroute_aqp/Enroute Aqp/build/web] is not a directory or war file, or is not readable (it does not exist or permissions to access it are missing)
		at org.apache.catalina.webresources.StandardRoot.createMainResourceSet(StandardRoot.java:758)
		at org.apache.catalina.webresources.StandardRoot.startInternal(StandardRoot.java:715)
		at org.apache.catalina.util.LifecycleBase.start(LifecycleBase.java:164)
		... 39 more
21-Sep-2025 15:51:57.852 INFO [main] org.apache.catalina.startup.HostConfig.deployDescriptor Deployment of deployment descriptor [/media/erick/Datos/Erick/Documentos/UTP/web integrado/enroute_aqp/apache-tomcat-9.0.109/conf/Catalina/localhost/Enroute_Aqp.xml] has finished in [39] ms
21-Sep-2025 15:51:57.852 INFO [main] org.apache.catalina.startup.HostConfig.deployDescriptor Desplieque del descriptor de configuración [/media/erick/Datos/Erick/Documentos/UTP/web integrado/enroute_aqp/apache-tomcat-9.0.109/conf/Catalina/localhost/Enroute_aqp.xml]
21-Sep-2025 15:51:57.852 WARNING [main] org.apache.catalina.startup.HostConfig.deployDescriptor The path attribute with value [/Enroute_aqp] in deployment descriptor [/media/erick/Datos/Erick/Documentos/UTP/web integrado/enroute_aqp/apache-tomcat-9.0.109/conf/Catalina/localhost/Enroute_aqp.xml] has been ignored
21-Sep-2025 15:51:58.146 INFO [main] org.apache.catalina.startup.HostConfig.deployDescriptor Deployment of deployment descriptor [/media/erick/Datos/Erick/Documentos/UTP/web integrado/enroute_aqp/apache-tomcat-9.0.109/conf/Catalina/localhost/Enroute_aqp.xml] has finished in [294] ms
21-Sep-2025 15:51:58.147 INFO [main] org.apache.catalina.startup.HostConfig.deployDirectory Desplegando el directorio [/media/erick/Datos/Erick/Documentos/UTP/web integrado/enroute_aqp/apache-tomcat-9.0.109/webapps/docs] de la aplicación web
21-Sep-2025 15:51:58.221 INFO [main] org.apache.catalina.startup.HostConfig.deployDirectory Deployment of web application directory [/media/erick/Datos/Erick/Documentos/UTP/web integrado/enroute_aqp/apache-tomcat-9.0.109/webapps/docs] has finished in [74] ms
21-Sep-2025 15:51:58.222 INFO [main] org.apache.catalina.startup.HostConfig.deployDirectory Desplegando el directorio [/media/erick/Datos/Erick/Documentos/UTP/web integrado/enroute_aqp/apache-tomcat-9.0.109/webapps/examples] de la aplicación web
21-Sep-2025 15:51:59.038 INFO [main] org.apache.catalina.startup.HostConfig.deployDirectory Deployment of web application directory [/media/erick/Datos/Erick/Documentos/UTP/web integrado/enroute_aqp/apache-tomcat-9.0.109/webapps/examples] has finished in [816] ms
21-Sep-2025 15:51:59.039 INFO [main] org.apache.catalina.startup.HostConfig.deployDirectory Desplegando el directorio [/media/erick/Datos/Erick/Documentos/UTP/web integrado/enroute_aqp/apache-tomcat-9.0.109/webapps/host-manager] de la aplicación web
21-Sep-2025 15:51:59.116 INFO [main] org.apache.catalina.startup.HostConfig.deployDirectory Deployment of web application directory [/media/erick/Datos/Erick/Documentos/UTP/web integrado/enroute_aqp/apache-tomcat-9.0.109/webapps/host-manager] has finished in [78] ms
21-Sep-2025 15:51:59.116 INFO [main] org.apache.catalina.startup.HostConfig.deployDirectory Desplegando el directorio [/media/erick/Datos/Erick/Documentos/UTP/web integrado/enroute_aqp/apache-tomcat-9.0.109/webapps/manager] de la aplicación web
21-Sep-2025 15:51:59.181 INFO [main] org.apache.catalina.startup.HostConfig.deployDirectory Deployment of web application directory [/media/erick/Datos/Erick/Documentos/UTP/web integrado/enroute_aqp/apache-tomcat-9.0.109/webapps/manager] has finished in [65] ms
21-Sep-2025 15:51:59.181 INFO [main] org.apache.catalina.startup.HostConfig.deployDirectory Desplegando el directorio [/media/erick/Datos/Erick/Documentos/UTP/web integrado/enroute_aqp/apache-tomcat-9.0.109/webapps/ROOT] de la aplicación web
21-Sep-2025 15:51:59.243 INFO [main] org.apache.catalina.startup.HostConfig.deployDirectory Deployment of web application directory [/media/erick/Datos/Erick/Documentos/UTP/web integrado/enroute_aqp/apache-tomcat-9.0.109/webapps/ROOT] has finished in [62] ms
21-Sep-2025 15:51:59.247 INFO [main] org.apache.coyote.AbstractProtocol.start Starting ProtocolHandler ["http-nio-8080"]
21-Sep-2025 15:51:59.254 INFO [main] org.apache.catalina.startup.Catalina.start Server startup in [1484] milliseconds
21-Sep-2025 15:53:52.012 INFO [http-nio-8080-exec-6] org.apache.catalina.startup.HostConfig.undeploy Repliegue (undeploy) de la aplicación web que tiene como trayectoria de contexto [/Enroute_aqp]
21-Sep-2025 15:54:21.908 INFO [http-nio-8080-exec-1] org.apache.catalina.startup.HostConfig.deployDescriptor Desplieque del descriptor de configuración [/media/erick/Datos/Erick/Documentos/UTP/web integrado/enroute_aqp/apache-tomcat-9.0.109/conf/Catalina/localhost/Enroute_aqp.xml]
21-Sep-2025 15:54:21.909 WARNING [http-nio-8080-exec-1] org.apache.catalina.startup.HostConfig.deployDescriptor The path attribute with value [/Enroute_aqp] in deployment descriptor [/media/erick/Datos/Erick/Documentos/UTP/web integrado/enroute_aqp/apache-tomcat-9.0.109/conf/Catalina/localhost/Enroute_aqp.xml] has been ignored
21-Sep-2025 15:54:22.011 INFO [http-nio-8080-exec-1] org.apache.catalina.startup.HostConfig.deployDescriptor Deployment of deployment descriptor [/media/erick/Datos/Erick/Documentos/UTP/web integrado/enroute_aqp/apache-tomcat-9.0.109/conf/Catalina/localhost/Enroute_aqp.xml] has finished in [102] ms
21-Sep-2025 15:54:22.015 INFO [http-nio-8080-exec-3] org.apache.catalina.util.LifecycleBase.start The start() method was called on component [StandardEngine[Catalina].StandardHost[localhost].StandardContext[/Enroute_aqp]] after start() had already been called. The second call will be ignored.
21-Sep-2025 15:54:29.992 INFO [main] org.apache.catalina.core.StandardServer.await Se ha recibido un comando de apagado a través del puerto de apagado. Parando la instancia del Servidor.
21-Sep-2025 15:54:29.993 INFO [main] org.apache.coyote.AbstractProtocol.pause Pausing ProtocolHandler ["http-nio-8080"]
21-Sep-2025 15:54:29.994 INFO [main] org.apache.catalina.core.StandardService.stopInternal Parando servicio [Catalina]
21-Sep-2025 15:54:30.005 INFO [main] org.apache.coyote.AbstractProtocol.stop Stopping ProtocolHandler ["http-nio-8080"]
21-Sep-2025 15:54:30.017 INFO [main] org.apache.coyote.AbstractProtocol.destroy Destroying ProtocolHandler ["http-nio-8080"]
21-Sep-2025 15:55:15.674 INFO [main] org.apache.catalina.startup.VersionLoggerListener.log Nombre de la versión del servidor: Apache Tomcat/9.0.109
21-Sep-2025 15:55:15.677 INFO [main] org.apache.catalina.startup.VersionLoggerListener.log Server built:                      Sep 1 2025 12:15:33 UTC
21-Sep-2025 15:55:15.677 INFO [main] org.apache.catalina.startup.VersionLoggerListener.log Número de versión de servidor:     9.0.109.0
21-Sep-2025 15:55:15.677 INFO [main] org.apache.catalina.startup.VersionLoggerListener.log OS Name:                           Linux
21-Sep-2025 15:55:15.677 INFO [main] org.apache.catalina.startup.VersionLoggerListener.log Versión de Systema Operativo:      6.8.0-83-generic
21-Sep-2025 15:55:15.677 INFO [main] org.apache.catalina.startup.VersionLoggerListener.log Arquitectura:                      amd64
21-Sep-2025 15:55:15.677 INFO [main] org.apache.catalina.startup.VersionLoggerListener.log Java Home:                         /usr/lib/jvm/jdk-21.0.7-oracle-x64
21-Sep-2025 15:55:15.677 INFO [main] org.apache.catalina.startup.VersionLoggerListener.log JVM Version:                       21.0.7+8-LTS-245
21-Sep-2025 15:55:15.677 INFO [main] org.apache.catalina.startup.VersionLoggerListener.log Vededor JVM:                       Oracle Corporation
21-Sep-2025 15:55:15.678 INFO [main] org.apache.catalina.startup.VersionLoggerListener.log CATALINA_BASE:                     /media/erick/Datos/Erick/Documentos/UTP/web integrado/enroute_aqp/apache-tomcat-9.0.109
21-Sep-2025 15:55:15.678 INFO [main] org.apache.catalina.startup.VersionLoggerListener.log CATALINA_HOME:                     /media/erick/Datos/Erick/Documentos/UTP/web integrado/enroute_aqp/apache-tomcat-9.0.109
21-Sep-2025 15:55:15.683 INFO [main] org.apache.catalina.startup.VersionLoggerListener.log Command line argument:             --add-opens=java.base/java.lang=ALL-UNNAMED
21-Sep-2025 15:55:15.683 INFO [main] org.apache.catalina.startup.VersionLoggerListener.log Command line argument:             --add-opens=java.base/java.lang.invoke=ALL-UNNAMED
21-Sep-2025 15:55:15.683 INFO [main] org.apache.catalina.startup.VersionLoggerListener.log Command line argument:             --add-opens=java.base/java.lang.reflect=ALL-UNNAMED
21-Sep-2025 15:55:15.684 INFO [main] org.apache.catalina.startup.VersionLoggerListener.log Command line argument:             --add-opens=java.base/java.io=ALL-UNNAMED
21-Sep-2025 15:55:15.684 INFO [main] org.apache.catalina.startup.VersionLoggerListener.log Command line argument:             --add-opens=java.base/java.util=ALL-UNNAMED
21-Sep-2025 15:55:15.684 INFO [main] org.apache.catalina.startup.VersionLoggerListener.log Command line argument:             --add-opens=java.base/java.util.concurrent=ALL-UNNAMED
21-Sep-2025 15:55:15.684 INFO [main] org.apache.catalina.startup.VersionLoggerListener.log Command line argument:             --add-opens=java.rmi/sun.rmi.transport=ALL-UNNAMED
21-Sep-2025 15:55:15.684 INFO [main] org.apache.catalina.startup.VersionLoggerListener.log Command line argument:             -Djava.util.logging.config.file=/media/erick/Datos/Erick/Documentos/UTP/web integrado/enroute_aqp/apache-tomcat-9.0.109/conf/logging.properties
21-Sep-2025 15:55:15.684 INFO [main] org.apache.catalina.startup.VersionLoggerListener.log Command line argument:             -Djava.util.logging.manager=org.apache.juli.ClassLoaderLogManager
21-Sep-2025 15:55:15.684 INFO [main] org.apache.catalina.startup.VersionLoggerListener.log Command line argument:             -Dhttp.nonProxyHosts=localhost|127.0.0.1|erick-ASUS-TUF-A15
21-Sep-2025 15:55:15.684 INFO [main] org.apache.catalina.startup.VersionLoggerListener.log Command line argument:             -Djdk.tls.ephemeralDHKeySize=2048
21-Sep-2025 15:55:15.684 INFO [main] org.apache.catalina.startup.VersionLoggerListener.log Command line argument:             -Djava.protocol.handler.pkgs=org.apache.catalina.webresources
21-Sep-2025 15:55:15.684 INFO [main] org.apache.catalina.startup.VersionLoggerListener.log Command line argument:             -Dsun.io.useCanonCaches=false
21-Sep-2025 15:55:15.684 INFO [main] org.apache.catalina.startup.VersionLoggerListener.log Command line argument:             -Dorg.apache.catalina.security.SecurityListener.UMASK=0027
21-Sep-2025 15:55:15.684 INFO [main] org.apache.catalina.startup.VersionLoggerListener.log Command line argument:             -Dignore.endorsed.dirs=
21-Sep-2025 15:55:15.684 INFO [main] org.apache.catalina.startup.VersionLoggerListener.log Command line argument:             -Dcatalina.base=/media/erick/Datos/Erick/Documentos/UTP/web integrado/enroute_aqp/apache-tomcat-9.0.109
21-Sep-2025 15:55:15.684 INFO [main] org.apache.catalina.startup.VersionLoggerListener.log Command line argument:             -Dcatalina.home=/media/erick/Datos/Erick/Documentos/UTP/web integrado/enroute_aqp/apache-tomcat-9.0.109
21-Sep-2025 15:55:15.684 INFO [main] org.apache.catalina.startup.VersionLoggerListener.log Command line argument:             -Djava.io.tmpdir=/media/erick/Datos/Erick/Documentos/UTP/web integrado/enroute_aqp/apache-tomcat-9.0.109/temp
21-Sep-2025 15:55:15.687 INFO [main] org.apache.catalina.core.AprLifecycleListener.lifecycleEvent La biblioteca nativa de Apache Tomcat basada en ARP que permite un rendimiento óptimo en entornos de desarrollo no ha sido hallada en java.library.path: [/usr/java/packages/lib:/usr/lib64:/lib64:/lib:/usr/lib]
21-Sep-2025 15:55:15.901 INFO [main] org.apache.coyote.AbstractProtocol.init Inicializando el manejador de protocolo ["http-nio-8080"]

21-Sep-2025 15:55:15.914 INFO [main] org.apache.catalina.startup.Catalina.load Server initialization in [382] milliseconds
21-Sep-2025 15:55:15.953 INFO [main] org.apache.catalina.core.StandardService.startInternal Arrancando servicio [Catalina]
21-Sep-2025 15:55:15.953 INFO [main] org.apache.catalina.core.StandardEngine.startInternal Starting Servlet engine: [Apache Tomcat/9.0.109]
21-Sep-2025 15:55:15.961 INFO [main] org.apache.catalina.startup.HostConfig.deployDescriptor Desplieque del descriptor de configuración [/media/erick/Datos/Erick/Documentos/UTP/web integrado/enroute_aqp/apache-tomcat-9.0.109/conf/Catalina/localhost/Enroute_Aqp.xml]
21-Sep-2025 15:55:15.970 WARNING [main] org.apache.catalina.startup.HostConfig.deployDescriptor The path attribute with value [/Enroute_Aqp] in deployment descriptor [/media/erick/Datos/Erick/Documentos/UTP/web integrado/enroute_aqp/apache-tomcat-9.0.109/conf/Catalina/localhost/Enroute_Aqp.xml] has been ignored
21-Sep-2025 15:55:15.996 SEVERE [main] org.apache.catalina.startup.HostConfig.deployDescriptor Error durante el despliegue del descriptor de configuración [/media/erick/Datos/Erick/Documentos/UTP/web integrado/enroute_aqp/apache-tomcat-9.0.109/conf/Catalina/localhost/Enroute_Aqp.xml]
	java.lang.IllegalStateException: Error starting child
		at org.apache.catalina.core.ContainerBase.addChildInternal(ContainerBase.java:602)
		at org.apache.catalina.core.ContainerBase.addChild(ContainerBase.java:571)
		at org.apache.catalina.core.StandardHost.addChild(StandardHost.java:604)
		at org.apache.catalina.startup.HostConfig.deployDescriptor(HostConfig.java:680)
		at org.apache.catalina.startup.HostConfig$DeployDescriptor.run(HostConfig.java:1839)
		at java.base/java.util.concurrent.Executors$RunnableAdapter.call(Executors.java:572)
		at java.base/java.util.concurrent.FutureTask.run(FutureTask.java:317)
		at org.apache.tomcat.util.threads.InlineExecutorService.execute(InlineExecutorService.java:82)
		at java.base/java.util.concurrent.AbstractExecutorService.submit(AbstractExecutorService.java:123)
		at org.apache.catalina.startup.HostConfig.deployDescriptors(HostConfig.java:575)
		at org.apache.catalina.startup.HostConfig.deployApps(HostConfig.java:466)
		at org.apache.catalina.startup.HostConfig.start(HostConfig.java:1579)
		at org.apache.catalina.startup.HostConfig.lifecycleEvent(HostConfig.java:312)
		at org.apache.catalina.util.LifecycleBase.fireLifecycleEvent(LifecycleBase.java:109)
		at org.apache.catalina.util.LifecycleBase.setStateInternal(LifecycleBase.java:389)
		at org.apache.catalina.util.LifecycleBase.setState(LifecycleBase.java:336)
		at org.apache.catalina.core.ContainerBase.startInternal(ContainerBase.java:776)
		at org.apache.catalina.core.StandardHost.startInternal(StandardHost.java:722)
		at org.apache.catalina.util.LifecycleBase.start(LifecycleBase.java:164)
		at org.apache.catalina.core.ContainerBase$StartChild.call(ContainerBase.java:1203)
		at org.apache.catalina.core.ContainerBase$StartChild.call(ContainerBase.java:1193)
		at java.base/java.util.concurrent.FutureTask.run(FutureTask.java:317)
		at org.apache.tomcat.util.threads.InlineExecutorService.execute(InlineExecutorService.java:82)
		at java.base/java.util.concurrent.AbstractExecutorService.submit(AbstractExecutorService.java:145)
		at org.apache.catalina.core.ContainerBase.startInternal(ContainerBase.java:749)
		at org.apache.catalina.core.StandardEngine.startInternal(StandardEngine.java:211)
		at org.apache.catalina.util.LifecycleBase.start(LifecycleBase.java:164)
		at org.apache.catalina.core.StandardService.startInternal(StandardService.java:412)
		at org.apache.catalina.util.LifecycleBase.start(LifecycleBase.java:164)
		at org.apache.catalina.core.StandardServer.startInternal(StandardServer.java:874)
		at org.apache.catalina.util.LifecycleBase.start(LifecycleBase.java:164)
		at org.apache.catalina.startup.Catalina.start(Catalina.java:739)
		at java.base/jdk.internal.reflect.DirectMethodHandleAccessor.invoke(DirectMethodHandleAccessor.java:103)
		at java.base/java.lang.reflect.Method.invoke(Method.java:580)
		at org.apache.catalina.startup.Bootstrap.start(Bootstrap.java:345)
		at org.apache.catalina.startup.Bootstrap.main(Bootstrap.java:476)
	Caused by: org.apache.catalina.LifecycleException: Failed to start component [org.apache.catalina.webresources.StandardRoot@379614be]
		at org.apache.catalina.util.LifecycleBase.handleSubClassException(LifecycleBase.java:404)
		at org.apache.catalina.util.LifecycleBase.start(LifecycleBase.java:179)
		at org.apache.catalina.core.StandardContext.resourcesStart(StandardContext.java:4172)
		at org.apache.catalina.core.StandardContext.startInternal(StandardContext.java:4294)
		at org.apache.catalina.util.LifecycleBase.start(LifecycleBase.java:164)
		at org.apache.catalina.core.ContainerBase.addChildInternal(ContainerBase.java:599)
		... 35 more
	Caused by: java.lang.IllegalArgumentException: The main resource set specified [/home/erick/Documentos/UTP/web integrado/enroute_aqp/Enroute Aqp/build/web] is not a directory or war file, or is not readable (it does not exist or permissions to access it are missing)
		at org.apache.catalina.webresources.StandardRoot.createMainResourceSet(StandardRoot.java:758)
		at org.apache.catalina.webresources.StandardRoot.startInternal(StandardRoot.java:715)
		at org.apache.catalina.util.LifecycleBase.start(LifecycleBase.java:164)
		... 39 more
21-Sep-2025 15:55:16.001 INFO [main] org.apache.catalina.startup.HostConfig.deployDescriptor Deployment of deployment descriptor [/media/erick/Datos/Erick/Documentos/UTP/web integrado/enroute_aqp/apache-tomcat-9.0.109/conf/Catalina/localhost/Enroute_Aqp.xml] has finished in [37] ms
21-Sep-2025 15:55:16.001 INFO [main] org.apache.catalina.startup.HostConfig.deployDescriptor Desplieque del descriptor de configuración [/media/erick/Datos/Erick/Documentos/UTP/web integrado/enroute_aqp/apache-tomcat-9.0.109/conf/Catalina/localhost/Enroute_aqp.xml]
21-Sep-2025 15:55:16.001 WARNING [main] org.apache.catalina.startup.HostConfig.deployDescriptor The path attribute with value [/Enroute_aqp] in deployment descriptor [/media/erick/Datos/Erick/Documentos/UTP/web integrado/enroute_aqp/apache-tomcat-9.0.109/conf/Catalina/localhost/Enroute_aqp.xml] has been ignored
21-Sep-2025 15:55:16.299 INFO [main] org.apache.catalina.startup.HostConfig.deployDescriptor Deployment of deployment descriptor [/media/erick/Datos/Erick/Documentos/UTP/web integrado/enroute_aqp/apache-tomcat-9.0.109/conf/Catalina/localhost/Enroute_aqp.xml] has finished in [298] ms
21-Sep-2025 15:55:16.300 INFO [main] org.apache.catalina.startup.HostConfig.deployDirectory Desplegando el directorio [/media/erick/Datos/Erick/Documentos/UTP/web integrado/enroute_aqp/apache-tomcat-9.0.109/webapps/docs] de la aplicación web
21-Sep-2025 15:55:16.371 INFO [main] org.apache.catalina.startup.HostConfig.deployDirectory Deployment of web application directory [/media/erick/Datos/Erick/Documentos/UTP/web integrado/enroute_aqp/apache-tomcat-9.0.109/webapps/docs] has finished in [71] ms
21-Sep-2025 15:55:16.371 INFO [main] org.apache.catalina.startup.HostConfig.deployDirectory Desplegando el directorio [/media/erick/Datos/Erick/Documentos/UTP/web integrado/enroute_aqp/apache-tomcat-9.0.109/webapps/examples] de la aplicación web
21-Sep-2025 15:55:17.157 INFO [main] org.apache.catalina.startup.HostConfig.deployDirectory Deployment of web application directory [/media/erick/Datos/Erick/Documentos/UTP/web integrado/enroute_aqp/apache-tomcat-9.0.109/webapps/examples] has finished in [786] ms
21-Sep-2025 15:55:17.157 INFO [main] org.apache.catalina.startup.HostConfig.deployDirectory Desplegando el directorio [/media/erick/Datos/Erick/Documentos/UTP/web integrado/enroute_aqp/apache-tomcat-9.0.109/webapps/host-manager] de la aplicación web
21-Sep-2025 15:55:17.236 INFO [main] org.apache.catalina.startup.HostConfig.deployDirectory Deployment of web application directory [/media/erick/Datos/Erick/Documentos/UTP/web integrado/enroute_aqp/apache-tomcat-9.0.109/webapps/host-manager] has finished in [78] ms
21-Sep-2025 15:55:17.236 INFO [main] org.apache.catalina.startup.HostConfig.deployDirectory Desplegando el directorio [/media/erick/Datos/Erick/Documentos/UTP/web integrado/enroute_aqp/apache-tomcat-9.0.109/webapps/manager] de la aplicación web
21-Sep-2025 15:55:17.301 INFO [main] org.apache.catalina.startup.HostConfig.deployDirectory Deployment of web application directory [/media/erick/Datos/Erick/Documentos/UTP/web integrado/enroute_aqp/apache-tomcat-9.0.109/webapps/manager] has finished in [65] ms
21-Sep-2025 15:55:17.301 INFO [main] org.apache.catalina.startup.HostConfig.deployDirectory Desplegando el directorio [/media/erick/Datos/Erick/Documentos/UTP/web integrado/enroute_aqp/apache-tomcat-9.0.109/webapps/ROOT] de la aplicación web
21-Sep-2025 15:55:17.362 INFO [main] org.apache.catalina.startup.HostConfig.deployDirectory Deployment of web application directory [/media/erick/Datos/Erick/Documentos/UTP/web integrado/enroute_aqp/apache-tomcat-9.0.109/webapps/ROOT] has finished in [60] ms
21-Sep-2025 15:55:17.365 INFO [main] org.apache.coyote.AbstractProtocol.start Starting ProtocolHandler ["http-nio-8080"]
21-Sep-2025 15:55:17.374 INFO [main] org.apache.catalina.startup.Catalina.start Server startup in [1459] milliseconds
21-Sep-2025 15:55:18.018 INFO [http-nio-8080-exec-6] org.apache.catalina.startup.HostConfig.undeploy Repliegue (undeploy) de la aplicación web que tiene como trayectoria de contexto [/Enroute_aqp]
21-Sep-2025 15:55:18.035 INFO [http-nio-8080-exec-10] org.apache.catalina.startup.HostConfig.deployDescriptor Desplieque del descriptor de configuración [/media/erick/Datos/Erick/Documentos/UTP/web integrado/enroute_aqp/apache-tomcat-9.0.109/conf/Catalina/localhost/Enroute_aqp.xml]
21-Sep-2025 15:55:18.036 WARNING [http-nio-8080-exec-10] org.apache.catalina.startup.HostConfig.deployDescriptor The path attribute with value [/Enroute_aqp] in deployment descriptor [/media/erick/Datos/Erick/Documentos/UTP/web integrado/enroute_aqp/apache-tomcat-9.0.109/conf/Catalina/localhost/Enroute_aqp.xml] has been ignored
21-Sep-2025 15:55:18.120 INFO [http-nio-8080-exec-10] org.apache.catalina.startup.HostConfig.deployDescriptor Deployment of deployment descriptor [/media/erick/Datos/Erick/Documentos/UTP/web integrado/enroute_aqp/apache-tomcat-9.0.109/conf/Catalina/localhost/Enroute_aqp.xml] has finished in [86] ms
21-Sep-2025 15:55:38.895 INFO [http-nio-8080-exec-2] org.apache.catalina.startup.HostConfig.undeploy Repliegue (undeploy) de la aplicación web que tiene como trayectoria de contexto [/Enroute_aqp]
21-Sep-2025 16:00:37.252 INFO [http-nio-8080-exec-16] org.apache.catalina.startup.HostConfig.deployDescriptor Desplieque del descriptor de configuración [/media/erick/Datos/Erick/Documentos/UTP/web integrado/enroute_aqp/apache-tomcat-9.0.109/conf/Catalina/localhost/Test1.xml]
21-Sep-2025 16:00:37.253 WARNING [http-nio-8080-exec-16] org.apache.catalina.startup.HostConfig.deployDescriptor The path attribute with value [/Test1] in deployment descriptor [/media/erick/Datos/Erick/Documentos/UTP/web integrado/enroute_aqp/apache-tomcat-9.0.109/conf/Catalina/localhost/Test1.xml] has been ignored
21-Sep-2025 16:00:37.283 INFO [http-nio-8080-exec-16] org.apache.catalina.startup.HostConfig.deployDescriptor Deployment of deployment descriptor [/media/erick/Datos/Erick/Documentos/UTP/web integrado/enroute_aqp/apache-tomcat-9.0.109/conf/Catalina/localhost/Test1.xml] has finished in [31] ms
21-Sep-2025 16:00:37.287 INFO [http-nio-8080-exec-19] org.apache.catalina.util.LifecycleBase.start The start() method was called on component [StandardEngine[Catalina].StandardHost[localhost].StandardContext[/Test1]] after start() had already been called. The second call will be ignored.
21-Sep-2025 16:00:57.317 INFO [http-nio-8080-exec-17] org.apache.catalina.startup.HostConfig.undeploy Repliegue (undeploy) de la aplicación web que tiene como trayectoria de contexto [/Enroute_Aqp]
21-Sep-2025 16:00:57.334 INFO [http-nio-8080-exec-21] org.apache.catalina.startup.HostConfig.deployDescriptor Desplieque del descriptor de configuración [/media/erick/Datos/Erick/Documentos/UTP/web integrado/enroute_aqp/apache-tomcat-9.0.109/conf/Catalina/localhost/Enroute_Aqp.xml]
21-Sep-2025 16:00:57.335 WARNING [http-nio-8080-exec-21] org.apache.catalina.startup.HostConfig.deployDescriptor The path attribute with value [/Enroute_Aqp] in deployment descriptor [/media/erick/Datos/Erick/Documentos/UTP/web integrado/enroute_aqp/apache-tomcat-9.0.109/conf/Catalina/localhost/Enroute_Aqp.xml] has been ignored
21-Sep-2025 16:00:59.649 INFO [http-nio-8080-exec-21] org.apache.jasper.servlet.TldScanner.scanJars Al menos un JAR, que se ha explorado buscando TLDs, aún no contenía TLDs. Activar historial de depuración para este historiador para una completa lista de los JARs que fueron explorados y de los que nos se halló TLDs. Saltarse JARs no necesarios durante la exploración puede dar lugar a una mejora de tiempo significativa en el arranque y compilación de JSP .
21-Sep-2025 16:00:59.679 INFO [http-nio-8080-exec-21] org.apache.catalina.startup.HostConfig.deployDescriptor Deployment of deployment descriptor [/media/erick/Datos/Erick/Documentos/UTP/web integrado/enroute_aqp/apache-tomcat-9.0.109/conf/Catalina/localhost/Enroute_Aqp.xml] has finished in [2.345] ms
21-Sep-2025 16:00:59.686 INFO [http-nio-8080-exec-16] org.apache.catalina.util.LifecycleBase.start The start() method was called on component [StandardEngine[Catalina].StandardHost[localhost].StandardContext[/Enroute_Aqp]] after start() had already been called. The second call will be ignored.
21-Sep-2025 16:01:19.897 INFO [http-nio-8080-exec-25] org.apache.catalina.startup.HostConfig.undeploy Repliegue (undeploy) de la aplicación web que tiene como trayectoria de contexto [/Enroute_Aqp]
21-Sep-2025 16:04:56.421 INFO [http-nio-8080-exec-33] org.apache.catalina.startup.HostConfig.deployDescriptor Desplieque del descriptor de configuración [/media/erick/Datos/Erick/Documentos/UTP/web integrado/enroute_aqp/apache-tomcat-9.0.109/conf/Catalina/localhost/Enroute_Aqp.xml]
21-Sep-2025 16:04:56.422 WARNING [http-nio-8080-exec-33] org.apache.catalina.startup.HostConfig.deployDescriptor The path attribute with value [/Enroute_Aqp] in deployment descriptor [/media/erick/Datos/Erick/Documentos/UTP/web integrado/enroute_aqp/apache-tomcat-9.0.109/conf/Catalina/localhost/Enroute_Aqp.xml] has been ignored
21-Sep-2025 16:04:58.946 INFO [http-nio-8080-exec-33] org.apache.jasper.servlet.TldScanner.scanJars Al menos un JAR, que se ha explorado buscando TLDs, aún no contenía TLDs. Activar historial de depuración para este historiador para una completa lista de los JARs que fueron explorados y de los que nos se halló TLDs. Saltarse JARs no necesarios durante la exploración puede dar lugar a una mejora de tiempo significativa en el arranque y compilación de JSP .
21-Sep-2025 16:04:58.979 INFO [http-nio-8080-exec-33] org.apache.catalina.startup.HostConfig.deployDescriptor Deployment of deployment descriptor [/media/erick/Datos/Erick/Documentos/UTP/web integrado/enroute_aqp/apache-tomcat-9.0.109/conf/Catalina/localhost/Enroute_Aqp.xml] has finished in [2.558] ms
21-Sep-2025 16:04:58.982 INFO [http-nio-8080-exec-18] org.apache.catalina.util.LifecycleBase.start The start() method was called on component [StandardEngine[Catalina].StandardHost[localhost].StandardContext[/Enroute_Aqp]] after start() had already been called. The second call will be ignored.
21-Sep-2025 16:05:03.928 INFO [http-nio-8080-exec-20] org.apache.catalina.startup.HostConfig.undeploy Repliegue (undeploy) de la aplicación web que tiene como trayectoria de contexto [/Enroute_Aqp]
21-Sep-2025 16:05:07.265 INFO [http-nio-8080-exec-31] org.apache.catalina.startup.HostConfig.deployDescriptor Desplieque del descriptor de configuración [/media/erick/Datos/Erick/Documentos/UTP/web integrado/enroute_aqp/apache-tomcat-9.0.109/conf/Catalina/localhost/Enroute_Aqp.xml]
21-Sep-2025 16:05:07.266 WARNING [http-nio-8080-exec-31] org.apache.catalina.startup.HostConfig.deployDescriptor The path attribute with value [/Enroute_Aqp] in deployment descriptor [/media/erick/Datos/Erick/Documentos/UTP/web integrado/enroute_aqp/apache-tomcat-9.0.109/conf/Catalina/localhost/Enroute_Aqp.xml] has been ignored
21-Sep-2025 16:05:09.691 INFO [http-nio-8080-exec-31] org.apache.jasper.servlet.TldScanner.scanJars Al menos un JAR, que se ha explorado buscando TLDs, aún no contenía TLDs. Activar historial de depuración para este historiador para una completa lista de los JARs que fueron explorados y de los que nos se halló TLDs. Saltarse JARs no necesarios durante la exploración puede dar lugar a una mejora de tiempo significativa en el arranque y compilación de JSP .
21-Sep-2025 16:05:09.724 INFO [http-nio-8080-exec-31] org.apache.catalina.startup.HostConfig.deployDescriptor Deployment of deployment descriptor [/media/erick/Datos/Erick/Documentos/UTP/web integrado/enroute_aqp/apache-tomcat-9.0.109/conf/Catalina/localhost/Enroute_Aqp.xml] has finished in [2.460] ms
21-Sep-2025 16:05:09.729 INFO [http-nio-8080-exec-33] org.apache.catalina.util.LifecycleBase.start The start() method was called on component [StandardEngine[Catalina].StandardHost[localhost].StandardContext[/Enroute_Aqp]] after start() had already been called. The second call will be ignored.
21-Sep-2025 16:53:34.114 INFO [main] org.apache.catalina.core.StandardServer.await Se ha recibido un comando de apagado a través del puerto de apagado. Parando la instancia del Servidor.
21-Sep-2025 16:53:34.114 INFO [main] org.apache.coyote.AbstractProtocol.pause Pausing ProtocolHandler ["http-nio-8080"]
21-Sep-2025 16:53:34.116 INFO [main] org.apache.catalina.core.StandardService.stopInternal Parando servicio [Catalina]
21-Sep-2025 16:53:34.127 INFO [main] org.apache.coyote.AbstractProtocol.stop Stopping ProtocolHandler ["http-nio-8080"]
21-Sep-2025 16:53:34.139 INFO [main] org.apache.coyote.AbstractProtocol.destroy Destroying ProtocolHandler ["http-nio-8080"]
