11-Sep-2025 00:06:17.709 INFO [main] org.apache.catalina.core.StandardServer.await Se ha recibido un comando de apagado a través del puerto de apagado. Parando la instancia del Servidor.
11-Sep-2025 00:06:17.710 INFO [main] org.apache.coyote.AbstractProtocol.pause Pausing ProtocolHandler ["http-nio-8080"]
11-Sep-2025 00:06:17.711 INFO [main] org.apache.catalina.core.StandardService.stopInternal Parando servicio [Catalina]
11-Sep-2025 00:06:17.723 INFO [main] org.apache.coyote.AbstractProtocol.stop Stopping ProtocolHandler ["http-nio-8080"]
11-Sep-2025 00:06:17.735 INFO [main] org.apache.coyote.AbstractProtocol.destroy Destroying ProtocolHandler ["http-nio-8080"]
11-Sep-2025 23:36:18.785 INFO [main] org.apache.catalina.startup.VersionLoggerListener.log Nombre de la versión del servidor: Apache Tomcat/9.0.109
11-Sep-2025 23:36:18.789 INFO [main] org.apache.catalina.startup.VersionLoggerListener.log Server built:                      Sep 1 2025 12:15:33 UTC
11-Sep-2025 23:36:18.790 INFO [main] org.apache.catalina.startup.VersionLoggerListener.log Número de versión de servidor:     9.0.109.0
11-Sep-2025 23:36:18.790 INFO [main] org.apache.catalina.startup.VersionLoggerListener.log OS Name:                           Linux
11-Sep-2025 23:36:18.790 INFO [main] org.apache.catalina.startup.VersionLoggerListener.log Versión de Systema Operativo:      6.8.0-79-generic
11-Sep-2025 23:36:18.790 INFO [main] org.apache.catalina.startup.VersionLoggerListener.log Arquitectura:                      amd64
11-Sep-2025 23:36:18.790 INFO [main] org.apache.catalina.startup.VersionLoggerListener.log Java Home:                         /usr/lib/jvm/jdk-21.0.7-oracle-x64
11-Sep-2025 23:36:18.790 INFO [main] org.apache.catalina.startup.VersionLoggerListener.log JVM Version:                       21.0.7+8-LTS-245
11-Sep-2025 23:36:18.790 INFO [main] org.apache.catalina.startup.VersionLoggerListener.log Vededor JVM:                       Oracle Corporation
11-Sep-2025 23:36:18.790 INFO [main] org.apache.catalina.startup.VersionLoggerListener.log CATALINA_BASE:                     /home/erick/Documentos/UTP/web integrado/enroute_aqp/apache-tomcat-9.0.109
11-Sep-2025 23:36:18.790 INFO [main] org.apache.catalina.startup.VersionLoggerListener.log CATALINA_HOME:                     /home/erick/Documentos/UTP/web integrado/enroute_aqp/apache-tomcat-9.0.109
11-Sep-2025 23:36:18.796 INFO [main] org.apache.catalina.startup.VersionLoggerListener.log Command line argument:             --add-opens=java.base/java.lang=ALL-UNNAMED
11-Sep-2025 23:36:18.797 INFO [main] org.apache.catalina.startup.VersionLoggerListener.log Command line argument:             --add-opens=java.base/java.lang.invoke=ALL-UNNAMED
11-Sep-2025 23:36:18.797 INFO [main] org.apache.catalina.startup.VersionLoggerListener.log Command line argument:             --add-opens=java.base/java.lang.reflect=ALL-UNNAMED
11-Sep-2025 23:36:18.797 INFO [main] org.apache.catalina.startup.VersionLoggerListener.log Command line argument:             --add-opens=java.base/java.io=ALL-UNNAMED
11-Sep-2025 23:36:18.797 INFO [main] org.apache.catalina.startup.VersionLoggerListener.log Command line argument:             --add-opens=java.base/java.util=ALL-UNNAMED
11-Sep-2025 23:36:18.797 INFO [main] org.apache.catalina.startup.VersionLoggerListener.log Command line argument:             --add-opens=java.base/java.util.concurrent=ALL-UNNAMED
11-Sep-2025 23:36:18.797 INFO [main] org.apache.catalina.startup.VersionLoggerListener.log Command line argument:             --add-opens=java.rmi/sun.rmi.transport=ALL-UNNAMED
11-Sep-2025 23:36:18.797 INFO [main] org.apache.catalina.startup.VersionLoggerListener.log Command line argument:             -Djava.util.logging.config.file=/home/erick/Documentos/UTP/web integrado/enroute_aqp/apache-tomcat-9.0.109/conf/logging.properties
11-Sep-2025 23:36:18.797 INFO [main] org.apache.catalina.startup.VersionLoggerListener.log Command line argument:             -Djava.util.logging.manager=org.apache.juli.ClassLoaderLogManager
11-Sep-2025 23:36:18.797 INFO [main] org.apache.catalina.startup.VersionLoggerListener.log Command line argument:             -Dhttp.nonProxyHosts=localhost|127.0.0.1|Erick-ASUS-TUF-A15
11-Sep-2025 23:36:18.797 INFO [main] org.apache.catalina.startup.VersionLoggerListener.log Command line argument:             -Djdk.tls.ephemeralDHKeySize=2048
11-Sep-2025 23:36:18.797 INFO [main] org.apache.catalina.startup.VersionLoggerListener.log Command line argument:             -Djava.protocol.handler.pkgs=org.apache.catalina.webresources
11-Sep-2025 23:36:18.798 INFO [main] org.apache.catalina.startup.VersionLoggerListener.log Command line argument:             -Dsun.io.useCanonCaches=false
11-Sep-2025 23:36:18.798 INFO [main] org.apache.catalina.startup.VersionLoggerListener.log Command line argument:             -Dorg.apache.catalina.security.SecurityListener.UMASK=0027
11-Sep-2025 23:36:18.798 INFO [main] org.apache.catalina.startup.VersionLoggerListener.log Command line argument:             -Dignore.endorsed.dirs=
11-Sep-2025 23:36:18.798 INFO [main] org.apache.catalina.startup.VersionLoggerListener.log Command line argument:             -Dcatalina.base=/home/erick/Documentos/UTP/web integrado/enroute_aqp/apache-tomcat-9.0.109
11-Sep-2025 23:36:18.798 INFO [main] org.apache.catalina.startup.VersionLoggerListener.log Command line argument:             -Dcatalina.home=/home/erick/Documentos/UTP/web integrado/enroute_aqp/apache-tomcat-9.0.109
11-Sep-2025 23:36:18.798 INFO [main] org.apache.catalina.startup.VersionLoggerListener.log Command line argument:             -Djava.io.tmpdir=/home/erick/Documentos/UTP/web integrado/enroute_aqp/apache-tomcat-9.0.109/temp
11-Sep-2025 23:36:18.800 INFO [main] org.apache.catalina.core.AprLifecycleListener.lifecycleEvent La biblioteca nativa de Apache Tomcat basada en ARP que permite un rendimiento óptimo en entornos de desarrollo no ha sido hallada en java.library.path: [/usr/java/packages/lib:/usr/lib64:/lib64:/lib:/usr/lib]
11-Sep-2025 23:36:19.028 INFO [main] org.apache.coyote.AbstractProtocol.init Inicializando el manejador de protocolo ["http-nio-8080"]

11-Sep-2025 23:36:19.047 INFO [main] org.apache.catalina.startup.Catalina.load Server initialization in [438] milliseconds
11-Sep-2025 23:36:19.080 INFO [main] org.apache.catalina.core.StandardService.startInternal Arrancando servicio [Catalina]
11-Sep-2025 23:36:19.081 INFO [main] org.apache.catalina.core.StandardEngine.startInternal Starting Servlet engine: [Apache Tomcat/9.0.109]
11-Sep-2025 23:36:19.085 INFO [main] org.apache.catalina.startup.HostConfig.deployDescriptor Desplieque del descriptor de configuración [/home/erick/Documentos/UTP/web integrado/enroute_aqp/apache-tomcat-9.0.109/conf/Catalina/localhost/Enroute_Aqp.xml]
11-Sep-2025 23:36:19.095 WARNING [main] org.apache.catalina.startup.HostConfig.deployDescriptor The path attribute with value [/Enroute_Aqp] in deployment descriptor [/home/erick/Documentos/UTP/web integrado/enroute_aqp/apache-tomcat-9.0.109/conf/Catalina/localhost/Enroute_Aqp.xml] has been ignored
11-Sep-2025 23:36:19.281 INFO [main] org.apache.catalina.startup.HostConfig.deployDescriptor Deployment of deployment descriptor [/home/erick/Documentos/UTP/web integrado/enroute_aqp/apache-tomcat-9.0.109/conf/Catalina/localhost/Enroute_Aqp.xml] has finished in [194] ms
11-Sep-2025 23:36:19.281 INFO [main] org.apache.catalina.startup.HostConfig.deployDirectory Desplegando el directorio [/home/erick/Documentos/UTP/web integrado/enroute_aqp/apache-tomcat-9.0.109/webapps/docs] de la aplicación web
11-Sep-2025 23:36:19.300 INFO [main] org.apache.catalina.startup.HostConfig.deployDirectory Deployment of web application directory [/home/erick/Documentos/UTP/web integrado/enroute_aqp/apache-tomcat-9.0.109/webapps/docs] has finished in [19] ms
11-Sep-2025 23:36:19.300 INFO [main] org.apache.catalina.startup.HostConfig.deployDirectory Desplegando el directorio [/home/erick/Documentos/UTP/web integrado/enroute_aqp/apache-tomcat-9.0.109/webapps/host-manager] de la aplicación web
11-Sep-2025 23:36:19.322 INFO [main] org.apache.catalina.startup.HostConfig.deployDirectory Deployment of web application directory [/home/erick/Documentos/UTP/web integrado/enroute_aqp/apache-tomcat-9.0.109/webapps/host-manager] has finished in [22] ms
11-Sep-2025 23:36:19.322 INFO [main] org.apache.catalina.startup.HostConfig.deployDirectory Desplegando el directorio [/home/erick/Documentos/UTP/web integrado/enroute_aqp/apache-tomcat-9.0.109/webapps/manager] de la aplicación web
11-Sep-2025 23:36:19.339 INFO [main] org.apache.catalina.startup.HostConfig.deployDirectory Deployment of web application directory [/home/erick/Documentos/UTP/web integrado/enroute_aqp/apache-tomcat-9.0.109/webapps/manager] has finished in [17] ms
11-Sep-2025 23:36:19.340 INFO [main] org.apache.catalina.startup.HostConfig.deployDirectory Desplegando el directorio [/home/erick/Documentos/UTP/web integrado/enroute_aqp/apache-tomcat-9.0.109/webapps/ROOT] de la aplicación web
11-Sep-2025 23:36:19.357 INFO [main] org.apache.catalina.startup.HostConfig.deployDirectory Deployment of web application directory [/home/erick/Documentos/UTP/web integrado/enroute_aqp/apache-tomcat-9.0.109/webapps/ROOT] has finished in [16] ms
11-Sep-2025 23:36:19.357 INFO [main] org.apache.catalina.startup.HostConfig.deployDirectory Desplegando el directorio [/home/erick/Documentos/UTP/web integrado/enroute_aqp/apache-tomcat-9.0.109/webapps/examples] de la aplicación web
11-Sep-2025 23:36:19.492 INFO [main] org.apache.catalina.startup.HostConfig.deployDirectory Deployment of web application directory [/home/erick/Documentos/UTP/web integrado/enroute_aqp/apache-tomcat-9.0.109/webapps/examples] has finished in [134] ms
11-Sep-2025 23:36:19.494 INFO [main] org.apache.coyote.AbstractProtocol.start Starting ProtocolHandler ["http-nio-8080"]
11-Sep-2025 23:36:19.502 INFO [main] org.apache.catalina.startup.Catalina.start Server startup in [453] milliseconds
