06-Nov-2025 20:20:20.648 INFO [main] org.apache.catalina.startup.VersionLoggerListener.log Nombre de la versión del servidor: Apache Tomcat/9.0.109
06-Nov-2025 20:20:20.654 INFO [main] org.apache.catalina.startup.VersionLoggerListener.log Server built:                      Sep 1 2025 12:15:33 UTC
06-Nov-2025 20:20:20.654 INFO [main] org.apache.catalina.startup.VersionLoggerListener.log Número de versión de servidor:     9.0.109.0
06-Nov-2025 20:20:20.654 INFO [main] org.apache.catalina.startup.VersionLoggerListener.log OS Name:                           Windows 11
06-Nov-2025 20:20:20.654 INFO [main] org.apache.catalina.startup.VersionLoggerListener.log Versión de Systema Operativo:      10.0
06-Nov-2025 20:20:20.655 INFO [main] org.apache.catalina.startup.VersionLoggerListener.log Arquitectura:                      amd64
06-Nov-2025 20:20:20.655 INFO [main] org.apache.catalina.startup.VersionLoggerListener.log Java Home:                         C:\Program Files\Java\jdk-21
06-Nov-2025 20:20:20.655 INFO [main] org.apache.catalina.startup.VersionLoggerListener.log JVM Version:                       21.0.7+8-LTS-245
06-Nov-2025 20:20:20.655 INFO [main] org.apache.catalina.startup.VersionLoggerListener.log Vededor JVM:                       Oracle Corporation
06-Nov-2025 20:20:20.655 INFO [main] org.apache.catalina.startup.VersionLoggerListener.log CATALINA_BASE:                     D:\Erick\Documentos\UTP\web integrado\enroute_aqp\apache-tomcat-9.0.109
06-Nov-2025 20:20:20.655 INFO [main] org.apache.catalina.startup.VersionLoggerListener.log CATALINA_HOME:                     D:\Erick\Documentos\UTP\web integrado\enroute_aqp\apache-tomcat-9.0.109
06-Nov-2025 20:20:20.669 INFO [main] org.apache.catalina.startup.VersionLoggerListener.log Command line argument:             --add-opens=java.base/java.lang=ALL-UNNAMED
06-Nov-2025 20:20:20.671 INFO [main] org.apache.catalina.startup.VersionLoggerListener.log Command line argument:             --add-opens=java.base/java.lang.invoke=ALL-UNNAMED
06-Nov-2025 20:20:20.671 INFO [main] org.apache.catalina.startup.VersionLoggerListener.log Command line argument:             --add-opens=java.base/java.lang.reflect=ALL-UNNAMED
06-Nov-2025 20:20:20.671 INFO [main] org.apache.catalina.startup.VersionLoggerListener.log Command line argument:             --add-opens=java.base/java.io=ALL-UNNAMED
06-Nov-2025 20:20:20.671 INFO [main] org.apache.catalina.startup.VersionLoggerListener.log Command line argument:             --add-opens=java.base/java.util=ALL-UNNAMED
06-Nov-2025 20:20:20.671 INFO [main] org.apache.catalina.startup.VersionLoggerListener.log Command line argument:             --add-opens=java.base/java.util.concurrent=ALL-UNNAMED
06-Nov-2025 20:20:20.671 INFO [main] org.apache.catalina.startup.VersionLoggerListener.log Command line argument:             --add-opens=java.rmi/sun.rmi.transport=ALL-UNNAMED
06-Nov-2025 20:20:20.672 INFO [main] org.apache.catalina.startup.VersionLoggerListener.log Command line argument:             -Djava.util.logging.config.file=D:\Erick\Documentos\UTP\web integrado\enroute_aqp\apache-tomcat-9.0.109\conf\logging.properties
06-Nov-2025 20:20:20.672 INFO [main] org.apache.catalina.startup.VersionLoggerListener.log Command line argument:             -Djava.util.logging.manager=org.apache.juli.ClassLoaderLogManager
06-Nov-2025 20:20:20.672 INFO [main] org.apache.catalina.startup.VersionLoggerListener.log Command line argument:             -Djdk.tls.ephemeralDHKeySize=2048
06-Nov-2025 20:20:20.673 INFO [main] org.apache.catalina.startup.VersionLoggerListener.log Command line argument:             -Djava.protocol.handler.pkgs=org.apache.catalina.webresources
06-Nov-2025 20:20:20.673 INFO [main] org.apache.catalina.startup.VersionLoggerListener.log Command line argument:             -Dsun.io.useCanonCaches=false
06-Nov-2025 20:20:20.673 INFO [main] org.apache.catalina.startup.VersionLoggerListener.log Command line argument:             -Dignore.endorsed.dirs=
06-Nov-2025 20:20:20.673 INFO [main] org.apache.catalina.startup.VersionLoggerListener.log Command line argument:             -Dcatalina.base=D:\Erick\Documentos\UTP\web integrado\enroute_aqp\apache-tomcat-9.0.109
06-Nov-2025 20:20:20.695 INFO [main] org.apache.catalina.startup.VersionLoggerListener.log Command line argument:             -Dcatalina.home=D:\Erick\Documentos\UTP\web integrado\enroute_aqp\apache-tomcat-9.0.109
06-Nov-2025 20:20:20.695 INFO [main] org.apache.catalina.startup.VersionLoggerListener.log Command line argument:             -Djava.io.tmpdir=D:\Erick\Documentos\UTP\web integrado\enroute_aqp\apache-tomcat-9.0.109\temp
06-Nov-2025 20:20:20.702 INFO [main] org.apache.catalina.core.AprLifecycleListener.lifecycleEvent La biblioteca nativa de Apache Tomcat basada en ARP que permite un rendimiento óptimo en entornos de desarrollo no ha sido hallada en java.library.path: [C:\Program Files\Java\jdk-21\bin;C:\Windows\Sun\Java\bin;C:\Windows\system32;C:\Windows;C:\Program Files\Common Files\Oracle\Java\javapath;C:\Program Files (x86)\Common Files\Oracle\Java\java8path;C:\Program Files (x86)\Common Files\Oracle\Java\javapath;C:\Windows\system32;C:\Windows;C:\Windows\System32\Wbem;C:\Windows\System32\WindowsPowerShell\v1.0\;C:\Windows\System32\OpenSSH\;C:\Program Files (x86)\NVIDIA Corporation\PhysX\Common;C:\Program Files\NVIDIA Corporation\NVIDIA App\NvDLISR;C:\Program Files\dotnet\;C:\ProgramData\chocolatey\bin;C:\Program Files\Java\jdk-21\bin;C:\apache-tomcat-9.0.109\bin;C:\Program Files\Git\cmd;C:\Program Files (x86)\Windows Kits\10\Windows Performance Toolkit\;C:\Users\User\AppData\Local\Microsoft\WindowsApps;C:\Users\User\AppData\Local\GitHubDesktop\bin;C:\Users\User\AppData\Local\Programs\Microsoft VS Code\bin;C:\dev\flutter\bin;.]
06-Nov-2025 20:20:21.055 INFO [main] org.apache.coyote.AbstractProtocol.init Inicializando el manejador de protocolo ["http-nio-8080"]

06-Nov-2025 20:20:21.083 INFO [main] org.apache.catalina.startup.Catalina.load Server initialization in [696] milliseconds
06-Nov-2025 20:20:21.158 INFO [main] org.apache.catalina.core.StandardService.startInternal Arrancando servicio [Catalina]
06-Nov-2025 20:20:21.158 INFO [main] org.apache.catalina.core.StandardEngine.startInternal Starting Servlet engine: [Apache Tomcat/9.0.109]
06-Nov-2025 20:20:21.169 INFO [main] org.apache.catalina.startup.HostConfig.deployDescriptor Desplieque del descriptor de configuración [D:\Erick\Documentos\UTP\web integrado\enroute_aqp\apache-tomcat-9.0.109\conf\Catalina\localhost\enroute_aqp.xml]
06-Nov-2025 20:20:21.183 WARNING [main] org.apache.catalina.startup.HostConfig.deployDescriptor The path attribute with value [/enroute_aqp] in deployment descriptor [D:\Erick\Documentos\UTP\web integrado\enroute_aqp\apache-tomcat-9.0.109\conf\Catalina\localhost\enroute_aqp.xml] has been ignored
06-Nov-2025 20:20:21.221 SEVERE [main] org.apache.catalina.startup.HostConfig.deployDescriptor Error durante el despliegue del descriptor de configuración [D:\Erick\Documentos\UTP\web integrado\enroute_aqp\apache-tomcat-9.0.109\conf\Catalina\localhost\enroute_aqp.xml]
	java.lang.IllegalStateException: Error starting child
		at org.apache.catalina.core.ContainerBase.addChildInternal(ContainerBase.java:602)
		at org.apache.catalina.core.ContainerBase.addChild(ContainerBase.java:571)
		at org.apache.catalina.core.StandardHost.addChild(StandardHost.java:604)
		at org.apache.catalina.startup.HostConfig.deployDescriptor(HostConfig.java:680)
		at org.apache.catalina.startup.HostConfig$DeployDescriptor.run(HostConfig.java:1839)
		at java.base/java.util.concurrent.Executors$RunnableAdapter.call(Executors.java:572)
		at java.base/java.util.concurrent.FutureTask.run(FutureTask.java:317)
		at org.apache.tomcat.util.threads.InlineExecutorService.execute(InlineExecutorService.java:82)
		at java.base/java.util.concurrent.AbstractExecutorService.submit(AbstractExecutorService.java:123)
		at org.apache.catalina.startup.HostConfig.deployDescriptors(HostConfig.java:575)
		at org.apache.catalina.startup.HostConfig.deployApps(HostConfig.java:466)
		at org.apache.catalina.startup.HostConfig.start(HostConfig.java:1579)
		at org.apache.catalina.startup.HostConfig.lifecycleEvent(HostConfig.java:312)
		at org.apache.catalina.util.LifecycleBase.fireLifecycleEvent(LifecycleBase.java:109)
		at org.apache.catalina.util.LifecycleBase.setStateInternal(LifecycleBase.java:389)
		at org.apache.catalina.util.LifecycleBase.setState(LifecycleBase.java:336)
		at org.apache.catalina.core.ContainerBase.startInternal(ContainerBase.java:776)
		at org.apache.catalina.core.StandardHost.startInternal(StandardHost.java:722)
		at org.apache.catalina.util.LifecycleBase.start(LifecycleBase.java:164)
		at org.apache.catalina.core.ContainerBase$StartChild.call(ContainerBase.java:1203)
		at org.apache.catalina.core.ContainerBase$StartChild.call(ContainerBase.java:1193)
		at java.base/java.util.concurrent.FutureTask.run(FutureTask.java:317)
		at org.apache.tomcat.util.threads.InlineExecutorService.execute(InlineExecutorService.java:82)
		at java.base/java.util.concurrent.AbstractExecutorService.submit(AbstractExecutorService.java:145)
		at org.apache.catalina.core.ContainerBase.startInternal(ContainerBase.java:749)
		at org.apache.catalina.core.StandardEngine.startInternal(StandardEngine.java:211)
		at org.apache.catalina.util.LifecycleBase.start(LifecycleBase.java:164)
		at org.apache.catalina.core.StandardService.startInternal(StandardService.java:412)
		at org.apache.catalina.util.LifecycleBase.start(LifecycleBase.java:164)
		at org.apache.catalina.core.StandardServer.startInternal(StandardServer.java:874)
		at org.apache.catalina.util.LifecycleBase.start(LifecycleBase.java:164)
		at org.apache.catalina.startup.Catalina.start(Catalina.java:739)
		at java.base/jdk.internal.reflect.DirectMethodHandleAccessor.invoke(DirectMethodHandleAccessor.java:103)
		at java.base/java.lang.reflect.Method.invoke(Method.java:580)
		at org.apache.catalina.startup.Bootstrap.start(Bootstrap.java:345)
		at org.apache.catalina.startup.Bootstrap.main(Bootstrap.java:476)
	Caused by: org.apache.catalina.LifecycleException: Failed to start component [org.apache.catalina.webresources.StandardRoot@6a57ae10]
		at org.apache.catalina.util.LifecycleBase.handleSubClassException(LifecycleBase.java:404)
		at org.apache.catalina.util.LifecycleBase.start(LifecycleBase.java:179)
		at org.apache.catalina.core.StandardContext.resourcesStart(StandardContext.java:4172)
		at org.apache.catalina.core.StandardContext.startInternal(StandardContext.java:4294)
		at org.apache.catalina.util.LifecycleBase.start(LifecycleBase.java:164)
		at org.apache.catalina.core.ContainerBase.addChildInternal(ContainerBase.java:599)
		... 35 more
	Caused by: java.lang.IllegalArgumentException: The main resource set specified [D:\UTP-8\WebIntegrado\enroute_aqp\enroute_aqp\build\web] is not a directory or war file, or is not readable (it does not exist or permissions to access it are missing)
		at org.apache.catalina.webresources.StandardRoot.createMainResourceSet(StandardRoot.java:758)
		at org.apache.catalina.webresources.StandardRoot.startInternal(StandardRoot.java:715)
		at org.apache.catalina.util.LifecycleBase.start(LifecycleBase.java:164)
		... 39 more
06-Nov-2025 20:20:21.234 INFO [main] org.apache.catalina.startup.HostConfig.deployDescriptor Deployment of deployment descriptor [D:\Erick\Documentos\UTP\web integrado\enroute_aqp\apache-tomcat-9.0.109\conf\Catalina\localhost\enroute_aqp.xml] has finished in [62] ms
06-Nov-2025 20:20:21.234 INFO [main] org.apache.catalina.startup.HostConfig.deployDescriptor Desplieque del descriptor de configuración [D:\Erick\Documentos\UTP\web integrado\enroute_aqp\apache-tomcat-9.0.109\conf\Catalina\localhost\enroute_aqp1.xml]
06-Nov-2025 20:20:21.236 WARNING [main] org.apache.catalina.startup.HostConfig.deployDescriptor The path attribute with value [/enroute_aqp1] in deployment descriptor [D:\Erick\Documentos\UTP\web integrado\enroute_aqp\apache-tomcat-9.0.109\conf\Catalina\localhost\enroute_aqp1.xml] has been ignored
06-Nov-2025 20:20:22.191 INFO [main] org.apache.jasper.servlet.TldScanner.scanJars Al menos un JAR, que se ha explorado buscando TLDs, aún no contenía TLDs. Activar historial de depuración para este historiador para una completa lista de los JARs que fueron explorados y de los que nos se halló TLDs. Saltarse JARs no necesarios durante la exploración puede dar lugar a una mejora de tiempo significativa en el arranque y compilación de JSP .
06-Nov-2025 20:20:22.313 INFO [main] com.sun.faces.config.ConfigureListener.contextInitialized Inicializando Mojarra 2.2.20 ( 20190731-0757 59754ac80c05d61848a08939ddd11a324f2345ac) para el contexto '/enroute_aqp1'
06-Nov-2025 20:20:22.422 INFO [main] com.sun.faces.spi.InjectionProviderFactory.createInstance JSF1048: hay presentes anotaciones PostConstruct/PreDestroy.  Los métodos de beans administrados marcados con estas anotaciones procesarán dichas anotaciones.
06-Nov-2025 20:20:22.869 INFO [main] org.apache.catalina.startup.HostConfig.deployDescriptor Deployment of deployment descriptor [D:\Erick\Documentos\UTP\web integrado\enroute_aqp\apache-tomcat-9.0.109\conf\Catalina\localhost\enroute_aqp1.xml] has finished in [1.634] ms
06-Nov-2025 20:20:22.869 INFO [main] org.apache.catalina.startup.HostConfig.deployDescriptor Desplieque del descriptor de configuración [D:\Erick\Documentos\UTP\web integrado\enroute_aqp\apache-tomcat-9.0.109\conf\Catalina\localhost\enroute_aqp2.xml]
06-Nov-2025 20:20:22.871 WARNING [main] org.apache.catalina.startup.HostConfig.deployDescriptor The path attribute with value [/enroute_aqp2] in deployment descriptor [D:\Erick\Documentos\UTP\web integrado\enroute_aqp\apache-tomcat-9.0.109\conf\Catalina\localhost\enroute_aqp2.xml] has been ignored
06-Nov-2025 20:20:23.307 INFO [main] org.apache.jasper.servlet.TldScanner.scanJars Al menos un JAR, que se ha explorado buscando TLDs, aún no contenía TLDs. Activar historial de depuración para este historiador para una completa lista de los JARs que fueron explorados y de los que nos se halló TLDs. Saltarse JARs no necesarios durante la exploración puede dar lugar a una mejora de tiempo significativa en el arranque y compilación de JSP .
06-Nov-2025 20:20:23.388 INFO [main] com.sun.faces.config.ConfigureListener.contextInitialized Inicializando Mojarra 2.2.20 ( 20190731-0757 59754ac80c05d61848a08939ddd11a324f2345ac) para el contexto '/enroute_aqp2'
06-Nov-2025 20:20:23.457 INFO [main] com.sun.faces.spi.InjectionProviderFactory.createInstance JSF1048: hay presentes anotaciones PostConstruct/PreDestroy.  Los métodos de beans administrados marcados con estas anotaciones procesarán dichas anotaciones.
06-Nov-2025 20:20:23.761 INFO [main] com.sun.faces.config.ConfigureListener$WebConfigResourceMonitor$Monitor.<init> Monitoring file:/D:/Erick/Documentos/UTP/web%20integrado/enroute_aqp/enroute_aqp2/build/web/WEB-INF/faces-config.xml for modifications
06-Nov-2025 20:20:23.791 INFO [main] org.apache.catalina.startup.HostConfig.deployDescriptor Deployment of deployment descriptor [D:\Erick\Documentos\UTP\web integrado\enroute_aqp\apache-tomcat-9.0.109\conf\Catalina\localhost\enroute_aqp2.xml] has finished in [922] ms
06-Nov-2025 20:20:23.791 INFO [main] org.apache.catalina.startup.HostConfig.deployDescriptor Desplieque del descriptor de configuración [D:\Erick\Documentos\UTP\web integrado\enroute_aqp\apache-tomcat-9.0.109\conf\Catalina\localhost\LinkDJ.xml]
06-Nov-2025 20:20:23.793 WARNING [main] org.apache.catalina.startup.HostConfig.deployDescriptor The path attribute with value [/LinkDJ] in deployment descriptor [D:\Erick\Documentos\UTP\web integrado\enroute_aqp\apache-tomcat-9.0.109\conf\Catalina\localhost\LinkDJ.xml] has been ignored
06-Nov-2025 20:20:24.225 INFO [main] org.apache.jasper.servlet.TldScanner.scanJars Al menos un JAR, que se ha explorado buscando TLDs, aún no contenía TLDs. Activar historial de depuración para este historiador para una completa lista de los JARs que fueron explorados y de los que nos se halló TLDs. Saltarse JARs no necesarios durante la exploración puede dar lugar a una mejora de tiempo significativa en el arranque y compilación de JSP .
06-Nov-2025 20:20:24.280 INFO [main] com.sun.faces.config.ConfigureListener.contextInitialized Inicializando Mojarra 2.2.20 ( 20190731-0757 59754ac80c05d61848a08939ddd11a324f2345ac) para el contexto '/LinkDJ'
06-Nov-2025 20:20:24.324 INFO [main] com.sun.faces.spi.InjectionProviderFactory.createInstance JSF1048: hay presentes anotaciones PostConstruct/PreDestroy.  Los métodos de beans administrados marcados con estas anotaciones procesarán dichas anotaciones.
06-Nov-2025 20:20:24.575 INFO [main] org.apache.catalina.startup.HostConfig.deployDescriptor Deployment of deployment descriptor [D:\Erick\Documentos\UTP\web integrado\enroute_aqp\apache-tomcat-9.0.109\conf\Catalina\localhost\LinkDJ.xml] has finished in [783] ms
06-Nov-2025 20:20:24.575 INFO [main] org.apache.catalina.startup.HostConfig.deployDescriptor Desplieque del descriptor de configuración [D:\Erick\Documentos\UTP\web integrado\enroute_aqp\apache-tomcat-9.0.109\conf\Catalina\localhost\Test1.xml]
06-Nov-2025 20:20:24.576 WARNING [main] org.apache.catalina.startup.HostConfig.deployDescriptor The path attribute with value [/Test1] in deployment descriptor [D:\Erick\Documentos\UTP\web integrado\enroute_aqp\apache-tomcat-9.0.109\conf\Catalina\localhost\Test1.xml] has been ignored
06-Nov-2025 20:20:24.577 WARNING [main] org.apache.catalina.startup.HostConfig.deployDescriptor Se ha especificado un docBase [D:\Erick\Documentos\UTP\web integrado\enroute_aqp\apache-tomcat-9.0.109\webapps\home\erick\NetBeansProjects\Test1\build\web] dentro del appBase de la máquina y será ignorado
06-Nov-2025 20:20:24.580 SEVERE [main] org.apache.catalina.startup.HostConfig.deployDescriptor Error durante el despliegue del descriptor de configuración [D:\Erick\Documentos\UTP\web integrado\enroute_aqp\apache-tomcat-9.0.109\conf\Catalina\localhost\Test1.xml]
	java.lang.IllegalStateException: Error starting child
		at org.apache.catalina.core.ContainerBase.addChildInternal(ContainerBase.java:602)
		at org.apache.catalina.core.ContainerBase.addChild(ContainerBase.java:571)
		at org.apache.catalina.core.StandardHost.addChild(StandardHost.java:604)
		at org.apache.catalina.startup.HostConfig.deployDescriptor(HostConfig.java:680)
		at org.apache.catalina.startup.HostConfig$DeployDescriptor.run(HostConfig.java:1839)
		at java.base/java.util.concurrent.Executors$RunnableAdapter.call(Executors.java:572)
		at java.base/java.util.concurrent.FutureTask.run(FutureTask.java:317)
		at org.apache.tomcat.util.threads.InlineExecutorService.execute(InlineExecutorService.java:82)
		at java.base/java.util.concurrent.AbstractExecutorService.submit(AbstractExecutorService.java:123)
		at org.apache.catalina.startup.HostConfig.deployDescriptors(HostConfig.java:575)
		at org.apache.catalina.startup.HostConfig.deployApps(HostConfig.java:466)
		at org.apache.catalina.startup.HostConfig.start(HostConfig.java:1579)
		at org.apache.catalina.startup.HostConfig.lifecycleEvent(HostConfig.java:312)
		at org.apache.catalina.util.LifecycleBase.fireLifecycleEvent(LifecycleBase.java:109)
		at org.apache.catalina.util.LifecycleBase.setStateInternal(LifecycleBase.java:389)
		at org.apache.catalina.util.LifecycleBase.setState(LifecycleBase.java:336)
		at org.apache.catalina.core.ContainerBase.startInternal(ContainerBase.java:776)
		at org.apache.catalina.core.StandardHost.startInternal(StandardHost.java:722)
		at org.apache.catalina.util.LifecycleBase.start(LifecycleBase.java:164)
		at org.apache.catalina.core.ContainerBase$StartChild.call(ContainerBase.java:1203)
		at org.apache.catalina.core.ContainerBase$StartChild.call(ContainerBase.java:1193)
		at java.base/java.util.concurrent.FutureTask.run(FutureTask.java:317)
		at org.apache.tomcat.util.threads.InlineExecutorService.execute(InlineExecutorService.java:82)
		at java.base/java.util.concurrent.AbstractExecutorService.submit(AbstractExecutorService.java:145)
		at org.apache.catalina.core.ContainerBase.startInternal(ContainerBase.java:749)
		at org.apache.catalina.core.StandardEngine.startInternal(StandardEngine.java:211)
		at org.apache.catalina.util.LifecycleBase.start(LifecycleBase.java:164)
		at org.apache.catalina.core.StandardService.startInternal(StandardService.java:412)
		at org.apache.catalina.util.LifecycleBase.start(LifecycleBase.java:164)
		at org.apache.catalina.core.StandardServer.startInternal(StandardServer.java:874)
		at org.apache.catalina.util.LifecycleBase.start(LifecycleBase.java:164)
		at org.apache.catalina.startup.Catalina.start(Catalina.java:739)
		at java.base/jdk.internal.reflect.DirectMethodHandleAccessor.invoke(DirectMethodHandleAccessor.java:103)
		at java.base/java.lang.reflect.Method.invoke(Method.java:580)
		at org.apache.catalina.startup.Bootstrap.start(Bootstrap.java:345)
		at org.apache.catalina.startup.Bootstrap.main(Bootstrap.java:476)
	Caused by: org.apache.catalina.LifecycleException: Failed to start component [org.apache.catalina.webresources.StandardRoot@755a4ef5]
		at org.apache.catalina.util.LifecycleBase.handleSubClassException(LifecycleBase.java:404)
		at org.apache.catalina.util.LifecycleBase.start(LifecycleBase.java:179)
		at org.apache.catalina.core.StandardContext.resourcesStart(StandardContext.java:4172)
		at org.apache.catalina.core.StandardContext.startInternal(StandardContext.java:4294)
		at org.apache.catalina.util.LifecycleBase.start(LifecycleBase.java:164)
		at org.apache.catalina.core.ContainerBase.addChildInternal(ContainerBase.java:599)
		... 35 more
	Caused by: java.lang.IllegalArgumentException: The main resource set specified [D:\Erick\Documentos\UTP\web integrado\enroute_aqp\apache-tomcat-9.0.109\webapps\Test1] is not a directory or war file, or is not readable (it does not exist or permissions to access it are missing)
		at org.apache.catalina.webresources.StandardRoot.createMainResourceSet(StandardRoot.java:758)
		at org.apache.catalina.webresources.StandardRoot.startInternal(StandardRoot.java:715)
		at org.apache.catalina.util.LifecycleBase.start(LifecycleBase.java:164)
		... 39 more
06-Nov-2025 20:20:24.614 INFO [main] org.apache.catalina.startup.HostConfig.deployDescriptor Deployment of deployment descriptor [D:\Erick\Documentos\UTP\web integrado\enroute_aqp\apache-tomcat-9.0.109\conf\Catalina\localhost\Test1.xml] has finished in [38] ms
06-Nov-2025 20:20:24.614 INFO [main] org.apache.catalina.startup.HostConfig.deployDirectory Desplegando el directorio [D:\Erick\Documentos\UTP\web integrado\enroute_aqp\apache-tomcat-9.0.109\webapps\docs] de la aplicación web
06-Nov-2025 20:20:24.650 INFO [main] org.apache.catalina.startup.HostConfig.deployDirectory Deployment of web application directory [D:\Erick\Documentos\UTP\web integrado\enroute_aqp\apache-tomcat-9.0.109\webapps\docs] has finished in [36] ms
06-Nov-2025 20:20:24.650 INFO [main] org.apache.catalina.startup.HostConfig.deployDirectory Desplegando el directorio [D:\Erick\Documentos\UTP\web integrado\enroute_aqp\apache-tomcat-9.0.109\webapps\examples] de la aplicación web
06-Nov-2025 20:20:24.904 INFO [main] org.apache.catalina.startup.HostConfig.deployDirectory Deployment of web application directory [D:\Erick\Documentos\UTP\web integrado\enroute_aqp\apache-tomcat-9.0.109\webapps\examples] has finished in [254] ms
06-Nov-2025 20:20:24.904 INFO [main] org.apache.catalina.startup.HostConfig.deployDirectory Desplegando el directorio [D:\Erick\Documentos\UTP\web integrado\enroute_aqp\apache-tomcat-9.0.109\webapps\host-manager] de la aplicación web
06-Nov-2025 20:20:24.931 INFO [main] org.apache.catalina.startup.HostConfig.deployDirectory Deployment of web application directory [D:\Erick\Documentos\UTP\web integrado\enroute_aqp\apache-tomcat-9.0.109\webapps\host-manager] has finished in [27] ms
06-Nov-2025 20:20:24.932 INFO [main] org.apache.catalina.startup.HostConfig.deployDirectory Desplegando el directorio [D:\Erick\Documentos\UTP\web integrado\enroute_aqp\apache-tomcat-9.0.109\webapps\manager] de la aplicación web
06-Nov-2025 20:20:24.958 INFO [main] org.apache.catalina.startup.HostConfig.deployDirectory Deployment of web application directory [D:\Erick\Documentos\UTP\web integrado\enroute_aqp\apache-tomcat-9.0.109\webapps\manager] has finished in [26] ms
06-Nov-2025 20:20:24.958 INFO [main] org.apache.catalina.startup.HostConfig.deployDirectory Desplegando el directorio [D:\Erick\Documentos\UTP\web integrado\enroute_aqp\apache-tomcat-9.0.109\webapps\ROOT] de la aplicación web
06-Nov-2025 20:20:24.982 INFO [main] org.apache.catalina.startup.HostConfig.deployDirectory Deployment of web application directory [D:\Erick\Documentos\UTP\web integrado\enroute_aqp\apache-tomcat-9.0.109\webapps\ROOT] has finished in [24] ms
06-Nov-2025 20:20:24.986 INFO [main] org.apache.coyote.AbstractProtocol.start Starting ProtocolHandler ["http-nio-8080"]
06-Nov-2025 20:20:25.016 INFO [main] org.apache.catalina.startup.Catalina.start Server startup in [3932] milliseconds
06-Nov-2025 20:20:27.481 INFO [http-nio-8080-exec-10] org.apache.catalina.startup.HostConfig.undeploy Repliegue (undeploy) de la aplicación web que tiene como trayectoria de contexto [/enroute_aqp2]
06-Nov-2025 20:20:27.494 INFO [http-nio-8080-exec-8] org.apache.catalina.startup.HostConfig.deployDescriptor Desplieque del descriptor de configuración [D:\Erick\Documentos\UTP\web integrado\enroute_aqp\apache-tomcat-9.0.109\conf\Catalina\localhost\enroute_aqp2.xml]
06-Nov-2025 20:20:27.497 WARNING [http-nio-8080-exec-8] org.apache.catalina.startup.HostConfig.deployDescriptor The path attribute with value [/enroute_aqp2] in deployment descriptor [D:\Erick\Documentos\UTP\web integrado\enroute_aqp\apache-tomcat-9.0.109\conf\Catalina\localhost\enroute_aqp2.xml] has been ignored
06-Nov-2025 20:20:28.029 INFO [http-nio-8080-exec-8] org.apache.jasper.servlet.TldScanner.scanJars Al menos un JAR, que se ha explorado buscando TLDs, aún no contenía TLDs. Activar historial de depuración para este historiador para una completa lista de los JARs que fueron explorados y de los que nos se halló TLDs. Saltarse JARs no necesarios durante la exploración puede dar lugar a una mejora de tiempo significativa en el arranque y compilación de JSP .
06-Nov-2025 20:20:28.097 INFO [http-nio-8080-exec-8] com.sun.faces.config.ConfigureListener.contextInitialized Inicializando Mojarra 2.2.20 ( 20190731-0757 59754ac80c05d61848a08939ddd11a324f2345ac) para el contexto '/enroute_aqp2'
06-Nov-2025 20:20:28.171 INFO [http-nio-8080-exec-8] com.sun.faces.spi.InjectionProviderFactory.createInstance JSF1048: hay presentes anotaciones PostConstruct/PreDestroy.  Los métodos de beans administrados marcados con estas anotaciones procesarán dichas anotaciones.
06-Nov-2025 20:20:28.540 INFO [http-nio-8080-exec-8] com.sun.faces.config.ConfigureListener$WebConfigResourceMonitor$Monitor.<init> Monitoring file:/D:/Erick/Documentos/UTP/web%20integrado/enroute_aqp/enroute_aqp2/build/web/WEB-INF/faces-config.xml for modifications
06-Nov-2025 20:20:28.577 INFO [http-nio-8080-exec-8] org.apache.catalina.startup.HostConfig.deployDescriptor Deployment of deployment descriptor [D:\Erick\Documentos\UTP\web integrado\enroute_aqp\apache-tomcat-9.0.109\conf\Catalina\localhost\enroute_aqp2.xml] has finished in [1.083] ms
06-Nov-2025 20:21:25.127 INFO [main] org.apache.catalina.core.StandardServer.await Se ha recibido un comando de apagado a través del puerto de apagado. Parando la instancia del Servidor.
06-Nov-2025 20:21:25.127 INFO [main] org.apache.coyote.AbstractProtocol.pause Pausing ProtocolHandler ["http-nio-8080"]
06-Nov-2025 20:21:25.145 INFO [main] org.apache.catalina.core.StandardService.stopInternal Parando servicio [Catalina]
06-Nov-2025 20:21:25.200 INFO [main] org.apache.coyote.AbstractProtocol.stop Stopping ProtocolHandler ["http-nio-8080"]
06-Nov-2025 20:21:25.212 INFO [main] org.apache.coyote.AbstractProtocol.destroy Destroying ProtocolHandler ["http-nio-8080"]
06-Nov-2025 20:53:49.204 INFO [main] org.apache.catalina.startup.VersionLoggerListener.log Nombre de la versión del servidor: Apache Tomcat/9.0.109
06-Nov-2025 20:53:49.209 INFO [main] org.apache.catalina.startup.VersionLoggerListener.log Server built:                      Sep 1 2025 12:15:33 UTC
06-Nov-2025 20:53:49.209 INFO [main] org.apache.catalina.startup.VersionLoggerListener.log Número de versión de servidor:     9.0.109.0
06-Nov-2025 20:53:49.209 INFO [main] org.apache.catalina.startup.VersionLoggerListener.log OS Name:                           Windows 11
06-Nov-2025 20:53:49.209 INFO [main] org.apache.catalina.startup.VersionLoggerListener.log Versión de Systema Operativo:      10.0
06-Nov-2025 20:53:49.209 INFO [main] org.apache.catalina.startup.VersionLoggerListener.log Arquitectura:                      amd64
06-Nov-2025 20:53:49.210 INFO [main] org.apache.catalina.startup.VersionLoggerListener.log Java Home:                         C:\Program Files\Java\jdk-21
06-Nov-2025 20:53:49.210 INFO [main] org.apache.catalina.startup.VersionLoggerListener.log JVM Version:                       21.0.7+8-LTS-245
06-Nov-2025 20:53:49.210 INFO [main] org.apache.catalina.startup.VersionLoggerListener.log Vededor JVM:                       Oracle Corporation
06-Nov-2025 20:53:49.210 INFO [main] org.apache.catalina.startup.VersionLoggerListener.log CATALINA_BASE:                     D:\Erick\Documentos\UTP\web integrado\enroute_aqp\apache-tomcat-9.0.109
06-Nov-2025 20:53:49.210 INFO [main] org.apache.catalina.startup.VersionLoggerListener.log CATALINA_HOME:                     D:\Erick\Documentos\UTP\web integrado\enroute_aqp\apache-tomcat-9.0.109
06-Nov-2025 20:53:49.222 INFO [main] org.apache.catalina.startup.VersionLoggerListener.log Command line argument:             --add-opens=java.base/java.lang=ALL-UNNAMED
06-Nov-2025 20:53:49.222 INFO [main] org.apache.catalina.startup.VersionLoggerListener.log Command line argument:             --add-opens=java.base/java.lang.invoke=ALL-UNNAMED
06-Nov-2025 20:53:49.223 INFO [main] org.apache.catalina.startup.VersionLoggerListener.log Command line argument:             --add-opens=java.base/java.lang.reflect=ALL-UNNAMED
06-Nov-2025 20:53:49.223 INFO [main] org.apache.catalina.startup.VersionLoggerListener.log Command line argument:             --add-opens=java.base/java.io=ALL-UNNAMED
06-Nov-2025 20:53:49.223 INFO [main] org.apache.catalina.startup.VersionLoggerListener.log Command line argument:             --add-opens=java.base/java.util=ALL-UNNAMED
06-Nov-2025 20:53:49.223 INFO [main] org.apache.catalina.startup.VersionLoggerListener.log Command line argument:             --add-opens=java.base/java.util.concurrent=ALL-UNNAMED
06-Nov-2025 20:53:49.223 INFO [main] org.apache.catalina.startup.VersionLoggerListener.log Command line argument:             --add-opens=java.rmi/sun.rmi.transport=ALL-UNNAMED
06-Nov-2025 20:53:49.223 INFO [main] org.apache.catalina.startup.VersionLoggerListener.log Command line argument:             -Djava.util.logging.config.file=D:\Erick\Documentos\UTP\web integrado\enroute_aqp\apache-tomcat-9.0.109\conf\logging.properties
06-Nov-2025 20:53:49.224 INFO [main] org.apache.catalina.startup.VersionLoggerListener.log Command line argument:             -Djava.util.logging.manager=org.apache.juli.ClassLoaderLogManager
06-Nov-2025 20:53:49.224 INFO [main] org.apache.catalina.startup.VersionLoggerListener.log Command line argument:             -Djdk.tls.ephemeralDHKeySize=2048
06-Nov-2025 20:53:49.224 INFO [main] org.apache.catalina.startup.VersionLoggerListener.log Command line argument:             -Djava.protocol.handler.pkgs=org.apache.catalina.webresources
06-Nov-2025 20:53:49.224 INFO [main] org.apache.catalina.startup.VersionLoggerListener.log Command line argument:             -Dsun.io.useCanonCaches=false
06-Nov-2025 20:53:49.224 INFO [main] org.apache.catalina.startup.VersionLoggerListener.log Command line argument:             -Dignore.endorsed.dirs=
06-Nov-2025 20:53:49.224 INFO [main] org.apache.catalina.startup.VersionLoggerListener.log Command line argument:             -Dcatalina.base=D:\Erick\Documentos\UTP\web integrado\enroute_aqp\apache-tomcat-9.0.109
06-Nov-2025 20:53:49.227 INFO [main] org.apache.catalina.startup.VersionLoggerListener.log Command line argument:             -Dcatalina.home=D:\Erick\Documentos\UTP\web integrado\enroute_aqp\apache-tomcat-9.0.109
06-Nov-2025 20:53:49.227 INFO [main] org.apache.catalina.startup.VersionLoggerListener.log Command line argument:             -Djava.io.tmpdir=D:\Erick\Documentos\UTP\web integrado\enroute_aqp\apache-tomcat-9.0.109\temp
06-Nov-2025 20:53:49.237 INFO [main] org.apache.catalina.core.AprLifecycleListener.lifecycleEvent La biblioteca nativa de Apache Tomcat basada en ARP que permite un rendimiento óptimo en entornos de desarrollo no ha sido hallada en java.library.path: [C:\Program Files\Java\jdk-21\bin;C:\Windows\Sun\Java\bin;C:\Windows\system32;C:\Windows;C:\Program Files\Common Files\Oracle\Java\javapath;C:\Program Files (x86)\Common Files\Oracle\Java\java8path;C:\Program Files (x86)\Common Files\Oracle\Java\javapath;C:\Windows\system32;C:\Windows;C:\Windows\System32\Wbem;C:\Windows\System32\WindowsPowerShell\v1.0\;C:\Windows\System32\OpenSSH\;C:\Program Files (x86)\NVIDIA Corporation\PhysX\Common;C:\Program Files\NVIDIA Corporation\NVIDIA App\NvDLISR;C:\Program Files\dotnet\;C:\ProgramData\chocolatey\bin;C:\Program Files\Java\jdk-21\bin;C:\apache-tomcat-9.0.109\bin;C:\Program Files\Git\cmd;C:\Program Files (x86)\Windows Kits\10\Windows Performance Toolkit\;C:\Users\User\AppData\Local\Microsoft\WindowsApps;C:\Users\User\AppData\Local\GitHubDesktop\bin;C:\Users\User\AppData\Local\Programs\Microsoft VS Code\bin;C:\dev\flutter\bin;.]
06-Nov-2025 20:53:49.583 INFO [main] org.apache.coyote.AbstractProtocol.init Inicializando el manejador de protocolo ["http-nio-8080"]

06-Nov-2025 20:53:49.615 INFO [main] org.apache.catalina.startup.Catalina.load Server initialization in [646] milliseconds
06-Nov-2025 20:53:49.683 INFO [main] org.apache.catalina.core.StandardService.startInternal Arrancando servicio [Catalina]
06-Nov-2025 20:53:49.684 INFO [main] org.apache.catalina.core.StandardEngine.startInternal Starting Servlet engine: [Apache Tomcat/9.0.109]
06-Nov-2025 20:53:49.694 INFO [main] org.apache.catalina.startup.HostConfig.deployDescriptor Desplieque del descriptor de configuración [D:\Erick\Documentos\UTP\web integrado\enroute_aqp\apache-tomcat-9.0.109\conf\Catalina\localhost\enroute_aqp.xml]
06-Nov-2025 20:53:49.716 WARNING [main] org.apache.catalina.startup.HostConfig.deployDescriptor The path attribute with value [/enroute_aqp] in deployment descriptor [D:\Erick\Documentos\UTP\web integrado\enroute_aqp\apache-tomcat-9.0.109\conf\Catalina\localhost\enroute_aqp.xml] has been ignored
06-Nov-2025 20:53:49.763 SEVERE [main] org.apache.catalina.startup.HostConfig.deployDescriptor Error durante el despliegue del descriptor de configuración [D:\Erick\Documentos\UTP\web integrado\enroute_aqp\apache-tomcat-9.0.109\conf\Catalina\localhost\enroute_aqp.xml]
	java.lang.IllegalStateException: Error starting child
		at org.apache.catalina.core.ContainerBase.addChildInternal(ContainerBase.java:602)
		at org.apache.catalina.core.ContainerBase.addChild(ContainerBase.java:571)
		at org.apache.catalina.core.StandardHost.addChild(StandardHost.java:604)
		at org.apache.catalina.startup.HostConfig.deployDescriptor(HostConfig.java:680)
		at org.apache.catalina.startup.HostConfig$DeployDescriptor.run(HostConfig.java:1839)
		at java.base/java.util.concurrent.Executors$RunnableAdapter.call(Executors.java:572)
		at java.base/java.util.concurrent.FutureTask.run(FutureTask.java:317)
		at org.apache.tomcat.util.threads.InlineExecutorService.execute(InlineExecutorService.java:82)
		at java.base/java.util.concurrent.AbstractExecutorService.submit(AbstractExecutorService.java:123)
		at org.apache.catalina.startup.HostConfig.deployDescriptors(HostConfig.java:575)
		at org.apache.catalina.startup.HostConfig.deployApps(HostConfig.java:466)
		at org.apache.catalina.startup.HostConfig.start(HostConfig.java:1579)
		at org.apache.catalina.startup.HostConfig.lifecycleEvent(HostConfig.java:312)
		at org.apache.catalina.util.LifecycleBase.fireLifecycleEvent(LifecycleBase.java:109)
		at org.apache.catalina.util.LifecycleBase.setStateInternal(LifecycleBase.java:389)
		at org.apache.catalina.util.LifecycleBase.setState(LifecycleBase.java:336)
		at org.apache.catalina.core.ContainerBase.startInternal(ContainerBase.java:776)
		at org.apache.catalina.core.StandardHost.startInternal(StandardHost.java:722)
		at org.apache.catalina.util.LifecycleBase.start(LifecycleBase.java:164)
		at org.apache.catalina.core.ContainerBase$StartChild.call(ContainerBase.java:1203)
		at org.apache.catalina.core.ContainerBase$StartChild.call(ContainerBase.java:1193)
		at java.base/java.util.concurrent.FutureTask.run(FutureTask.java:317)
		at org.apache.tomcat.util.threads.InlineExecutorService.execute(InlineExecutorService.java:82)
		at java.base/java.util.concurrent.AbstractExecutorService.submit(AbstractExecutorService.java:145)
		at org.apache.catalina.core.ContainerBase.startInternal(ContainerBase.java:749)
		at org.apache.catalina.core.StandardEngine.startInternal(StandardEngine.java:211)
		at org.apache.catalina.util.LifecycleBase.start(LifecycleBase.java:164)
		at org.apache.catalina.core.StandardService.startInternal(StandardService.java:412)
		at org.apache.catalina.util.LifecycleBase.start(LifecycleBase.java:164)
		at org.apache.catalina.core.StandardServer.startInternal(StandardServer.java:874)
		at org.apache.catalina.util.LifecycleBase.start(LifecycleBase.java:164)
		at org.apache.catalina.startup.Catalina.start(Catalina.java:739)
		at java.base/jdk.internal.reflect.DirectMethodHandleAccessor.invoke(DirectMethodHandleAccessor.java:103)
		at java.base/java.lang.reflect.Method.invoke(Method.java:580)
		at org.apache.catalina.startup.Bootstrap.start(Bootstrap.java:345)
		at org.apache.catalina.startup.Bootstrap.main(Bootstrap.java:476)
	Caused by: org.apache.catalina.LifecycleException: Failed to start component [org.apache.catalina.webresources.StandardRoot@37fb0bed]
		at org.apache.catalina.util.LifecycleBase.handleSubClassException(LifecycleBase.java:404)
		at org.apache.catalina.util.LifecycleBase.start(LifecycleBase.java:179)
		at org.apache.catalina.core.StandardContext.resourcesStart(StandardContext.java:4172)
		at org.apache.catalina.core.StandardContext.startInternal(StandardContext.java:4294)
		at org.apache.catalina.util.LifecycleBase.start(LifecycleBase.java:164)
		at org.apache.catalina.core.ContainerBase.addChildInternal(ContainerBase.java:599)
		... 35 more
	Caused by: java.lang.IllegalArgumentException: The main resource set specified [D:\UTP-8\WebIntegrado\enroute_aqp\enroute_aqp\build\web] is not a directory or war file, or is not readable (it does not exist or permissions to access it are missing)
		at org.apache.catalina.webresources.StandardRoot.createMainResourceSet(StandardRoot.java:758)
		at org.apache.catalina.webresources.StandardRoot.startInternal(StandardRoot.java:715)
		at org.apache.catalina.util.LifecycleBase.start(LifecycleBase.java:164)
		... 39 more
06-Nov-2025 20:53:49.809 INFO [main] org.apache.catalina.startup.HostConfig.deployDescriptor Deployment of deployment descriptor [D:\Erick\Documentos\UTP\web integrado\enroute_aqp\apache-tomcat-9.0.109\conf\Catalina\localhost\enroute_aqp.xml] has finished in [110] ms
06-Nov-2025 20:53:49.809 INFO [main] org.apache.catalina.startup.HostConfig.deployDescriptor Desplieque del descriptor de configuración [D:\Erick\Documentos\UTP\web integrado\enroute_aqp\apache-tomcat-9.0.109\conf\Catalina\localhost\enroute_aqp1.xml]
06-Nov-2025 20:53:49.812 WARNING [main] org.apache.catalina.startup.HostConfig.deployDescriptor The path attribute with value [/enroute_aqp1] in deployment descriptor [D:\Erick\Documentos\UTP\web integrado\enroute_aqp\apache-tomcat-9.0.109\conf\Catalina\localhost\enroute_aqp1.xml] has been ignored
06-Nov-2025 20:53:50.874 INFO [main] org.apache.jasper.servlet.TldScanner.scanJars Al menos un JAR, que se ha explorado buscando TLDs, aún no contenía TLDs. Activar historial de depuración para este historiador para una completa lista de los JARs que fueron explorados y de los que nos se halló TLDs. Saltarse JARs no necesarios durante la exploración puede dar lugar a una mejora de tiempo significativa en el arranque y compilación de JSP .
06-Nov-2025 20:53:50.990 INFO [main] com.sun.faces.config.ConfigureListener.contextInitialized Inicializando Mojarra 2.2.20 ( 20190731-0757 59754ac80c05d61848a08939ddd11a324f2345ac) para el contexto '/enroute_aqp1'
06-Nov-2025 20:53:51.107 INFO [main] com.sun.faces.spi.InjectionProviderFactory.createInstance JSF1048: hay presentes anotaciones PostConstruct/PreDestroy.  Los métodos de beans administrados marcados con estas anotaciones procesarán dichas anotaciones.
06-Nov-2025 20:53:51.625 INFO [main] org.apache.catalina.startup.HostConfig.deployDescriptor Deployment of deployment descriptor [D:\Erick\Documentos\UTP\web integrado\enroute_aqp\apache-tomcat-9.0.109\conf\Catalina\localhost\enroute_aqp1.xml] has finished in [1.815] ms
06-Nov-2025 20:53:51.625 INFO [main] org.apache.catalina.startup.HostConfig.deployDescriptor Desplieque del descriptor de configuración [D:\Erick\Documentos\UTP\web integrado\enroute_aqp\apache-tomcat-9.0.109\conf\Catalina\localhost\enroute_aqp2.xml]
06-Nov-2025 20:53:51.627 WARNING [main] org.apache.catalina.startup.HostConfig.deployDescriptor The path attribute with value [/enroute_aqp2] in deployment descriptor [D:\Erick\Documentos\UTP\web integrado\enroute_aqp\apache-tomcat-9.0.109\conf\Catalina\localhost\enroute_aqp2.xml] has been ignored
06-Nov-2025 20:53:52.157 INFO [main] org.apache.jasper.servlet.TldScanner.scanJars Al menos un JAR, que se ha explorado buscando TLDs, aún no contenía TLDs. Activar historial de depuración para este historiador para una completa lista de los JARs que fueron explorados y de los que nos se halló TLDs. Saltarse JARs no necesarios durante la exploración puede dar lugar a una mejora de tiempo significativa en el arranque y compilación de JSP .
06-Nov-2025 20:53:52.242 INFO [main] com.sun.faces.config.ConfigureListener.contextInitialized Inicializando Mojarra 2.2.20 ( 20190731-0757 59754ac80c05d61848a08939ddd11a324f2345ac) para el contexto '/enroute_aqp2'
06-Nov-2025 20:53:52.320 INFO [main] com.sun.faces.spi.InjectionProviderFactory.createInstance JSF1048: hay presentes anotaciones PostConstruct/PreDestroy.  Los métodos de beans administrados marcados con estas anotaciones procesarán dichas anotaciones.
06-Nov-2025 20:53:52.625 INFO [main] com.sun.faces.config.ConfigureListener$WebConfigResourceMonitor$Monitor.<init> Monitoring file:/D:/Erick/Documentos/UTP/web%20integrado/enroute_aqp/enroute_aqp2/build/web/WEB-INF/faces-config.xml for modifications
06-Nov-2025 20:53:52.686 INFO [main] org.apache.catalina.startup.HostConfig.deployDescriptor Deployment of deployment descriptor [D:\Erick\Documentos\UTP\web integrado\enroute_aqp\apache-tomcat-9.0.109\conf\Catalina\localhost\enroute_aqp2.xml] has finished in [1.061] ms
06-Nov-2025 20:53:52.687 INFO [main] org.apache.catalina.startup.HostConfig.deployDescriptor Desplieque del descriptor de configuración [D:\Erick\Documentos\UTP\web integrado\enroute_aqp\apache-tomcat-9.0.109\conf\Catalina\localhost\LinkDJ.xml]
06-Nov-2025 20:53:52.688 WARNING [main] org.apache.catalina.startup.HostConfig.deployDescriptor The path attribute with value [/LinkDJ] in deployment descriptor [D:\Erick\Documentos\UTP\web integrado\enroute_aqp\apache-tomcat-9.0.109\conf\Catalina\localhost\LinkDJ.xml] has been ignored
06-Nov-2025 20:53:53.109 INFO [main] org.apache.jasper.servlet.TldScanner.scanJars Al menos un JAR, que se ha explorado buscando TLDs, aún no contenía TLDs. Activar historial de depuración para este historiador para una completa lista de los JARs que fueron explorados y de los que nos se halló TLDs. Saltarse JARs no necesarios durante la exploración puede dar lugar a una mejora de tiempo significativa en el arranque y compilación de JSP .
06-Nov-2025 20:53:53.185 INFO [main] com.sun.faces.config.ConfigureListener.contextInitialized Inicializando Mojarra 2.2.20 ( 20190731-0757 59754ac80c05d61848a08939ddd11a324f2345ac) para el contexto '/LinkDJ'
06-Nov-2025 20:53:53.240 INFO [main] com.sun.faces.spi.InjectionProviderFactory.createInstance JSF1048: hay presentes anotaciones PostConstruct/PreDestroy.  Los métodos de beans administrados marcados con estas anotaciones procesarán dichas anotaciones.
06-Nov-2025 20:53:53.465 INFO [main] org.apache.catalina.startup.HostConfig.deployDescriptor Deployment of deployment descriptor [D:\Erick\Documentos\UTP\web integrado\enroute_aqp\apache-tomcat-9.0.109\conf\Catalina\localhost\LinkDJ.xml] has finished in [778] ms
06-Nov-2025 20:53:53.465 INFO [main] org.apache.catalina.startup.HostConfig.deployDescriptor Desplieque del descriptor de configuración [D:\Erick\Documentos\UTP\web integrado\enroute_aqp\apache-tomcat-9.0.109\conf\Catalina\localhost\Test1.xml]
06-Nov-2025 20:53:53.467 WARNING [main] org.apache.catalina.startup.HostConfig.deployDescriptor The path attribute with value [/Test1] in deployment descriptor [D:\Erick\Documentos\UTP\web integrado\enroute_aqp\apache-tomcat-9.0.109\conf\Catalina\localhost\Test1.xml] has been ignored
06-Nov-2025 20:53:53.467 WARNING [main] org.apache.catalina.startup.HostConfig.deployDescriptor Se ha especificado un docBase [D:\Erick\Documentos\UTP\web integrado\enroute_aqp\apache-tomcat-9.0.109\webapps\home\erick\NetBeansProjects\Test1\build\web] dentro del appBase de la máquina y será ignorado
06-Nov-2025 20:53:53.471 SEVERE [main] org.apache.catalina.startup.HostConfig.deployDescriptor Error durante el despliegue del descriptor de configuración [D:\Erick\Documentos\UTP\web integrado\enroute_aqp\apache-tomcat-9.0.109\conf\Catalina\localhost\Test1.xml]
	java.lang.IllegalStateException: Error starting child
		at org.apache.catalina.core.ContainerBase.addChildInternal(ContainerBase.java:602)
		at org.apache.catalina.core.ContainerBase.addChild(ContainerBase.java:571)
		at org.apache.catalina.core.StandardHost.addChild(StandardHost.java:604)
		at org.apache.catalina.startup.HostConfig.deployDescriptor(HostConfig.java:680)
		at org.apache.catalina.startup.HostConfig$DeployDescriptor.run(HostConfig.java:1839)
		at java.base/java.util.concurrent.Executors$RunnableAdapter.call(Executors.java:572)
		at java.base/java.util.concurrent.FutureTask.run(FutureTask.java:317)
		at org.apache.tomcat.util.threads.InlineExecutorService.execute(InlineExecutorService.java:82)
		at java.base/java.util.concurrent.AbstractExecutorService.submit(AbstractExecutorService.java:123)
		at org.apache.catalina.startup.HostConfig.deployDescriptors(HostConfig.java:575)
		at org.apache.catalina.startup.HostConfig.deployApps(HostConfig.java:466)
		at org.apache.catalina.startup.HostConfig.start(HostConfig.java:1579)
		at org.apache.catalina.startup.HostConfig.lifecycleEvent(HostConfig.java:312)
		at org.apache.catalina.util.LifecycleBase.fireLifecycleEvent(LifecycleBase.java:109)
		at org.apache.catalina.util.LifecycleBase.setStateInternal(LifecycleBase.java:389)
		at org.apache.catalina.util.LifecycleBase.setState(LifecycleBase.java:336)
		at org.apache.catalina.core.ContainerBase.startInternal(ContainerBase.java:776)
		at org.apache.catalina.core.StandardHost.startInternal(StandardHost.java:722)
		at org.apache.catalina.util.LifecycleBase.start(LifecycleBase.java:164)
		at org.apache.catalina.core.ContainerBase$StartChild.call(ContainerBase.java:1203)
		at org.apache.catalina.core.ContainerBase$StartChild.call(ContainerBase.java:1193)
		at java.base/java.util.concurrent.FutureTask.run(FutureTask.java:317)
		at org.apache.tomcat.util.threads.InlineExecutorService.execute(InlineExecutorService.java:82)
		at java.base/java.util.concurrent.AbstractExecutorService.submit(AbstractExecutorService.java:145)
		at org.apache.catalina.core.ContainerBase.startInternal(ContainerBase.java:749)
		at org.apache.catalina.core.StandardEngine.startInternal(StandardEngine.java:211)
		at org.apache.catalina.util.LifecycleBase.start(LifecycleBase.java:164)
		at org.apache.catalina.core.StandardService.startInternal(StandardService.java:412)
		at org.apache.catalina.util.LifecycleBase.start(LifecycleBase.java:164)
		at org.apache.catalina.core.StandardServer.startInternal(StandardServer.java:874)
		at org.apache.catalina.util.LifecycleBase.start(LifecycleBase.java:164)
		at org.apache.catalina.startup.Catalina.start(Catalina.java:739)
		at java.base/jdk.internal.reflect.DirectMethodHandleAccessor.invoke(DirectMethodHandleAccessor.java:103)
		at java.base/java.lang.reflect.Method.invoke(Method.java:580)
		at org.apache.catalina.startup.Bootstrap.start(Bootstrap.java:345)
		at org.apache.catalina.startup.Bootstrap.main(Bootstrap.java:476)
	Caused by: org.apache.catalina.LifecycleException: Failed to start component [org.apache.catalina.webresources.StandardRoot@4ee80a94]
		at org.apache.catalina.util.LifecycleBase.handleSubClassException(LifecycleBase.java:404)
		at org.apache.catalina.util.LifecycleBase.start(LifecycleBase.java:179)
		at org.apache.catalina.core.StandardContext.resourcesStart(StandardContext.java:4172)
		at org.apache.catalina.core.StandardContext.startInternal(StandardContext.java:4294)
		at org.apache.catalina.util.LifecycleBase.start(LifecycleBase.java:164)
		at org.apache.catalina.core.ContainerBase.addChildInternal(ContainerBase.java:599)
		... 35 more
	Caused by: java.lang.IllegalArgumentException: The main resource set specified [D:\Erick\Documentos\UTP\web integrado\enroute_aqp\apache-tomcat-9.0.109\webapps\Test1] is not a directory or war file, or is not readable (it does not exist or permissions to access it are missing)
		at org.apache.catalina.webresources.StandardRoot.createMainResourceSet(StandardRoot.java:758)
		at org.apache.catalina.webresources.StandardRoot.startInternal(StandardRoot.java:715)
		at org.apache.catalina.util.LifecycleBase.start(LifecycleBase.java:164)
		... 39 more
06-Nov-2025 20:53:53.511 INFO [main] org.apache.catalina.startup.HostConfig.deployDescriptor Deployment of deployment descriptor [D:\Erick\Documentos\UTP\web integrado\enroute_aqp\apache-tomcat-9.0.109\conf\Catalina\localhost\Test1.xml] has finished in [46] ms
06-Nov-2025 20:53:53.512 INFO [main] org.apache.catalina.startup.HostConfig.deployDirectory Desplegando el directorio [D:\Erick\Documentos\UTP\web integrado\enroute_aqp\apache-tomcat-9.0.109\webapps\docs] de la aplicación web
06-Nov-2025 20:53:53.534 INFO [main] org.apache.catalina.startup.HostConfig.deployDirectory Deployment of web application directory [D:\Erick\Documentos\UTP\web integrado\enroute_aqp\apache-tomcat-9.0.109\webapps\docs] has finished in [22] ms
06-Nov-2025 20:53:53.534 INFO [main] org.apache.catalina.startup.HostConfig.deployDirectory Desplegando el directorio [D:\Erick\Documentos\UTP\web integrado\enroute_aqp\apache-tomcat-9.0.109\webapps\examples] de la aplicación web
06-Nov-2025 20:53:53.746 INFO [main] org.apache.catalina.startup.HostConfig.deployDirectory Deployment of web application directory [D:\Erick\Documentos\UTP\web integrado\enroute_aqp\apache-tomcat-9.0.109\webapps\examples] has finished in [212] ms
06-Nov-2025 20:53:53.746 INFO [main] org.apache.catalina.startup.HostConfig.deployDirectory Desplegando el directorio [D:\Erick\Documentos\UTP\web integrado\enroute_aqp\apache-tomcat-9.0.109\webapps\host-manager] de la aplicación web
06-Nov-2025 20:53:53.772 INFO [main] org.apache.catalina.startup.HostConfig.deployDirectory Deployment of web application directory [D:\Erick\Documentos\UTP\web integrado\enroute_aqp\apache-tomcat-9.0.109\webapps\host-manager] has finished in [25] ms
06-Nov-2025 20:53:53.772 INFO [main] org.apache.catalina.startup.HostConfig.deployDirectory Desplegando el directorio [D:\Erick\Documentos\UTP\web integrado\enroute_aqp\apache-tomcat-9.0.109\webapps\manager] de la aplicación web
06-Nov-2025 20:53:53.799 INFO [main] org.apache.catalina.startup.HostConfig.deployDirectory Deployment of web application directory [D:\Erick\Documentos\UTP\web integrado\enroute_aqp\apache-tomcat-9.0.109\webapps\manager] has finished in [27] ms
06-Nov-2025 20:53:53.800 INFO [main] org.apache.catalina.startup.HostConfig.deployDirectory Desplegando el directorio [D:\Erick\Documentos\UTP\web integrado\enroute_aqp\apache-tomcat-9.0.109\webapps\ROOT] de la aplicación web
06-Nov-2025 20:53:53.824 INFO [main] org.apache.catalina.startup.HostConfig.deployDirectory Deployment of web application directory [D:\Erick\Documentos\UTP\web integrado\enroute_aqp\apache-tomcat-9.0.109\webapps\ROOT] has finished in [25] ms
06-Nov-2025 20:53:53.826 INFO [main] org.apache.coyote.AbstractProtocol.start Starting ProtocolHandler ["http-nio-8080"]
06-Nov-2025 20:53:53.849 INFO [main] org.apache.catalina.startup.Catalina.start Server startup in [4231] milliseconds
06-Nov-2025 20:53:56.192 INFO [http-nio-8080-exec-9] org.apache.catalina.startup.HostConfig.undeploy Repliegue (undeploy) de la aplicación web que tiene como trayectoria de contexto [/enroute_aqp2]
06-Nov-2025 20:53:56.207 INFO [http-nio-8080-exec-4] org.apache.catalina.startup.HostConfig.deployDescriptor Desplieque del descriptor de configuración [D:\Erick\Documentos\UTP\web integrado\enroute_aqp\apache-tomcat-9.0.109\conf\Catalina\localhost\enroute_aqp2.xml]
06-Nov-2025 20:53:56.208 WARNING [http-nio-8080-exec-4] org.apache.catalina.startup.HostConfig.deployDescriptor The path attribute with value [/enroute_aqp2] in deployment descriptor [D:\Erick\Documentos\UTP\web integrado\enroute_aqp\apache-tomcat-9.0.109\conf\Catalina\localhost\enroute_aqp2.xml] has been ignored
06-Nov-2025 20:53:56.722 INFO [http-nio-8080-exec-4] org.apache.jasper.servlet.TldScanner.scanJars Al menos un JAR, que se ha explorado buscando TLDs, aún no contenía TLDs. Activar historial de depuración para este historiador para una completa lista de los JARs que fueron explorados y de los que nos se halló TLDs. Saltarse JARs no necesarios durante la exploración puede dar lugar a una mejora de tiempo significativa en el arranque y compilación de JSP .
06-Nov-2025 20:53:56.780 INFO [http-nio-8080-exec-4] com.sun.faces.config.ConfigureListener.contextInitialized Inicializando Mojarra 2.2.20 ( 20190731-0757 59754ac80c05d61848a08939ddd11a324f2345ac) para el contexto '/enroute_aqp2'
06-Nov-2025 20:53:56.847 INFO [http-nio-8080-exec-4] com.sun.faces.spi.InjectionProviderFactory.createInstance JSF1048: hay presentes anotaciones PostConstruct/PreDestroy.  Los métodos de beans administrados marcados con estas anotaciones procesarán dichas anotaciones.
06-Nov-2025 20:53:57.130 INFO [http-nio-8080-exec-4] com.sun.faces.config.ConfigureListener$WebConfigResourceMonitor$Monitor.<init> Monitoring file:/D:/Erick/Documentos/UTP/web%20integrado/enroute_aqp/enroute_aqp2/build/web/WEB-INF/faces-config.xml for modifications
06-Nov-2025 20:53:57.171 INFO [http-nio-8080-exec-4] org.apache.catalina.startup.HostConfig.deployDescriptor Deployment of deployment descriptor [D:\Erick\Documentos\UTP\web integrado\enroute_aqp\apache-tomcat-9.0.109\conf\Catalina\localhost\enroute_aqp2.xml] has finished in [964] ms
06-Nov-2025 20:54:27.949 INFO [main] org.apache.catalina.core.StandardServer.await Se ha recibido un comando de apagado a través del puerto de apagado. Parando la instancia del Servidor.
06-Nov-2025 20:54:27.950 INFO [main] org.apache.coyote.AbstractProtocol.pause Pausing ProtocolHandler ["http-nio-8080"]
06-Nov-2025 20:54:27.967 INFO [main] org.apache.catalina.core.StandardService.stopInternal Parando servicio [Catalina]
06-Nov-2025 20:54:28.004 INFO [main] org.apache.coyote.AbstractProtocol.stop Stopping ProtocolHandler ["http-nio-8080"]
06-Nov-2025 20:54:28.014 INFO [main] org.apache.coyote.AbstractProtocol.destroy Destroying ProtocolHandler ["http-nio-8080"]
