23-Oct-2025 07:57:16.762 INFO [main] org.apache.catalina.startup.VersionLoggerListener.log Nombre de la versión del servidor: Apache Tomcat/9.0.109
23-Oct-2025 07:57:16.766 INFO [main] org.apache.catalina.startup.VersionLoggerListener.log Server built:                      Sep 1 2025 12:15:33 UTC
23-Oct-2025 07:57:16.766 INFO [main] org.apache.catalina.startup.VersionLoggerListener.log Número de versión de servidor:     9.0.109.0
23-Oct-2025 07:57:16.766 INFO [main] org.apache.catalina.startup.VersionLoggerListener.log OS Name:                           Windows 11
23-Oct-2025 07:57:16.766 INFO [main] org.apache.catalina.startup.VersionLoggerListener.log Versión de Systema Operativo:      10.0
23-Oct-2025 07:57:16.766 INFO [main] org.apache.catalina.startup.VersionLoggerListener.log Arquitectura:                      amd64
23-Oct-2025 07:57:16.766 INFO [main] org.apache.catalina.startup.VersionLoggerListener.log Java Home:                         C:\Program Files\Java\jdk-21
23-Oct-2025 07:57:16.766 INFO [main] org.apache.catalina.startup.VersionLoggerListener.log JVM Version:                       21.0.7+8-LTS-245
23-Oct-2025 07:57:16.766 INFO [main] org.apache.catalina.startup.VersionLoggerListener.log Vededor JVM:                       Oracle Corporation
23-Oct-2025 07:57:16.766 INFO [main] org.apache.catalina.startup.VersionLoggerListener.log CATALINA_BASE:                     D:\Erick\Documentos\UTP\web integrado\enroute_aqp\apache-tomcat-9.0.109
23-Oct-2025 07:57:16.766 INFO [main] org.apache.catalina.startup.VersionLoggerListener.log CATALINA_HOME:                     D:\Erick\Documentos\UTP\web integrado\enroute_aqp\apache-tomcat-9.0.109
23-Oct-2025 07:57:16.774 INFO [main] org.apache.catalina.startup.VersionLoggerListener.log Command line argument:             --add-opens=java.base/java.lang=ALL-UNNAMED
23-Oct-2025 07:57:16.774 INFO [main] org.apache.catalina.startup.VersionLoggerListener.log Command line argument:             --add-opens=java.base/java.lang.invoke=ALL-UNNAMED
23-Oct-2025 07:57:16.774 INFO [main] org.apache.catalina.startup.VersionLoggerListener.log Command line argument:             --add-opens=java.base/java.lang.reflect=ALL-UNNAMED
23-Oct-2025 07:57:16.774 INFO [main] org.apache.catalina.startup.VersionLoggerListener.log Command line argument:             --add-opens=java.base/java.io=ALL-UNNAMED
23-Oct-2025 07:57:16.774 INFO [main] org.apache.catalina.startup.VersionLoggerListener.log Command line argument:             --add-opens=java.base/java.util=ALL-UNNAMED
23-Oct-2025 07:57:16.774 INFO [main] org.apache.catalina.startup.VersionLoggerListener.log Command line argument:             --add-opens=java.base/java.util.concurrent=ALL-UNNAMED
23-Oct-2025 07:57:16.774 INFO [main] org.apache.catalina.startup.VersionLoggerListener.log Command line argument:             --add-opens=java.rmi/sun.rmi.transport=ALL-UNNAMED
23-Oct-2025 07:57:16.774 INFO [main] org.apache.catalina.startup.VersionLoggerListener.log Command line argument:             -Djava.util.logging.config.file=D:\Erick\Documentos\UTP\web integrado\enroute_aqp\apache-tomcat-9.0.109\conf\logging.properties
23-Oct-2025 07:57:16.774 INFO [main] org.apache.catalina.startup.VersionLoggerListener.log Command line argument:             -Djava.util.logging.manager=org.apache.juli.ClassLoaderLogManager
23-Oct-2025 07:57:16.774 INFO [main] org.apache.catalina.startup.VersionLoggerListener.log Command line argument:             -Djdk.tls.ephemeralDHKeySize=2048
23-Oct-2025 07:57:16.774 INFO [main] org.apache.catalina.startup.VersionLoggerListener.log Command line argument:             -Djava.protocol.handler.pkgs=org.apache.catalina.webresources
23-Oct-2025 07:57:16.774 INFO [main] org.apache.catalina.startup.VersionLoggerListener.log Command line argument:             -Dsun.io.useCanonCaches=false
23-Oct-2025 07:57:16.775 INFO [main] org.apache.catalina.startup.VersionLoggerListener.log Command line argument:             -Dignore.endorsed.dirs=
23-Oct-2025 07:57:16.775 INFO [main] org.apache.catalina.startup.VersionLoggerListener.log Command line argument:             -Dcatalina.base=D:\Erick\Documentos\UTP\web integrado\enroute_aqp\apache-tomcat-9.0.109
23-Oct-2025 07:57:16.790 INFO [main] org.apache.catalina.startup.VersionLoggerListener.log Command line argument:             -Dcatalina.home=D:\Erick\Documentos\UTP\web integrado\enroute_aqp\apache-tomcat-9.0.109
23-Oct-2025 07:57:16.790 INFO [main] org.apache.catalina.startup.VersionLoggerListener.log Command line argument:             -Djava.io.tmpdir=D:\Erick\Documentos\UTP\web integrado\enroute_aqp\apache-tomcat-9.0.109\temp
23-Oct-2025 07:57:16.798 INFO [main] org.apache.catalina.core.AprLifecycleListener.lifecycleEvent La biblioteca nativa de Apache Tomcat basada en ARP que permite un rendimiento óptimo en entornos de desarrollo no ha sido hallada en java.library.path: [C:\Program Files\Java\jdk-21\bin;C:\Windows\Sun\Java\bin;C:\Windows\system32;C:\Windows;C:\Program Files\Common Files\Oracle\Java\javapath;C:\Program Files (x86)\Common Files\Oracle\Java\java8path;C:\Program Files (x86)\Common Files\Oracle\Java\javapath;C:\Windows\system32;C:\Windows;C:\Windows\System32\Wbem;C:\Windows\System32\WindowsPowerShell\v1.0\;C:\Windows\System32\OpenSSH\;C:\Program Files (x86)\NVIDIA Corporation\PhysX\Common;C:\Program Files\NVIDIA Corporation\NVIDIA App\NvDLISR;C:\Program Files\dotnet\;C:\ProgramData\chocolatey\bin;C:\Program Files\Java\jdk-21\bin;C:\apache-tomcat-9.0.109\bin;C:\Program Files\Git\cmd;C:\Program Files (x86)\Windows Kits\10\Windows Performance Toolkit\;C:\Users\User\AppData\Local\Microsoft\WindowsApps;C:\Users\User\AppData\Local\GitHubDesktop\bin;C:\Users\User\AppData\Local\Programs\Microsoft VS Code\bin;C:\dev\flutter\bin;.]
23-Oct-2025 07:57:17.069 INFO [main] org.apache.coyote.AbstractProtocol.init Inicializando el manejador de protocolo ["http-nio-8080"]

23-Oct-2025 07:57:17.090 INFO [main] org.apache.catalina.startup.Catalina.load Server initialization in [528] milliseconds
23-Oct-2025 07:57:17.140 INFO [main] org.apache.catalina.core.StandardService.startInternal Arrancando servicio [Catalina]
23-Oct-2025 07:57:17.140 INFO [main] org.apache.catalina.core.StandardEngine.startInternal Starting Servlet engine: [Apache Tomcat/9.0.109]
23-Oct-2025 07:57:17.149 INFO [main] org.apache.catalina.startup.HostConfig.deployDescriptor Desplieque del descriptor de configuración [D:\Erick\Documentos\UTP\web integrado\enroute_aqp\apache-tomcat-9.0.109\conf\Catalina\localhost\enroute_aqp.xml]
23-Oct-2025 07:57:17.162 WARNING [main] org.apache.catalina.startup.HostConfig.deployDescriptor The path attribute with value [/enroute_aqp] in deployment descriptor [D:\Erick\Documentos\UTP\web integrado\enroute_aqp\apache-tomcat-9.0.109\conf\Catalina\localhost\enroute_aqp.xml] has been ignored
23-Oct-2025 07:57:17.193 SEVERE [main] org.apache.catalina.startup.HostConfig.deployDescriptor Error durante el despliegue del descriptor de configuración [D:\Erick\Documentos\UTP\web integrado\enroute_aqp\apache-tomcat-9.0.109\conf\Catalina\localhost\enroute_aqp.xml]
	java.lang.IllegalStateException: Error starting child
		at org.apache.catalina.core.ContainerBase.addChildInternal(ContainerBase.java:602)
		at org.apache.catalina.core.ContainerBase.addChild(ContainerBase.java:571)
		at org.apache.catalina.core.StandardHost.addChild(StandardHost.java:604)
		at org.apache.catalina.startup.HostConfig.deployDescriptor(HostConfig.java:680)
		at org.apache.catalina.startup.HostConfig$DeployDescriptor.run(HostConfig.java:1839)
		at java.base/java.util.concurrent.Executors$RunnableAdapter.call(Executors.java:572)
		at java.base/java.util.concurrent.FutureTask.run(FutureTask.java:317)
		at org.apache.tomcat.util.threads.InlineExecutorService.execute(InlineExecutorService.java:82)
		at java.base/java.util.concurrent.AbstractExecutorService.submit(AbstractExecutorService.java:123)
		at org.apache.catalina.startup.HostConfig.deployDescriptors(HostConfig.java:575)
		at org.apache.catalina.startup.HostConfig.deployApps(HostConfig.java:466)
		at org.apache.catalina.startup.HostConfig.start(HostConfig.java:1579)
		at org.apache.catalina.startup.HostConfig.lifecycleEvent(HostConfig.java:312)
		at org.apache.catalina.util.LifecycleBase.fireLifecycleEvent(LifecycleBase.java:109)
		at org.apache.catalina.util.LifecycleBase.setStateInternal(LifecycleBase.java:389)
		at org.apache.catalina.util.LifecycleBase.setState(LifecycleBase.java:336)
		at org.apache.catalina.core.ContainerBase.startInternal(ContainerBase.java:776)
		at org.apache.catalina.core.StandardHost.startInternal(StandardHost.java:722)
		at org.apache.catalina.util.LifecycleBase.start(LifecycleBase.java:164)
		at org.apache.catalina.core.ContainerBase$StartChild.call(ContainerBase.java:1203)
		at org.apache.catalina.core.ContainerBase$StartChild.call(ContainerBase.java:1193)
		at java.base/java.util.concurrent.FutureTask.run(FutureTask.java:317)
		at org.apache.tomcat.util.threads.InlineExecutorService.execute(InlineExecutorService.java:82)
		at java.base/java.util.concurrent.AbstractExecutorService.submit(AbstractExecutorService.java:145)
		at org.apache.catalina.core.ContainerBase.startInternal(ContainerBase.java:749)
		at org.apache.catalina.core.StandardEngine.startInternal(StandardEngine.java:211)
		at org.apache.catalina.util.LifecycleBase.start(LifecycleBase.java:164)
		at org.apache.catalina.core.StandardService.startInternal(StandardService.java:412)
		at org.apache.catalina.util.LifecycleBase.start(LifecycleBase.java:164)
		at org.apache.catalina.core.StandardServer.startInternal(StandardServer.java:874)
		at org.apache.catalina.util.LifecycleBase.start(LifecycleBase.java:164)
		at org.apache.catalina.startup.Catalina.start(Catalina.java:739)
		at java.base/jdk.internal.reflect.DirectMethodHandleAccessor.invoke(DirectMethodHandleAccessor.java:103)
		at java.base/java.lang.reflect.Method.invoke(Method.java:580)
		at org.apache.catalina.startup.Bootstrap.start(Bootstrap.java:345)
		at org.apache.catalina.startup.Bootstrap.main(Bootstrap.java:476)
	Caused by: org.apache.catalina.LifecycleException: Failed to start component [org.apache.catalina.webresources.StandardRoot@a82c5f1]
		at org.apache.catalina.util.LifecycleBase.handleSubClassException(LifecycleBase.java:404)
		at org.apache.catalina.util.LifecycleBase.start(LifecycleBase.java:179)
		at org.apache.catalina.core.StandardContext.resourcesStart(StandardContext.java:4172)
		at org.apache.catalina.core.StandardContext.startInternal(StandardContext.java:4294)
		at org.apache.catalina.util.LifecycleBase.start(LifecycleBase.java:164)
		at org.apache.catalina.core.ContainerBase.addChildInternal(ContainerBase.java:599)
		... 35 more
	Caused by: java.lang.IllegalArgumentException: The main resource set specified [D:\UTP-8\WebIntegrado\enroute_aqp\enroute_aqp\build\web] is not a directory or war file, or is not readable (it does not exist or permissions to access it are missing)
		at org.apache.catalina.webresources.StandardRoot.createMainResourceSet(StandardRoot.java:758)
		at org.apache.catalina.webresources.StandardRoot.startInternal(StandardRoot.java:715)
		at org.apache.catalina.util.LifecycleBase.start(LifecycleBase.java:164)
		... 39 more
23-Oct-2025 07:57:17.223 INFO [main] org.apache.catalina.startup.HostConfig.deployDescriptor Deployment of deployment descriptor [D:\Erick\Documentos\UTP\web integrado\enroute_aqp\apache-tomcat-9.0.109\conf\Catalina\localhost\enroute_aqp.xml] has finished in [71] ms
23-Oct-2025 07:57:17.223 INFO [main] org.apache.catalina.startup.HostConfig.deployDescriptor Desplieque del descriptor de configuración [D:\Erick\Documentos\UTP\web integrado\enroute_aqp\apache-tomcat-9.0.109\conf\Catalina\localhost\enroute_aqp1.xml]
23-Oct-2025 07:57:17.225 WARNING [main] org.apache.catalina.startup.HostConfig.deployDescriptor The path attribute with value [/enroute_aqp1] in deployment descriptor [D:\Erick\Documentos\UTP\web integrado\enroute_aqp\apache-tomcat-9.0.109\conf\Catalina\localhost\enroute_aqp1.xml] has been ignored
23-Oct-2025 07:57:17.787 INFO [main] org.apache.jasper.servlet.TldScanner.scanJars Al menos un JAR, que se ha explorado buscando TLDs, aún no contenía TLDs. Activar historial de depuración para este historiador para una completa lista de los JARs que fueron explorados y de los que nos se halló TLDs. Saltarse JARs no necesarios durante la exploración puede dar lugar a una mejora de tiempo significativa en el arranque y compilación de JSP .
23-Oct-2025 07:57:17.855 INFO [main] org.apache.catalina.startup.HostConfig.deployDescriptor Deployment of deployment descriptor [D:\Erick\Documentos\UTP\web integrado\enroute_aqp\apache-tomcat-9.0.109\conf\Catalina\localhost\enroute_aqp1.xml] has finished in [632] ms
23-Oct-2025 07:57:17.855 INFO [main] org.apache.catalina.startup.HostConfig.deployDescriptor Desplieque del descriptor de configuración [D:\Erick\Documentos\UTP\web integrado\enroute_aqp\apache-tomcat-9.0.109\conf\Catalina\localhost\Test1.xml]
23-Oct-2025 07:57:17.857 WARNING [main] org.apache.catalina.startup.HostConfig.deployDescriptor The path attribute with value [/Test1] in deployment descriptor [D:\Erick\Documentos\UTP\web integrado\enroute_aqp\apache-tomcat-9.0.109\conf\Catalina\localhost\Test1.xml] has been ignored
23-Oct-2025 07:57:17.857 WARNING [main] org.apache.catalina.startup.HostConfig.deployDescriptor Se ha especificado un docBase [D:\Erick\Documentos\UTP\web integrado\enroute_aqp\apache-tomcat-9.0.109\webapps\home\erick\NetBeansProjects\Test1\build\web] dentro del appBase de la máquina y será ignorado
23-Oct-2025 07:57:17.861 SEVERE [main] org.apache.catalina.startup.HostConfig.deployDescriptor Error durante el despliegue del descriptor de configuración [D:\Erick\Documentos\UTP\web integrado\enroute_aqp\apache-tomcat-9.0.109\conf\Catalina\localhost\Test1.xml]
	java.lang.IllegalStateException: Error starting child
		at org.apache.catalina.core.ContainerBase.addChildInternal(ContainerBase.java:602)
		at org.apache.catalina.core.ContainerBase.addChild(ContainerBase.java:571)
		at org.apache.catalina.core.StandardHost.addChild(StandardHost.java:604)
		at org.apache.catalina.startup.HostConfig.deployDescriptor(HostConfig.java:680)
		at org.apache.catalina.startup.HostConfig$DeployDescriptor.run(HostConfig.java:1839)
		at java.base/java.util.concurrent.Executors$RunnableAdapter.call(Executors.java:572)
		at java.base/java.util.concurrent.FutureTask.run(FutureTask.java:317)
		at org.apache.tomcat.util.threads.InlineExecutorService.execute(InlineExecutorService.java:82)
		at java.base/java.util.concurrent.AbstractExecutorService.submit(AbstractExecutorService.java:123)
		at org.apache.catalina.startup.HostConfig.deployDescriptors(HostConfig.java:575)
		at org.apache.catalina.startup.HostConfig.deployApps(HostConfig.java:466)
		at org.apache.catalina.startup.HostConfig.start(HostConfig.java:1579)
		at org.apache.catalina.startup.HostConfig.lifecycleEvent(HostConfig.java:312)
		at org.apache.catalina.util.LifecycleBase.fireLifecycleEvent(LifecycleBase.java:109)
		at org.apache.catalina.util.LifecycleBase.setStateInternal(LifecycleBase.java:389)
		at org.apache.catalina.util.LifecycleBase.setState(LifecycleBase.java:336)
		at org.apache.catalina.core.ContainerBase.startInternal(ContainerBase.java:776)
		at org.apache.catalina.core.StandardHost.startInternal(StandardHost.java:722)
		at org.apache.catalina.util.LifecycleBase.start(LifecycleBase.java:164)
		at org.apache.catalina.core.ContainerBase$StartChild.call(ContainerBase.java:1203)
		at org.apache.catalina.core.ContainerBase$StartChild.call(ContainerBase.java:1193)
		at java.base/java.util.concurrent.FutureTask.run(FutureTask.java:317)
		at org.apache.tomcat.util.threads.InlineExecutorService.execute(InlineExecutorService.java:82)
		at java.base/java.util.concurrent.AbstractExecutorService.submit(AbstractExecutorService.java:145)
		at org.apache.catalina.core.ContainerBase.startInternal(ContainerBase.java:749)
		at org.apache.catalina.core.StandardEngine.startInternal(StandardEngine.java:211)
		at org.apache.catalina.util.LifecycleBase.start(LifecycleBase.java:164)
		at org.apache.catalina.core.StandardService.startInternal(StandardService.java:412)
		at org.apache.catalina.util.LifecycleBase.start(LifecycleBase.java:164)
		at org.apache.catalina.core.StandardServer.startInternal(StandardServer.java:874)
		at org.apache.catalina.util.LifecycleBase.start(LifecycleBase.java:164)
		at org.apache.catalina.startup.Catalina.start(Catalina.java:739)
		at java.base/jdk.internal.reflect.DirectMethodHandleAccessor.invoke(DirectMethodHandleAccessor.java:103)
		at java.base/java.lang.reflect.Method.invoke(Method.java:580)
		at org.apache.catalina.startup.Bootstrap.start(Bootstrap.java:345)
		at org.apache.catalina.startup.Bootstrap.main(Bootstrap.java:476)
	Caused by: org.apache.catalina.LifecycleException: Failed to start component [org.apache.catalina.webresources.StandardRoot@6edcd0d8]
		at org.apache.catalina.util.LifecycleBase.handleSubClassException(LifecycleBase.java:404)
		at org.apache.catalina.util.LifecycleBase.start(LifecycleBase.java:179)
		at org.apache.catalina.core.StandardContext.resourcesStart(StandardContext.java:4172)
		at org.apache.catalina.core.StandardContext.startInternal(StandardContext.java:4294)
		at org.apache.catalina.util.LifecycleBase.start(LifecycleBase.java:164)
		at org.apache.catalina.core.ContainerBase.addChildInternal(ContainerBase.java:599)
		... 35 more
	Caused by: java.lang.IllegalArgumentException: The main resource set specified [D:\Erick\Documentos\UTP\web integrado\enroute_aqp\apache-tomcat-9.0.109\webapps\Test1] is not a directory or war file, or is not readable (it does not exist or permissions to access it are missing)
		at org.apache.catalina.webresources.StandardRoot.createMainResourceSet(StandardRoot.java:758)
		at org.apache.catalina.webresources.StandardRoot.startInternal(StandardRoot.java:715)
		at org.apache.catalina.util.LifecycleBase.start(LifecycleBase.java:164)
		... 39 more
23-Oct-2025 07:57:17.864 INFO [main] org.apache.catalina.startup.HostConfig.deployDescriptor Deployment of deployment descriptor [D:\Erick\Documentos\UTP\web integrado\enroute_aqp\apache-tomcat-9.0.109\conf\Catalina\localhost\Test1.xml] has finished in [9] ms
23-Oct-2025 07:57:17.865 INFO [main] org.apache.catalina.startup.HostConfig.deployDirectory Desplegando el directorio [D:\Erick\Documentos\UTP\web integrado\enroute_aqp\apache-tomcat-9.0.109\webapps\docs] de la aplicación web
23-Oct-2025 07:57:17.902 INFO [main] org.apache.catalina.startup.HostConfig.deployDirectory Deployment of web application directory [D:\Erick\Documentos\UTP\web integrado\enroute_aqp\apache-tomcat-9.0.109\webapps\docs] has finished in [37] ms
23-Oct-2025 07:57:17.902 INFO [main] org.apache.catalina.startup.HostConfig.deployDirectory Desplegando el directorio [D:\Erick\Documentos\UTP\web integrado\enroute_aqp\apache-tomcat-9.0.109\webapps\examples] de la aplicación web
23-Oct-2025 07:57:18.640 INFO [main] org.apache.catalina.startup.HostConfig.deployDirectory Deployment of web application directory [D:\Erick\Documentos\UTP\web integrado\enroute_aqp\apache-tomcat-9.0.109\webapps\examples] has finished in [738] ms
23-Oct-2025 07:57:18.641 INFO [main] org.apache.catalina.startup.HostConfig.deployDirectory Desplegando el directorio [D:\Erick\Documentos\UTP\web integrado\enroute_aqp\apache-tomcat-9.0.109\webapps\host-manager] de la aplicación web
23-Oct-2025 07:57:18.668 INFO [main] org.apache.catalina.startup.HostConfig.deployDirectory Deployment of web application directory [D:\Erick\Documentos\UTP\web integrado\enroute_aqp\apache-tomcat-9.0.109\webapps\host-manager] has finished in [27] ms
23-Oct-2025 07:57:18.668 INFO [main] org.apache.catalina.startup.HostConfig.deployDirectory Desplegando el directorio [D:\Erick\Documentos\UTP\web integrado\enroute_aqp\apache-tomcat-9.0.109\webapps\manager] de la aplicación web
23-Oct-2025 07:57:18.700 INFO [main] org.apache.catalina.startup.HostConfig.deployDirectory Deployment of web application directory [D:\Erick\Documentos\UTP\web integrado\enroute_aqp\apache-tomcat-9.0.109\webapps\manager] has finished in [32] ms
23-Oct-2025 07:57:18.700 INFO [main] org.apache.catalina.startup.HostConfig.deployDirectory Desplegando el directorio [D:\Erick\Documentos\UTP\web integrado\enroute_aqp\apache-tomcat-9.0.109\webapps\ROOT] de la aplicación web
23-Oct-2025 07:57:18.720 INFO [main] org.apache.catalina.startup.HostConfig.deployDirectory Deployment of web application directory [D:\Erick\Documentos\UTP\web integrado\enroute_aqp\apache-tomcat-9.0.109\webapps\ROOT] has finished in [20] ms
23-Oct-2025 07:57:18.725 INFO [main] org.apache.coyote.AbstractProtocol.start Starting ProtocolHandler ["http-nio-8080"]
23-Oct-2025 07:57:18.748 INFO [main] org.apache.catalina.startup.Catalina.start Server startup in [1656] milliseconds
23-Oct-2025 07:57:20.943 INFO [http-nio-8080-exec-9] org.apache.catalina.startup.HostConfig.undeploy Repliegue (undeploy) de la aplicación web que tiene como trayectoria de contexto [/enroute_aqp1]
23-Oct-2025 07:57:20.960 INFO [http-nio-8080-exec-1] org.apache.catalina.startup.HostConfig.deployDescriptor Desplieque del descriptor de configuración [D:\Erick\Documentos\UTP\web integrado\enroute_aqp\apache-tomcat-9.0.109\conf\Catalina\localhost\enroute_aqp1.xml]
23-Oct-2025 07:57:20.962 WARNING [http-nio-8080-exec-1] org.apache.catalina.startup.HostConfig.deployDescriptor The path attribute with value [/enroute_aqp1] in deployment descriptor [D:\Erick\Documentos\UTP\web integrado\enroute_aqp\apache-tomcat-9.0.109\conf\Catalina\localhost\enroute_aqp1.xml] has been ignored
23-Oct-2025 07:57:21.136 INFO [http-nio-8080-exec-1] org.apache.jasper.servlet.TldScanner.scanJars Al menos un JAR, que se ha explorado buscando TLDs, aún no contenía TLDs. Activar historial de depuración para este historiador para una completa lista de los JARs que fueron explorados y de los que nos se halló TLDs. Saltarse JARs no necesarios durante la exploración puede dar lugar a una mejora de tiempo significativa en el arranque y compilación de JSP .
23-Oct-2025 07:57:21.145 INFO [http-nio-8080-exec-1] org.apache.catalina.startup.HostConfig.deployDescriptor Deployment of deployment descriptor [D:\Erick\Documentos\UTP\web integrado\enroute_aqp\apache-tomcat-9.0.109\conf\Catalina\localhost\enroute_aqp1.xml] has finished in [185] ms
23-Oct-2025 07:57:21.149 INFO [http-nio-8080-exec-5] org.apache.catalina.util.LifecycleBase.start The start() method was called on component [StandardEngine[Catalina].StandardHost[localhost].StandardContext[/enroute_aqp1]] after start() had already been called. The second call will be ignored.
23-Oct-2025 08:01:33.371 INFO [http-nio-8080-exec-12] org.apache.catalina.core.StandardContext.reload Ha comenzado la recarga de Contexto [/enroute_aqp1]
23-Oct-2025 08:01:33.760 INFO [http-nio-8080-exec-12] org.apache.jasper.servlet.TldScanner.scanJars Al menos un JAR, que se ha explorado buscando TLDs, aún no contenía TLDs. Activar historial de depuración para este historiador para una completa lista de los JARs que fueron explorados y de los que nos se halló TLDs. Saltarse JARs no necesarios durante la exploración puede dar lugar a una mejora de tiempo significativa en el arranque y compilación de JSP .
23-Oct-2025 08:01:33.787 INFO [http-nio-8080-exec-12] org.apache.catalina.core.StandardContext.reload Se ha completado la recarga de este Contexto
23-Oct-2025 08:02:03.658 INFO [http-nio-8080-exec-12] org.apache.catalina.startup.HostConfig.undeploy Repliegue (undeploy) de la aplicación web que tiene como trayectoria de contexto [/enroute_aqp1]
23-Oct-2025 08:02:08.462 INFO [http-nio-8080-exec-21] org.apache.catalina.startup.HostConfig.deployDescriptor Desplieque del descriptor de configuración [D:\Erick\Documentos\UTP\web integrado\enroute_aqp\apache-tomcat-9.0.109\conf\Catalina\localhost\enroute_aqp1.xml]
23-Oct-2025 08:02:08.463 WARNING [http-nio-8080-exec-21] org.apache.catalina.startup.HostConfig.deployDescriptor The path attribute with value [/enroute_aqp1] in deployment descriptor [D:\Erick\Documentos\UTP\web integrado\enroute_aqp\apache-tomcat-9.0.109\conf\Catalina\localhost\enroute_aqp1.xml] has been ignored
23-Oct-2025 08:02:08.634 INFO [http-nio-8080-exec-21] org.apache.jasper.servlet.TldScanner.scanJars Al menos un JAR, que se ha explorado buscando TLDs, aún no contenía TLDs. Activar historial de depuración para este historiador para una completa lista de los JARs que fueron explorados y de los que nos se halló TLDs. Saltarse JARs no necesarios durante la exploración puede dar lugar a una mejora de tiempo significativa en el arranque y compilación de JSP .
23-Oct-2025 08:02:08.643 INFO [http-nio-8080-exec-21] org.apache.catalina.startup.HostConfig.deployDescriptor Deployment of deployment descriptor [D:\Erick\Documentos\UTP\web integrado\enroute_aqp\apache-tomcat-9.0.109\conf\Catalina\localhost\enroute_aqp1.xml] has finished in [181] ms
23-Oct-2025 08:02:08.646 INFO [http-nio-8080-exec-12] org.apache.catalina.util.LifecycleBase.start The start() method was called on component [StandardEngine[Catalina].StandardHost[localhost].StandardContext[/enroute_aqp1]] after start() had already been called. The second call will be ignored.
23-Oct-2025 08:11:30.777 INFO [http-nio-8080-exec-22] org.apache.catalina.startup.HostConfig.undeploy Repliegue (undeploy) de la aplicación web que tiene como trayectoria de contexto [/enroute_aqp1]
23-Oct-2025 08:11:35.196 INFO [http-nio-8080-exec-28] org.apache.catalina.startup.HostConfig.deployDescriptor Desplieque del descriptor de configuración [D:\Erick\Documentos\UTP\web integrado\enroute_aqp\apache-tomcat-9.0.109\conf\Catalina\localhost\enroute_aqp1.xml]
23-Oct-2025 08:11:35.196 WARNING [http-nio-8080-exec-28] org.apache.catalina.startup.HostConfig.deployDescriptor The path attribute with value [/enroute_aqp1] in deployment descriptor [D:\Erick\Documentos\UTP\web integrado\enroute_aqp\apache-tomcat-9.0.109\conf\Catalina\localhost\enroute_aqp1.xml] has been ignored
23-Oct-2025 08:11:35.355 INFO [http-nio-8080-exec-28] org.apache.jasper.servlet.TldScanner.scanJars Al menos un JAR, que se ha explorado buscando TLDs, aún no contenía TLDs. Activar historial de depuración para este historiador para una completa lista de los JARs que fueron explorados y de los que nos se halló TLDs. Saltarse JARs no necesarios durante la exploración puede dar lugar a una mejora de tiempo significativa en el arranque y compilación de JSP .
23-Oct-2025 08:11:35.363 INFO [http-nio-8080-exec-28] org.apache.catalina.startup.HostConfig.deployDescriptor Deployment of deployment descriptor [D:\Erick\Documentos\UTP\web integrado\enroute_aqp\apache-tomcat-9.0.109\conf\Catalina\localhost\enroute_aqp1.xml] has finished in [167] ms
23-Oct-2025 08:11:35.367 INFO [http-nio-8080-exec-26] org.apache.catalina.util.LifecycleBase.start The start() method was called on component [StandardEngine[Catalina].StandardHost[localhost].StandardContext[/enroute_aqp1]] after start() had already been called. The second call will be ignored.
23-Oct-2025 08:17:14.779 WARNING [http-nio-8080-exec-34] org.apache.catalina.loader.WebappClassLoaderBase.clearReferencesJdbc La aplicación web [enroute_aqp1] registró el conductor JDBC [com.mysql.cj.jdbc.Driver] pero falló al anular el registro mientras la aplicación web estaba parada. Para prevenir un fallo de memoria, se ha anulado el registro del conductor JDBC por la fuerza.
23-Oct-2025 08:17:14.779 WARNING [http-nio-8080-exec-34] org.apache.catalina.loader.WebappClassLoaderBase.clearReferencesThreads The web application [enroute_aqp1] appears to have started a thread named [mysql-cj-abandoned-connection-cleanup] but has failed to stop it. This is very likely to create a memory leak. Stack trace of thread:
 java.base/jdk.internal.misc.Unsafe.park(Native Method)
 java.base/java.util.concurrent.locks.LockSupport.parkNanos(LockSupport.java:269)
 java.base/java.util.concurrent.locks.AbstractQueuedSynchronizer$ConditionObject.await(AbstractQueuedSynchronizer.java:1852)
 java.base/java.lang.ref.ReferenceQueue.await(ReferenceQueue.java:71)
 java.base/java.lang.ref.ReferenceQueue.remove0(ReferenceQueue.java:143)
 java.base/java.lang.ref.ReferenceQueue.remove(ReferenceQueue.java:218)
 com.mysql.cj.jdbc.AbandonedConnectionCleanupThread.run(AbandonedConnectionCleanupThread.java:84)
 java.base/java.util.concurrent.ThreadPoolExecutor.runWorker(ThreadPoolExecutor.java:1144)
 java.base/java.util.concurrent.ThreadPoolExecutor$Worker.run(ThreadPoolExecutor.java:642)
 java.base/java.lang.Thread.run(Thread.java:1583)
23-Oct-2025 08:17:15.285 INFO [http-nio-8080-exec-34] org.apache.catalina.startup.HostConfig.undeploy Repliegue (undeploy) de la aplicación web que tiene como trayectoria de contexto [/enroute_aqp1]
23-Oct-2025 08:17:18.531 INFO [mysql-cj-abandoned-connection-cleanup] org.apache.catalina.loader.WebappClassLoaderBase.checkStateForResourceLoading Acceso ilegal: esta instancia de aplicación web ya ha sido parada.  Could not load [].  La eventual traza de pila que sigue ha sido motivada por un error lanzado con motivos de depuración así como para intentar terminar el hilo que motivó el acceso ilegal y no tiene impacto funcional.
	java.lang.IllegalStateException: Acceso ilegal: esta instancia de aplicación web ya ha sido parada.  Could not load [].  La eventual traza de pila que sigue ha sido motivada por un error lanzado con motivos de depuración así como para intentar terminar el hilo que motivó el acceso ilegal y no tiene impacto funcional.
		at org.apache.catalina.loader.WebappClassLoaderBase.checkStateForResourceLoading(WebappClassLoaderBase.java:1373)
		at org.apache.catalina.loader.WebappClassLoaderBase.getResource(WebappClassLoaderBase.java:997)
		at com.mysql.cj.jdbc.AbandonedConnectionCleanupThread.checkThreadContextClassLoader(AbandonedConnectionCleanupThread.java:116)
		at com.mysql.cj.jdbc.AbandonedConnectionCleanupThread.run(AbandonedConnectionCleanupThread.java:83)
		at java.base/java.util.concurrent.ThreadPoolExecutor.runWorker(ThreadPoolExecutor.java:1144)
		at java.base/java.util.concurrent.ThreadPoolExecutor$Worker.run(ThreadPoolExecutor.java:642)
		at java.base/java.lang.Thread.run(Thread.java:1583)
23-Oct-2025 08:17:20.130 INFO [http-nio-8080-exec-41] org.apache.catalina.startup.HostConfig.deployDescriptor Desplieque del descriptor de configuración [D:\Erick\Documentos\UTP\web integrado\enroute_aqp\apache-tomcat-9.0.109\conf\Catalina\localhost\enroute_aqp1.xml]
23-Oct-2025 08:17:20.131 WARNING [http-nio-8080-exec-41] org.apache.catalina.startup.HostConfig.deployDescriptor The path attribute with value [/enroute_aqp1] in deployment descriptor [D:\Erick\Documentos\UTP\web integrado\enroute_aqp\apache-tomcat-9.0.109\conf\Catalina\localhost\enroute_aqp1.xml] has been ignored
23-Oct-2025 08:17:20.289 INFO [http-nio-8080-exec-41] org.apache.jasper.servlet.TldScanner.scanJars Al menos un JAR, que se ha explorado buscando TLDs, aún no contenía TLDs. Activar historial de depuración para este historiador para una completa lista de los JARs que fueron explorados y de los que nos se halló TLDs. Saltarse JARs no necesarios durante la exploración puede dar lugar a una mejora de tiempo significativa en el arranque y compilación de JSP .
23-Oct-2025 08:17:20.299 INFO [http-nio-8080-exec-41] org.apache.catalina.startup.HostConfig.deployDescriptor Deployment of deployment descriptor [D:\Erick\Documentos\UTP\web integrado\enroute_aqp\apache-tomcat-9.0.109\conf\Catalina\localhost\enroute_aqp1.xml] has finished in [169] ms
23-Oct-2025 08:17:20.301 INFO [http-nio-8080-exec-35] org.apache.catalina.util.LifecycleBase.start The start() method was called on component [StandardEngine[Catalina].StandardHost[localhost].StandardContext[/enroute_aqp1]] after start() had already been called. The second call will be ignored.
23-Oct-2025 08:23:49.660 INFO [main] org.apache.catalina.core.StandardServer.await Se ha recibido un comando de apagado a través del puerto de apagado. Parando la instancia del Servidor.
23-Oct-2025 08:23:49.660 INFO [main] org.apache.coyote.AbstractProtocol.pause Pausing ProtocolHandler ["http-nio-8080"]
23-Oct-2025 08:23:49.665 INFO [main] org.apache.catalina.core.StandardService.stopInternal Parando servicio [Catalina]
23-Oct-2025 08:23:49.674 INFO [main] org.apache.coyote.AbstractProtocol.stop Stopping ProtocolHandler ["http-nio-8080"]
23-Oct-2025 08:23:49.677 INFO [main] org.apache.coyote.AbstractProtocol.destroy Destroying ProtocolHandler ["http-nio-8080"]
23-Oct-2025 08:24:50.917 INFO [main] org.apache.catalina.startup.VersionLoggerListener.log Nombre de la versión del servidor: Apache Tomcat/9.0.109
23-Oct-2025 08:24:50.921 INFO [main] org.apache.catalina.startup.VersionLoggerListener.log Server built:                      Sep 1 2025 12:15:33 UTC
23-Oct-2025 08:24:50.921 INFO [main] org.apache.catalina.startup.VersionLoggerListener.log Número de versión de servidor:     9.0.109.0
23-Oct-2025 08:24:50.921 INFO [main] org.apache.catalina.startup.VersionLoggerListener.log OS Name:                           Windows 11
23-Oct-2025 08:24:50.921 INFO [main] org.apache.catalina.startup.VersionLoggerListener.log Versión de Systema Operativo:      10.0
23-Oct-2025 08:24:50.921 INFO [main] org.apache.catalina.startup.VersionLoggerListener.log Arquitectura:                      amd64
23-Oct-2025 08:24:50.921 INFO [main] org.apache.catalina.startup.VersionLoggerListener.log Java Home:                         C:\Program Files\Java\jdk-21
23-Oct-2025 08:24:50.921 INFO [main] org.apache.catalina.startup.VersionLoggerListener.log JVM Version:                       21.0.7+8-LTS-245
23-Oct-2025 08:24:50.921 INFO [main] org.apache.catalina.startup.VersionLoggerListener.log Vededor JVM:                       Oracle Corporation
23-Oct-2025 08:24:50.921 INFO [main] org.apache.catalina.startup.VersionLoggerListener.log CATALINA_BASE:                     D:\Erick\Documentos\UTP\web integrado\enroute_aqp\apache-tomcat-9.0.109
23-Oct-2025 08:24:50.921 INFO [main] org.apache.catalina.startup.VersionLoggerListener.log CATALINA_HOME:                     D:\Erick\Documentos\UTP\web integrado\enroute_aqp\apache-tomcat-9.0.109
23-Oct-2025 08:24:50.929 INFO [main] org.apache.catalina.startup.VersionLoggerListener.log Command line argument:             --add-opens=java.base/java.lang=ALL-UNNAMED
23-Oct-2025 08:24:50.929 INFO [main] org.apache.catalina.startup.VersionLoggerListener.log Command line argument:             --add-opens=java.base/java.lang.invoke=ALL-UNNAMED
23-Oct-2025 08:24:50.929 INFO [main] org.apache.catalina.startup.VersionLoggerListener.log Command line argument:             --add-opens=java.base/java.lang.reflect=ALL-UNNAMED
23-Oct-2025 08:24:50.929 INFO [main] org.apache.catalina.startup.VersionLoggerListener.log Command line argument:             --add-opens=java.base/java.io=ALL-UNNAMED
23-Oct-2025 08:24:50.929 INFO [main] org.apache.catalina.startup.VersionLoggerListener.log Command line argument:             --add-opens=java.base/java.util=ALL-UNNAMED
23-Oct-2025 08:24:50.929 INFO [main] org.apache.catalina.startup.VersionLoggerListener.log Command line argument:             --add-opens=java.base/java.util.concurrent=ALL-UNNAMED
23-Oct-2025 08:24:50.929 INFO [main] org.apache.catalina.startup.VersionLoggerListener.log Command line argument:             --add-opens=java.rmi/sun.rmi.transport=ALL-UNNAMED
23-Oct-2025 08:24:50.929 INFO [main] org.apache.catalina.startup.VersionLoggerListener.log Command line argument:             -Djava.util.logging.config.file=D:\Erick\Documentos\UTP\web integrado\enroute_aqp\apache-tomcat-9.0.109\conf\logging.properties
23-Oct-2025 08:24:50.929 INFO [main] org.apache.catalina.startup.VersionLoggerListener.log Command line argument:             -Djava.util.logging.manager=org.apache.juli.ClassLoaderLogManager
23-Oct-2025 08:24:50.929 INFO [main] org.apache.catalina.startup.VersionLoggerListener.log Command line argument:             -Djdk.tls.ephemeralDHKeySize=2048
23-Oct-2025 08:24:50.929 INFO [main] org.apache.catalina.startup.VersionLoggerListener.log Command line argument:             -Djava.protocol.handler.pkgs=org.apache.catalina.webresources
23-Oct-2025 08:24:50.929 INFO [main] org.apache.catalina.startup.VersionLoggerListener.log Command line argument:             -Dsun.io.useCanonCaches=false
23-Oct-2025 08:24:50.929 INFO [main] org.apache.catalina.startup.VersionLoggerListener.log Command line argument:             -Dignore.endorsed.dirs=
23-Oct-2025 08:24:50.929 INFO [main] org.apache.catalina.startup.VersionLoggerListener.log Command line argument:             -Dcatalina.base=D:\Erick\Documentos\UTP\web integrado\enroute_aqp\apache-tomcat-9.0.109
23-Oct-2025 08:24:50.931 INFO [main] org.apache.catalina.startup.VersionLoggerListener.log Command line argument:             -Dcatalina.home=D:\Erick\Documentos\UTP\web integrado\enroute_aqp\apache-tomcat-9.0.109
23-Oct-2025 08:24:50.931 INFO [main] org.apache.catalina.startup.VersionLoggerListener.log Command line argument:             -Djava.io.tmpdir=D:\Erick\Documentos\UTP\web integrado\enroute_aqp\apache-tomcat-9.0.109\temp
23-Oct-2025 08:24:50.936 INFO [main] org.apache.catalina.core.AprLifecycleListener.lifecycleEvent La biblioteca nativa de Apache Tomcat basada en ARP que permite un rendimiento óptimo en entornos de desarrollo no ha sido hallada en java.library.path: [C:\Program Files\Java\jdk-21\bin;C:\Windows\Sun\Java\bin;C:\Windows\system32;C:\Windows;C:\Program Files\Common Files\Oracle\Java\javapath;C:\Program Files (x86)\Common Files\Oracle\Java\java8path;C:\Program Files (x86)\Common Files\Oracle\Java\javapath;C:\Windows\system32;C:\Windows;C:\Windows\System32\Wbem;C:\Windows\System32\WindowsPowerShell\v1.0\;C:\Windows\System32\OpenSSH\;C:\Program Files (x86)\NVIDIA Corporation\PhysX\Common;C:\Program Files\NVIDIA Corporation\NVIDIA App\NvDLISR;C:\Program Files\dotnet\;C:\ProgramData\chocolatey\bin;C:\Program Files\Java\jdk-21\bin;C:\apache-tomcat-9.0.109\bin;C:\Program Files\Git\cmd;C:\Program Files (x86)\Windows Kits\10\Windows Performance Toolkit\;C:\Users\User\AppData\Local\Microsoft\WindowsApps;C:\Users\User\AppData\Local\GitHubDesktop\bin;C:\Users\User\AppData\Local\Programs\Microsoft VS Code\bin;C:\dev\flutter\bin;.]
23-Oct-2025 08:24:51.183 INFO [main] org.apache.coyote.AbstractProtocol.init Inicializando el manejador de protocolo ["http-nio-8080"]

23-Oct-2025 08:24:51.205 INFO [main] org.apache.catalina.startup.Catalina.load Server initialization in [442] milliseconds
23-Oct-2025 08:24:51.246 INFO [main] org.apache.catalina.core.StandardService.startInternal Arrancando servicio [Catalina]
23-Oct-2025 08:24:51.246 INFO [main] org.apache.catalina.core.StandardEngine.startInternal Starting Servlet engine: [Apache Tomcat/9.0.109]
23-Oct-2025 08:24:51.255 INFO [main] org.apache.catalina.startup.HostConfig.deployDescriptor Desplieque del descriptor de configuración [D:\Erick\Documentos\UTP\web integrado\enroute_aqp\apache-tomcat-9.0.109\conf\Catalina\localhost\enroute_aqp.xml]
23-Oct-2025 08:24:51.270 WARNING [main] org.apache.catalina.startup.HostConfig.deployDescriptor The path attribute with value [/enroute_aqp] in deployment descriptor [D:\Erick\Documentos\UTP\web integrado\enroute_aqp\apache-tomcat-9.0.109\conf\Catalina\localhost\enroute_aqp.xml] has been ignored
23-Oct-2025 08:24:51.300 SEVERE [main] org.apache.catalina.startup.HostConfig.deployDescriptor Error durante el despliegue del descriptor de configuración [D:\Erick\Documentos\UTP\web integrado\enroute_aqp\apache-tomcat-9.0.109\conf\Catalina\localhost\enroute_aqp.xml]
	java.lang.IllegalStateException: Error starting child
		at org.apache.catalina.core.ContainerBase.addChildInternal(ContainerBase.java:602)
		at org.apache.catalina.core.ContainerBase.addChild(ContainerBase.java:571)
		at org.apache.catalina.core.StandardHost.addChild(StandardHost.java:604)
		at org.apache.catalina.startup.HostConfig.deployDescriptor(HostConfig.java:680)
		at org.apache.catalina.startup.HostConfig$DeployDescriptor.run(HostConfig.java:1839)
		at java.base/java.util.concurrent.Executors$RunnableAdapter.call(Executors.java:572)
		at java.base/java.util.concurrent.FutureTask.run(FutureTask.java:317)
		at org.apache.tomcat.util.threads.InlineExecutorService.execute(InlineExecutorService.java:82)
		at java.base/java.util.concurrent.AbstractExecutorService.submit(AbstractExecutorService.java:123)
		at org.apache.catalina.startup.HostConfig.deployDescriptors(HostConfig.java:575)
		at org.apache.catalina.startup.HostConfig.deployApps(HostConfig.java:466)
		at org.apache.catalina.startup.HostConfig.start(HostConfig.java:1579)
		at org.apache.catalina.startup.HostConfig.lifecycleEvent(HostConfig.java:312)
		at org.apache.catalina.util.LifecycleBase.fireLifecycleEvent(LifecycleBase.java:109)
		at org.apache.catalina.util.LifecycleBase.setStateInternal(LifecycleBase.java:389)
		at org.apache.catalina.util.LifecycleBase.setState(LifecycleBase.java:336)
		at org.apache.catalina.core.ContainerBase.startInternal(ContainerBase.java:776)
		at org.apache.catalina.core.StandardHost.startInternal(StandardHost.java:722)
		at org.apache.catalina.util.LifecycleBase.start(LifecycleBase.java:164)
		at org.apache.catalina.core.ContainerBase$StartChild.call(ContainerBase.java:1203)
		at org.apache.catalina.core.ContainerBase$StartChild.call(ContainerBase.java:1193)
		at java.base/java.util.concurrent.FutureTask.run(FutureTask.java:317)
		at org.apache.tomcat.util.threads.InlineExecutorService.execute(InlineExecutorService.java:82)
		at java.base/java.util.concurrent.AbstractExecutorService.submit(AbstractExecutorService.java:145)
		at org.apache.catalina.core.ContainerBase.startInternal(ContainerBase.java:749)
		at org.apache.catalina.core.StandardEngine.startInternal(StandardEngine.java:211)
		at org.apache.catalina.util.LifecycleBase.start(LifecycleBase.java:164)
		at org.apache.catalina.core.StandardService.startInternal(StandardService.java:412)
		at org.apache.catalina.util.LifecycleBase.start(LifecycleBase.java:164)
		at org.apache.catalina.core.StandardServer.startInternal(StandardServer.java:874)
		at org.apache.catalina.util.LifecycleBase.start(LifecycleBase.java:164)
		at org.apache.catalina.startup.Catalina.start(Catalina.java:739)
		at java.base/jdk.internal.reflect.DirectMethodHandleAccessor.invoke(DirectMethodHandleAccessor.java:103)
		at java.base/java.lang.reflect.Method.invoke(Method.java:580)
		at org.apache.catalina.startup.Bootstrap.start(Bootstrap.java:345)
		at org.apache.catalina.startup.Bootstrap.main(Bootstrap.java:476)
	Caused by: org.apache.catalina.LifecycleException: Failed to start component [org.apache.catalina.webresources.StandardRoot@766653e6]
		at org.apache.catalina.util.LifecycleBase.handleSubClassException(LifecycleBase.java:404)
		at org.apache.catalina.util.LifecycleBase.start(LifecycleBase.java:179)
		at org.apache.catalina.core.StandardContext.resourcesStart(StandardContext.java:4172)
		at org.apache.catalina.core.StandardContext.startInternal(StandardContext.java:4294)
		at org.apache.catalina.util.LifecycleBase.start(LifecycleBase.java:164)
		at org.apache.catalina.core.ContainerBase.addChildInternal(ContainerBase.java:599)
		... 35 more
	Caused by: java.lang.IllegalArgumentException: The main resource set specified [D:\UTP-8\WebIntegrado\enroute_aqp\enroute_aqp\build\web] is not a directory or war file, or is not readable (it does not exist or permissions to access it are missing)
		at org.apache.catalina.webresources.StandardRoot.createMainResourceSet(StandardRoot.java:758)
		at org.apache.catalina.webresources.StandardRoot.startInternal(StandardRoot.java:715)
		at org.apache.catalina.util.LifecycleBase.start(LifecycleBase.java:164)
		... 39 more
23-Oct-2025 08:24:51.365 INFO [main] org.apache.catalina.startup.HostConfig.deployDescriptor Deployment of deployment descriptor [D:\Erick\Documentos\UTP\web integrado\enroute_aqp\apache-tomcat-9.0.109\conf\Catalina\localhost\enroute_aqp.xml] has finished in [107] ms
23-Oct-2025 08:24:51.365 INFO [main] org.apache.catalina.startup.HostConfig.deployDescriptor Desplieque del descriptor de configuración [D:\Erick\Documentos\UTP\web integrado\enroute_aqp\apache-tomcat-9.0.109\conf\Catalina\localhost\enroute_aqp1.xml]
23-Oct-2025 08:24:51.367 WARNING [main] org.apache.catalina.startup.HostConfig.deployDescriptor The path attribute with value [/enroute_aqp1] in deployment descriptor [D:\Erick\Documentos\UTP\web integrado\enroute_aqp\apache-tomcat-9.0.109\conf\Catalina\localhost\enroute_aqp1.xml] has been ignored
23-Oct-2025 08:24:51.791 INFO [main] org.apache.jasper.servlet.TldScanner.scanJars Al menos un JAR, que se ha explorado buscando TLDs, aún no contenía TLDs. Activar historial de depuración para este historiador para una completa lista de los JARs que fueron explorados y de los que nos se halló TLDs. Saltarse JARs no necesarios durante la exploración puede dar lugar a una mejora de tiempo significativa en el arranque y compilación de JSP .
23-Oct-2025 08:24:51.863 INFO [main] org.apache.catalina.startup.HostConfig.deployDescriptor Deployment of deployment descriptor [D:\Erick\Documentos\UTP\web integrado\enroute_aqp\apache-tomcat-9.0.109\conf\Catalina\localhost\enroute_aqp1.xml] has finished in [498] ms
23-Oct-2025 08:24:51.864 INFO [main] org.apache.catalina.startup.HostConfig.deployDescriptor Desplieque del descriptor de configuración [D:\Erick\Documentos\UTP\web integrado\enroute_aqp\apache-tomcat-9.0.109\conf\Catalina\localhost\Test1.xml]
23-Oct-2025 08:24:51.865 WARNING [main] org.apache.catalina.startup.HostConfig.deployDescriptor The path attribute with value [/Test1] in deployment descriptor [D:\Erick\Documentos\UTP\web integrado\enroute_aqp\apache-tomcat-9.0.109\conf\Catalina\localhost\Test1.xml] has been ignored
23-Oct-2025 08:24:51.865 WARNING [main] org.apache.catalina.startup.HostConfig.deployDescriptor Se ha especificado un docBase [D:\Erick\Documentos\UTP\web integrado\enroute_aqp\apache-tomcat-9.0.109\webapps\home\erick\NetBeansProjects\Test1\build\web] dentro del appBase de la máquina y será ignorado
23-Oct-2025 08:24:51.868 SEVERE [main] org.apache.catalina.startup.HostConfig.deployDescriptor Error durante el despliegue del descriptor de configuración [D:\Erick\Documentos\UTP\web integrado\enroute_aqp\apache-tomcat-9.0.109\conf\Catalina\localhost\Test1.xml]
	java.lang.IllegalStateException: Error starting child
		at org.apache.catalina.core.ContainerBase.addChildInternal(ContainerBase.java:602)
		at org.apache.catalina.core.ContainerBase.addChild(ContainerBase.java:571)
		at org.apache.catalina.core.StandardHost.addChild(StandardHost.java:604)
		at org.apache.catalina.startup.HostConfig.deployDescriptor(HostConfig.java:680)
		at org.apache.catalina.startup.HostConfig$DeployDescriptor.run(HostConfig.java:1839)
		at java.base/java.util.concurrent.Executors$RunnableAdapter.call(Executors.java:572)
		at java.base/java.util.concurrent.FutureTask.run(FutureTask.java:317)
		at org.apache.tomcat.util.threads.InlineExecutorService.execute(InlineExecutorService.java:82)
		at java.base/java.util.concurrent.AbstractExecutorService.submit(AbstractExecutorService.java:123)
		at org.apache.catalina.startup.HostConfig.deployDescriptors(HostConfig.java:575)
		at org.apache.catalina.startup.HostConfig.deployApps(HostConfig.java:466)
		at org.apache.catalina.startup.HostConfig.start(HostConfig.java:1579)
		at org.apache.catalina.startup.HostConfig.lifecycleEvent(HostConfig.java:312)
		at org.apache.catalina.util.LifecycleBase.fireLifecycleEvent(LifecycleBase.java:109)
		at org.apache.catalina.util.LifecycleBase.setStateInternal(LifecycleBase.java:389)
		at org.apache.catalina.util.LifecycleBase.setState(LifecycleBase.java:336)
		at org.apache.catalina.core.ContainerBase.startInternal(ContainerBase.java:776)
		at org.apache.catalina.core.StandardHost.startInternal(StandardHost.java:722)
		at org.apache.catalina.util.LifecycleBase.start(LifecycleBase.java:164)
		at org.apache.catalina.core.ContainerBase$StartChild.call(ContainerBase.java:1203)
		at org.apache.catalina.core.ContainerBase$StartChild.call(ContainerBase.java:1193)
		at java.base/java.util.concurrent.FutureTask.run(FutureTask.java:317)
		at org.apache.tomcat.util.threads.InlineExecutorService.execute(InlineExecutorService.java:82)
		at java.base/java.util.concurrent.AbstractExecutorService.submit(AbstractExecutorService.java:145)
		at org.apache.catalina.core.ContainerBase.startInternal(ContainerBase.java:749)
		at org.apache.catalina.core.StandardEngine.startInternal(StandardEngine.java:211)
		at org.apache.catalina.util.LifecycleBase.start(LifecycleBase.java:164)
		at org.apache.catalina.core.StandardService.startInternal(StandardService.java:412)
		at org.apache.catalina.util.LifecycleBase.start(LifecycleBase.java:164)
		at org.apache.catalina.core.StandardServer.startInternal(StandardServer.java:874)
		at org.apache.catalina.util.LifecycleBase.start(LifecycleBase.java:164)
		at org.apache.catalina.startup.Catalina.start(Catalina.java:739)
		at java.base/jdk.internal.reflect.DirectMethodHandleAccessor.invoke(DirectMethodHandleAccessor.java:103)
		at java.base/java.lang.reflect.Method.invoke(Method.java:580)
		at org.apache.catalina.startup.Bootstrap.start(Bootstrap.java:345)
		at org.apache.catalina.startup.Bootstrap.main(Bootstrap.java:476)
	Caused by: org.apache.catalina.LifecycleException: Failed to start component [org.apache.catalina.webresources.StandardRoot@705f83a7]
		at org.apache.catalina.util.LifecycleBase.handleSubClassException(LifecycleBase.java:404)
		at org.apache.catalina.util.LifecycleBase.start(LifecycleBase.java:179)
		at org.apache.catalina.core.StandardContext.resourcesStart(StandardContext.java:4172)
		at org.apache.catalina.core.StandardContext.startInternal(StandardContext.java:4294)
		at org.apache.catalina.util.LifecycleBase.start(LifecycleBase.java:164)
		at org.apache.catalina.core.ContainerBase.addChildInternal(ContainerBase.java:599)
		... 35 more
	Caused by: java.lang.IllegalArgumentException: The main resource set specified [D:\Erick\Documentos\UTP\web integrado\enroute_aqp\apache-tomcat-9.0.109\webapps\Test1] is not a directory or war file, or is not readable (it does not exist or permissions to access it are missing)
		at org.apache.catalina.webresources.StandardRoot.createMainResourceSet(StandardRoot.java:758)
		at org.apache.catalina.webresources.StandardRoot.startInternal(StandardRoot.java:715)
		at org.apache.catalina.util.LifecycleBase.start(LifecycleBase.java:164)
		... 39 more
23-Oct-2025 08:24:51.875 INFO [main] org.apache.catalina.startup.HostConfig.deployDescriptor Deployment of deployment descriptor [D:\Erick\Documentos\UTP\web integrado\enroute_aqp\apache-tomcat-9.0.109\conf\Catalina\localhost\Test1.xml] has finished in [11] ms
23-Oct-2025 08:24:51.875 INFO [main] org.apache.catalina.startup.HostConfig.deployDirectory Desplegando el directorio [D:\Erick\Documentos\UTP\web integrado\enroute_aqp\apache-tomcat-9.0.109\webapps\docs] de la aplicación web
23-Oct-2025 08:24:51.902 INFO [main] org.apache.catalina.startup.HostConfig.deployDirectory Deployment of web application directory [D:\Erick\Documentos\UTP\web integrado\enroute_aqp\apache-tomcat-9.0.109\webapps\docs] has finished in [27] ms
23-Oct-2025 08:24:51.902 INFO [main] org.apache.catalina.startup.HostConfig.deployDirectory Desplegando el directorio [D:\Erick\Documentos\UTP\web integrado\enroute_aqp\apache-tomcat-9.0.109\webapps\examples] de la aplicación web
23-Oct-2025 08:24:52.127 INFO [main] org.apache.catalina.startup.HostConfig.deployDirectory Deployment of web application directory [D:\Erick\Documentos\UTP\web integrado\enroute_aqp\apache-tomcat-9.0.109\webapps\examples] has finished in [225] ms
23-Oct-2025 08:24:52.128 INFO [main] org.apache.catalina.startup.HostConfig.deployDirectory Desplegando el directorio [D:\Erick\Documentos\UTP\web integrado\enroute_aqp\apache-tomcat-9.0.109\webapps\host-manager] de la aplicación web
23-Oct-2025 08:24:52.158 INFO [main] org.apache.catalina.startup.HostConfig.deployDirectory Deployment of web application directory [D:\Erick\Documentos\UTP\web integrado\enroute_aqp\apache-tomcat-9.0.109\webapps\host-manager] has finished in [30] ms
23-Oct-2025 08:24:52.158 INFO [main] org.apache.catalina.startup.HostConfig.deployDirectory Desplegando el directorio [D:\Erick\Documentos\UTP\web integrado\enroute_aqp\apache-tomcat-9.0.109\webapps\manager] de la aplicación web
23-Oct-2025 08:24:52.181 INFO [main] org.apache.catalina.startup.HostConfig.deployDirectory Deployment of web application directory [D:\Erick\Documentos\UTP\web integrado\enroute_aqp\apache-tomcat-9.0.109\webapps\manager] has finished in [22] ms
23-Oct-2025 08:24:52.181 INFO [main] org.apache.catalina.startup.HostConfig.deployDirectory Desplegando el directorio [D:\Erick\Documentos\UTP\web integrado\enroute_aqp\apache-tomcat-9.0.109\webapps\ROOT] de la aplicación web
23-Oct-2025 08:24:52.200 INFO [main] org.apache.catalina.startup.HostConfig.deployDirectory Deployment of web application directory [D:\Erick\Documentos\UTP\web integrado\enroute_aqp\apache-tomcat-9.0.109\webapps\ROOT] has finished in [19] ms
23-Oct-2025 08:24:52.204 INFO [main] org.apache.coyote.AbstractProtocol.start Starting ProtocolHandler ["http-nio-8080"]
23-Oct-2025 08:24:52.222 INFO [main] org.apache.catalina.startup.Catalina.start Server startup in [1017] milliseconds
23-Oct-2025 08:24:52.916 INFO [http-nio-8080-exec-3] org.apache.catalina.startup.HostConfig.undeploy Repliegue (undeploy) de la aplicación web que tiene como trayectoria de contexto [/enroute_aqp1]
23-Oct-2025 08:24:52.927 INFO [http-nio-8080-exec-2] org.apache.catalina.startup.HostConfig.deployDescriptor Desplieque del descriptor de configuración [D:\Erick\Documentos\UTP\web integrado\enroute_aqp\apache-tomcat-9.0.109\conf\Catalina\localhost\enroute_aqp1.xml]
23-Oct-2025 08:24:52.928 WARNING [http-nio-8080-exec-2] org.apache.catalina.startup.HostConfig.deployDescriptor The path attribute with value [/enroute_aqp1] in deployment descriptor [D:\Erick\Documentos\UTP\web integrado\enroute_aqp\apache-tomcat-9.0.109\conf\Catalina\localhost\enroute_aqp1.xml] has been ignored
23-Oct-2025 08:24:53.096 INFO [http-nio-8080-exec-2] org.apache.jasper.servlet.TldScanner.scanJars Al menos un JAR, que se ha explorado buscando TLDs, aún no contenía TLDs. Activar historial de depuración para este historiador para una completa lista de los JARs que fueron explorados y de los que nos se halló TLDs. Saltarse JARs no necesarios durante la exploración puede dar lugar a una mejora de tiempo significativa en el arranque y compilación de JSP .
23-Oct-2025 08:24:53.107 INFO [http-nio-8080-exec-2] org.apache.catalina.startup.HostConfig.deployDescriptor Deployment of deployment descriptor [D:\Erick\Documentos\UTP\web integrado\enroute_aqp\apache-tomcat-9.0.109\conf\Catalina\localhost\enroute_aqp1.xml] has finished in [180] ms
23-Oct-2025 08:24:53.109 INFO [http-nio-8080-exec-5] org.apache.catalina.util.LifecycleBase.start The start() method was called on component [StandardEngine[Catalina].StandardHost[localhost].StandardContext[/enroute_aqp1]] after start() had already been called. The second call will be ignored.
23-Oct-2025 14:18:13.706 INFO [main] org.apache.catalina.core.StandardServer.await Se ha recibido un comando de apagado a través del puerto de apagado. Parando la instancia del Servidor.
23-Oct-2025 14:18:13.707 INFO [main] org.apache.coyote.AbstractProtocol.pause Pausing ProtocolHandler ["http-nio-8080"]
23-Oct-2025 14:18:13.713 INFO [main] org.apache.catalina.core.StandardService.stopInternal Parando servicio [Catalina]
23-Oct-2025 14:18:13.733 INFO [main] org.apache.coyote.AbstractProtocol.stop Stopping ProtocolHandler ["http-nio-8080"]
23-Oct-2025 14:18:13.754 INFO [main] org.apache.coyote.AbstractProtocol.destroy Destroying ProtocolHandler ["http-nio-8080"]
