10-Sep-2025 22:08:30.482 INFO [main] org.apache.catalina.startup.VersionLoggerListener.log Nombre de la versión del servidor: Apache Tomcat/9.0.109
10-Sep-2025 22:08:30.484 INFO [main] org.apache.catalina.startup.VersionLoggerListener.log Server built:                      Sep 1 2025 12:15:33 UTC
10-Sep-2025 22:08:30.484 INFO [main] org.apache.catalina.startup.VersionLoggerListener.log Número de versión de servidor:     9.0.109.0
10-Sep-2025 22:08:30.484 INFO [main] org.apache.catalina.startup.VersionLoggerListener.log OS Name:                           Linux
10-Sep-2025 22:08:30.484 INFO [main] org.apache.catalina.startup.VersionLoggerListener.log Versión de Systema Operativo:      6.8.0-79-generic
10-Sep-2025 22:08:30.484 INFO [main] org.apache.catalina.startup.VersionLoggerListener.log Arquitectura:                      amd64
10-Sep-2025 22:08:30.484 INFO [main] org.apache.catalina.startup.VersionLoggerListener.log Java Home:                         /usr/lib/jvm/jdk-21.0.7-oracle-x64
10-Sep-2025 22:08:30.485 INFO [main] org.apache.catalina.startup.VersionLoggerListener.log JVM Version:                       21.0.7+8-LTS-245
10-Sep-2025 22:08:30.485 INFO [main] org.apache.catalina.startup.VersionLoggerListener.log Vededor JVM:                       Oracle Corporation
10-Sep-2025 22:08:30.485 INFO [main] org.apache.catalina.startup.VersionLoggerListener.log CATALINA_BASE:                     /home/erick/Documentos/UTP/web integrado/enroute_aqp/apache-tomcat-9.0.109
10-Sep-2025 22:08:30.485 INFO [main] org.apache.catalina.startup.VersionLoggerListener.log CATALINA_HOME:                     /home/erick/Documentos/UTP/web integrado/enroute_aqp/apache-tomcat-9.0.109
10-Sep-2025 22:08:30.491 INFO [main] org.apache.catalina.startup.VersionLoggerListener.log Command line argument:             --add-opens=java.base/java.lang=ALL-UNNAMED
10-Sep-2025 22:08:30.491 INFO [main] org.apache.catalina.startup.VersionLoggerListener.log Command line argument:             --add-opens=java.base/java.lang.invoke=ALL-UNNAMED
10-Sep-2025 22:08:30.491 INFO [main] org.apache.catalina.startup.VersionLoggerListener.log Command line argument:             --add-opens=java.base/java.lang.reflect=ALL-UNNAMED
10-Sep-2025 22:08:30.491 INFO [main] org.apache.catalina.startup.VersionLoggerListener.log Command line argument:             --add-opens=java.base/java.io=ALL-UNNAMED
10-Sep-2025 22:08:30.491 INFO [main] org.apache.catalina.startup.VersionLoggerListener.log Command line argument:             --add-opens=java.base/java.util=ALL-UNNAMED
10-Sep-2025 22:08:30.491 INFO [main] org.apache.catalina.startup.VersionLoggerListener.log Command line argument:             --add-opens=java.base/java.util.concurrent=ALL-UNNAMED
10-Sep-2025 22:08:30.491 INFO [main] org.apache.catalina.startup.VersionLoggerListener.log Command line argument:             --add-opens=java.rmi/sun.rmi.transport=ALL-UNNAMED
10-Sep-2025 22:08:30.491 INFO [main] org.apache.catalina.startup.VersionLoggerListener.log Command line argument:             -Djava.util.logging.config.file=/home/erick/Documentos/UTP/web integrado/enroute_aqp/apache-tomcat-9.0.109/conf/logging.properties
10-Sep-2025 22:08:30.491 INFO [main] org.apache.catalina.startup.VersionLoggerListener.log Command line argument:             -Djava.util.logging.manager=org.apache.juli.ClassLoaderLogManager
10-Sep-2025 22:08:30.491 INFO [main] org.apache.catalina.startup.VersionLoggerListener.log Command line argument:             -Dhttp.nonProxyHosts=localhost|127.0.0.1|Erick-ASUS-TUF-A15
10-Sep-2025 22:08:30.491 INFO [main] org.apache.catalina.startup.VersionLoggerListener.log Command line argument:             -Djdk.tls.ephemeralDHKeySize=2048
10-Sep-2025 22:08:30.491 INFO [main] org.apache.catalina.startup.VersionLoggerListener.log Command line argument:             -Djava.protocol.handler.pkgs=org.apache.catalina.webresources
10-Sep-2025 22:08:30.491 INFO [main] org.apache.catalina.startup.VersionLoggerListener.log Command line argument:             -Dsun.io.useCanonCaches=false
10-Sep-2025 22:08:30.491 INFO [main] org.apache.catalina.startup.VersionLoggerListener.log Command line argument:             -Dorg.apache.catalina.security.SecurityListener.UMASK=0027
10-Sep-2025 22:08:30.492 INFO [main] org.apache.catalina.startup.VersionLoggerListener.log Command line argument:             -Dignore.endorsed.dirs=
10-Sep-2025 22:08:30.492 INFO [main] org.apache.catalina.startup.VersionLoggerListener.log Command line argument:             -Dcatalina.base=/home/erick/Documentos/UTP/web integrado/enroute_aqp/apache-tomcat-9.0.109
10-Sep-2025 22:08:30.492 INFO [main] org.apache.catalina.startup.VersionLoggerListener.log Command line argument:             -Dcatalina.home=/home/erick/Documentos/UTP/web integrado/enroute_aqp/apache-tomcat-9.0.109
10-Sep-2025 22:08:30.492 INFO [main] org.apache.catalina.startup.VersionLoggerListener.log Command line argument:             -Djava.io.tmpdir=/home/erick/Documentos/UTP/web integrado/enroute_aqp/apache-tomcat-9.0.109/temp
10-Sep-2025 22:08:30.494 INFO [main] org.apache.catalina.core.AprLifecycleListener.lifecycleEvent La biblioteca nativa de Apache Tomcat basada en ARP que permite un rendimiento óptimo en entornos de desarrollo no ha sido hallada en java.library.path: [/usr/java/packages/lib:/usr/lib64:/lib64:/lib:/usr/lib]
10-Sep-2025 22:08:30.679 INFO [main] org.apache.coyote.AbstractProtocol.init Inicializando el manejador de protocolo ["http-nio-8080"]

10-Sep-2025 22:08:30.689 INFO [main] org.apache.catalina.startup.Catalina.load Server initialization in [311] milliseconds
10-Sep-2025 22:08:30.710 INFO [main] org.apache.catalina.core.StandardService.startInternal Arrancando servicio [Catalina]
10-Sep-2025 22:08:30.710 INFO [main] org.apache.catalina.core.StandardEngine.startInternal Starting Servlet engine: [Apache Tomcat/9.0.109]
10-Sep-2025 22:08:30.715 INFO [main] org.apache.catalina.startup.HostConfig.deployDirectory Desplegando el directorio [/home/erick/Documentos/UTP/web integrado/enroute_aqp/apache-tomcat-9.0.109/webapps/docs] de la aplicación web
10-Sep-2025 22:08:30.857 INFO [main] org.apache.catalina.startup.HostConfig.deployDirectory Deployment of web application directory [/home/erick/Documentos/UTP/web integrado/enroute_aqp/apache-tomcat-9.0.109/webapps/docs] has finished in [140] ms
10-Sep-2025 22:08:30.857 INFO [main] org.apache.catalina.startup.HostConfig.deployDirectory Desplegando el directorio [/home/erick/Documentos/UTP/web integrado/enroute_aqp/apache-tomcat-9.0.109/webapps/host-manager] de la aplicación web
10-Sep-2025 22:08:30.879 INFO [main] org.apache.catalina.startup.HostConfig.deployDirectory Deployment of web application directory [/home/erick/Documentos/UTP/web integrado/enroute_aqp/apache-tomcat-9.0.109/webapps/host-manager] has finished in [22] ms
10-Sep-2025 22:08:30.879 INFO [main] org.apache.catalina.startup.HostConfig.deployDirectory Desplegando el directorio [/home/erick/Documentos/UTP/web integrado/enroute_aqp/apache-tomcat-9.0.109/webapps/manager] de la aplicación web
10-Sep-2025 22:08:30.894 INFO [main] org.apache.catalina.startup.HostConfig.deployDirectory Deployment of web application directory [/home/erick/Documentos/UTP/web integrado/enroute_aqp/apache-tomcat-9.0.109/webapps/manager] has finished in [15] ms
10-Sep-2025 22:08:30.894 INFO [main] org.apache.catalina.startup.HostConfig.deployDirectory Desplegando el directorio [/home/erick/Documentos/UTP/web integrado/enroute_aqp/apache-tomcat-9.0.109/webapps/ROOT] de la aplicación web
10-Sep-2025 22:08:30.904 INFO [main] org.apache.catalina.startup.HostConfig.deployDirectory Deployment of web application directory [/home/erick/Documentos/UTP/web integrado/enroute_aqp/apache-tomcat-9.0.109/webapps/ROOT] has finished in [10] ms
10-Sep-2025 22:08:30.904 INFO [main] org.apache.catalina.startup.HostConfig.deployDirectory Desplegando el directorio [/home/erick/Documentos/UTP/web integrado/enroute_aqp/apache-tomcat-9.0.109/webapps/examples] de la aplicación web
10-Sep-2025 22:08:31.012 INFO [main] org.apache.catalina.startup.HostConfig.deployDirectory Deployment of web application directory [/home/erick/Documentos/UTP/web integrado/enroute_aqp/apache-tomcat-9.0.109/webapps/examples] has finished in [108] ms
10-Sep-2025 22:08:31.014 INFO [main] org.apache.coyote.AbstractProtocol.start Starting ProtocolHandler ["http-nio-8080"]
10-Sep-2025 22:08:31.019 INFO [main] org.apache.catalina.startup.Catalina.start Server startup in [328] milliseconds
10-Sep-2025 22:08:35.808 INFO [http-nio-8080-exec-10] org.apache.catalina.startup.HostConfig.deployDescriptor Desplieque del descriptor de configuración [/home/erick/Documentos/UTP/web integrado/enroute_aqp/apache-tomcat-9.0.109/conf/Catalina/localhost/Enroute_Aqp.xml]
10-Sep-2025 22:08:35.808 WARNING [http-nio-8080-exec-10] org.apache.catalina.startup.HostConfig.deployDescriptor The path attribute with value [/Enroute_Aqp] in deployment descriptor [/home/erick/Documentos/UTP/web integrado/enroute_aqp/apache-tomcat-9.0.109/conf/Catalina/localhost/Enroute_Aqp.xml] has been ignored
10-Sep-2025 22:08:35.827 INFO [http-nio-8080-exec-10] org.apache.catalina.startup.HostConfig.deployDescriptor Deployment of deployment descriptor [/home/erick/Documentos/UTP/web integrado/enroute_aqp/apache-tomcat-9.0.109/conf/Catalina/localhost/Enroute_Aqp.xml] has finished in [20] ms
10-Sep-2025 22:08:35.833 INFO [http-nio-8080-exec-1] org.apache.catalina.util.LifecycleBase.start The start() method was called on component [StandardEngine[Catalina].StandardHost[localhost].StandardContext[/Enroute_Aqp]] after start() had already been called. The second call will be ignored.
10-Sep-2025 22:20:56.599 INFO [http-nio-8080-exec-1] org.apache.catalina.startup.HostConfig.undeploy Repliegue (undeploy) de la aplicación web que tiene como trayectoria de contexto [/Enroute_Aqp]
10-Sep-2025 22:26:28.386 INFO [http-nio-8080-exec-19] org.apache.catalina.startup.HostConfig.deployDescriptor Desplieque del descriptor de configuración [/home/erick/Documentos/UTP/web integrado/enroute_aqp/apache-tomcat-9.0.109/conf/Catalina/localhost/Enroute_Aqp.xml]
10-Sep-2025 22:26:28.387 WARNING [http-nio-8080-exec-19] org.apache.catalina.startup.HostConfig.deployDescriptor The path attribute with value [/Enroute_Aqp] in deployment descriptor [/home/erick/Documentos/UTP/web integrado/enroute_aqp/apache-tomcat-9.0.109/conf/Catalina/localhost/Enroute_Aqp.xml] has been ignored
10-Sep-2025 22:26:28.405 INFO [http-nio-8080-exec-19] org.apache.catalina.startup.HostConfig.deployDescriptor Deployment of deployment descriptor [/home/erick/Documentos/UTP/web integrado/enroute_aqp/apache-tomcat-9.0.109/conf/Catalina/localhost/Enroute_Aqp.xml] has finished in [18] ms
10-Sep-2025 22:26:28.410 INFO [http-nio-8080-exec-18] org.apache.catalina.util.LifecycleBase.start The start() method was called on component [StandardEngine[Catalina].StandardHost[localhost].StandardContext[/Enroute_Aqp]] after start() had already been called. The second call will be ignored.
