12-Nov-2025 21:13:31.524 INFO [main] org.apache.catalina.startup.VersionLoggerListener.log Nombre de la versión del servidor: Apache Tomcat/9.0.109
12-Nov-2025 21:13:31.528 INFO [main] org.apache.catalina.startup.VersionLoggerListener.log Server built:                      Sep 1 2025 12:15:33 UTC
12-Nov-2025 21:13:31.528 INFO [main] org.apache.catalina.startup.VersionLoggerListener.log Número de versión de servidor:     9.0.109.0
12-Nov-2025 21:13:31.528 INFO [main] org.apache.catalina.startup.VersionLoggerListener.log OS Name:                           Windows 11
12-Nov-2025 21:13:31.528 INFO [main] org.apache.catalina.startup.VersionLoggerListener.log Versión de Systema Operativo:      10.0
12-Nov-2025 21:13:31.528 INFO [main] org.apache.catalina.startup.VersionLoggerListener.log Arquitectura:                      amd64
12-Nov-2025 21:13:31.528 INFO [main] org.apache.catalina.startup.VersionLoggerListener.log Java Home:                         C:\Program Files\Java\jdk-21
12-Nov-2025 21:13:31.528 INFO [main] org.apache.catalina.startup.VersionLoggerListener.log JVM Version:                       21.0.7+8-LTS-245
12-Nov-2025 21:13:31.529 INFO [main] org.apache.catalina.startup.VersionLoggerListener.log Vededor JVM:                       Oracle Corporation
12-Nov-2025 21:13:31.529 INFO [main] org.apache.catalina.startup.VersionLoggerListener.log CATALINA_BASE:                     D:\Erick\Documentos\UTP\web integrado\enroute_aqp\apache-tomcat-9.0.109
12-Nov-2025 21:13:31.529 INFO [main] org.apache.catalina.startup.VersionLoggerListener.log CATALINA_HOME:                     D:\Erick\Documentos\UTP\web integrado\enroute_aqp\apache-tomcat-9.0.109
12-Nov-2025 21:13:31.534 INFO [main] org.apache.catalina.startup.VersionLoggerListener.log Command line argument:             --add-opens=java.base/java.lang=ALL-UNNAMED
12-Nov-2025 21:13:31.534 INFO [main] org.apache.catalina.startup.VersionLoggerListener.log Command line argument:             --add-opens=java.base/java.lang.invoke=ALL-UNNAMED
12-Nov-2025 21:13:31.534 INFO [main] org.apache.catalina.startup.VersionLoggerListener.log Command line argument:             --add-opens=java.base/java.lang.reflect=ALL-UNNAMED
12-Nov-2025 21:13:31.534 INFO [main] org.apache.catalina.startup.VersionLoggerListener.log Command line argument:             --add-opens=java.base/java.io=ALL-UNNAMED
12-Nov-2025 21:13:31.534 INFO [main] org.apache.catalina.startup.VersionLoggerListener.log Command line argument:             --add-opens=java.base/java.util=ALL-UNNAMED
12-Nov-2025 21:13:31.534 INFO [main] org.apache.catalina.startup.VersionLoggerListener.log Command line argument:             --add-opens=java.base/java.util.concurrent=ALL-UNNAMED
12-Nov-2025 21:13:31.536 INFO [main] org.apache.catalina.startup.VersionLoggerListener.log Command line argument:             --add-opens=java.rmi/sun.rmi.transport=ALL-UNNAMED
12-Nov-2025 21:13:31.536 INFO [main] org.apache.catalina.startup.VersionLoggerListener.log Command line argument:             -Djava.util.logging.config.file=D:\Erick\Documentos\UTP\web integrado\enroute_aqp\apache-tomcat-9.0.109\conf\logging.properties
12-Nov-2025 21:13:31.536 INFO [main] org.apache.catalina.startup.VersionLoggerListener.log Command line argument:             -Djava.util.logging.manager=org.apache.juli.ClassLoaderLogManager
12-Nov-2025 21:13:31.536 INFO [main] org.apache.catalina.startup.VersionLoggerListener.log Command line argument:             -Djdk.tls.ephemeralDHKeySize=2048
12-Nov-2025 21:13:31.536 INFO [main] org.apache.catalina.startup.VersionLoggerListener.log Command line argument:             -Djava.protocol.handler.pkgs=org.apache.catalina.webresources
12-Nov-2025 21:13:31.536 INFO [main] org.apache.catalina.startup.VersionLoggerListener.log Command line argument:             -Dsun.io.useCanonCaches=false
12-Nov-2025 21:13:31.536 INFO [main] org.apache.catalina.startup.VersionLoggerListener.log Command line argument:             -Dignore.endorsed.dirs=
12-Nov-2025 21:13:31.536 INFO [main] org.apache.catalina.startup.VersionLoggerListener.log Command line argument:             -Dcatalina.base=D:\Erick\Documentos\UTP\web integrado\enroute_aqp\apache-tomcat-9.0.109
12-Nov-2025 21:13:31.571 INFO [main] org.apache.catalina.startup.VersionLoggerListener.log Command line argument:             -Dcatalina.home=D:\Erick\Documentos\UTP\web integrado\enroute_aqp\apache-tomcat-9.0.109
12-Nov-2025 21:13:31.571 INFO [main] org.apache.catalina.startup.VersionLoggerListener.log Command line argument:             -Djava.io.tmpdir=D:\Erick\Documentos\UTP\web integrado\enroute_aqp\apache-tomcat-9.0.109\temp
12-Nov-2025 21:13:31.575 INFO [main] org.apache.catalina.core.AprLifecycleListener.lifecycleEvent La biblioteca nativa de Apache Tomcat basada en ARP que permite un rendimiento óptimo en entornos de desarrollo no ha sido hallada en java.library.path: [C:\Program Files\Java\jdk-21\bin;C:\Windows\Sun\Java\bin;C:\Windows\system32;C:\Windows;C:\Program Files\Common Files\Oracle\Java\javapath;C:\Program Files (x86)\Common Files\Oracle\Java\java8path;C:\Program Files (x86)\Common Files\Oracle\Java\javapath;C:\Windows\system32;C:\Windows;C:\Windows\System32\Wbem;C:\Windows\System32\WindowsPowerShell\v1.0\;C:\Windows\System32\OpenSSH\;C:\Program Files (x86)\NVIDIA Corporation\PhysX\Common;C:\Program Files\NVIDIA Corporation\NVIDIA App\NvDLISR;C:\Program Files\dotnet\;C:\ProgramData\chocolatey\bin;C:\Program Files\Java\jdk-21\bin;C:\apache-tomcat-9.0.109\bin;C:\Program Files\Git\cmd;C:\Program Files (x86)\Windows Kits\10\Windows Performance Toolkit\;C:\Users\User\AppData\Local\Microsoft\WindowsApps;C:\Users\User\AppData\Local\GitHubDesktop\bin;C:\Users\User\AppData\Local\Programs\Microsoft VS Code\bin;C:\dev\flutter\bin;.]
12-Nov-2025 21:13:31.804 INFO [main] org.apache.coyote.AbstractProtocol.init Inicializando el manejador de protocolo ["http-nio-8080"]

12-Nov-2025 21:13:31.829 INFO [main] org.apache.catalina.startup.Catalina.load Server initialization in [481] milliseconds
12-Nov-2025 21:13:31.879 INFO [main] org.apache.catalina.core.StandardService.startInternal Arrancando servicio [Catalina]
12-Nov-2025 21:13:31.879 INFO [main] org.apache.catalina.core.StandardEngine.startInternal Starting Servlet engine: [Apache Tomcat/9.0.109]
12-Nov-2025 21:13:31.889 INFO [main] org.apache.catalina.startup.HostConfig.deployDescriptor Desplieque del descriptor de configuración [D:\Erick\Documentos\UTP\web integrado\enroute_aqp\apache-tomcat-9.0.109\conf\Catalina\localhost\enroute_aqp.xml]
12-Nov-2025 21:13:31.900 WARNING [main] org.apache.catalina.startup.HostConfig.deployDescriptor The path attribute with value [/enroute_aqp] in deployment descriptor [D:\Erick\Documentos\UTP\web integrado\enroute_aqp\apache-tomcat-9.0.109\conf\Catalina\localhost\enroute_aqp.xml] has been ignored
12-Nov-2025 21:13:31.927 SEVERE [main] org.apache.catalina.startup.HostConfig.deployDescriptor Error durante el despliegue del descriptor de configuración [D:\Erick\Documentos\UTP\web integrado\enroute_aqp\apache-tomcat-9.0.109\conf\Catalina\localhost\enroute_aqp.xml]
	java.lang.IllegalStateException: Error starting child
		at org.apache.catalina.core.ContainerBase.addChildInternal(ContainerBase.java:602)
		at org.apache.catalina.core.ContainerBase.addChild(ContainerBase.java:571)
		at org.apache.catalina.core.StandardHost.addChild(StandardHost.java:604)
		at org.apache.catalina.startup.HostConfig.deployDescriptor(HostConfig.java:680)
		at org.apache.catalina.startup.HostConfig$DeployDescriptor.run(HostConfig.java:1839)
		at java.base/java.util.concurrent.Executors$RunnableAdapter.call(Executors.java:572)
		at java.base/java.util.concurrent.FutureTask.run(FutureTask.java:317)
		at org.apache.tomcat.util.threads.InlineExecutorService.execute(InlineExecutorService.java:82)
		at java.base/java.util.concurrent.AbstractExecutorService.submit(AbstractExecutorService.java:123)
		at org.apache.catalina.startup.HostConfig.deployDescriptors(HostConfig.java:575)
		at org.apache.catalina.startup.HostConfig.deployApps(HostConfig.java:466)
		at org.apache.catalina.startup.HostConfig.start(HostConfig.java:1579)
		at org.apache.catalina.startup.HostConfig.lifecycleEvent(HostConfig.java:312)
		at org.apache.catalina.util.LifecycleBase.fireLifecycleEvent(LifecycleBase.java:109)
		at org.apache.catalina.util.LifecycleBase.setStateInternal(LifecycleBase.java:389)
		at org.apache.catalina.util.LifecycleBase.setState(LifecycleBase.java:336)
		at org.apache.catalina.core.ContainerBase.startInternal(ContainerBase.java:776)
		at org.apache.catalina.core.StandardHost.startInternal(StandardHost.java:722)
		at org.apache.catalina.util.LifecycleBase.start(LifecycleBase.java:164)
		at org.apache.catalina.core.ContainerBase$StartChild.call(ContainerBase.java:1203)
		at org.apache.catalina.core.ContainerBase$StartChild.call(ContainerBase.java:1193)
		at java.base/java.util.concurrent.FutureTask.run(FutureTask.java:317)
		at org.apache.tomcat.util.threads.InlineExecutorService.execute(InlineExecutorService.java:82)
		at java.base/java.util.concurrent.AbstractExecutorService.submit(AbstractExecutorService.java:145)
		at org.apache.catalina.core.ContainerBase.startInternal(ContainerBase.java:749)
		at org.apache.catalina.core.StandardEngine.startInternal(StandardEngine.java:211)
		at org.apache.catalina.util.LifecycleBase.start(LifecycleBase.java:164)
		at org.apache.catalina.core.StandardService.startInternal(StandardService.java:412)
		at org.apache.catalina.util.LifecycleBase.start(LifecycleBase.java:164)
		at org.apache.catalina.core.StandardServer.startInternal(StandardServer.java:874)
		at org.apache.catalina.util.LifecycleBase.start(LifecycleBase.java:164)
		at org.apache.catalina.startup.Catalina.start(Catalina.java:739)
		at java.base/jdk.internal.reflect.DirectMethodHandleAccessor.invoke(DirectMethodHandleAccessor.java:103)
		at java.base/java.lang.reflect.Method.invoke(Method.java:580)
		at org.apache.catalina.startup.Bootstrap.start(Bootstrap.java:345)
		at org.apache.catalina.startup.Bootstrap.main(Bootstrap.java:476)
	Caused by: org.apache.catalina.LifecycleException: Failed to start component [org.apache.catalina.webresources.StandardRoot@37fb0bed]
		at org.apache.catalina.util.LifecycleBase.handleSubClassException(LifecycleBase.java:404)
		at org.apache.catalina.util.LifecycleBase.start(LifecycleBase.java:179)
		at org.apache.catalina.core.StandardContext.resourcesStart(StandardContext.java:4172)
		at org.apache.catalina.core.StandardContext.startInternal(StandardContext.java:4294)
		at org.apache.catalina.util.LifecycleBase.start(LifecycleBase.java:164)
		at org.apache.catalina.core.ContainerBase.addChildInternal(ContainerBase.java:599)
		... 35 more
	Caused by: java.lang.IllegalArgumentException: The main resource set specified [D:\UTP-8\WebIntegrado\enroute_aqp\enroute_aqp\build\web] is not a directory or war file, or is not readable (it does not exist or permissions to access it are missing)
		at org.apache.catalina.webresources.StandardRoot.createMainResourceSet(StandardRoot.java:758)
		at org.apache.catalina.webresources.StandardRoot.startInternal(StandardRoot.java:715)
		at org.apache.catalina.util.LifecycleBase.start(LifecycleBase.java:164)
		... 39 more
12-Nov-2025 21:13:31.939 INFO [main] org.apache.catalina.startup.HostConfig.deployDescriptor Deployment of deployment descriptor [D:\Erick\Documentos\UTP\web integrado\enroute_aqp\apache-tomcat-9.0.109\conf\Catalina\localhost\enroute_aqp.xml] has finished in [48] ms
12-Nov-2025 21:13:31.939 INFO [main] org.apache.catalina.startup.HostConfig.deployDescriptor Desplieque del descriptor de configuración [D:\Erick\Documentos\UTP\web integrado\enroute_aqp\apache-tomcat-9.0.109\conf\Catalina\localhost\enroute_aqp1.xml]
12-Nov-2025 21:13:31.941 WARNING [main] org.apache.catalina.startup.HostConfig.deployDescriptor The path attribute with value [/enroute_aqp1] in deployment descriptor [D:\Erick\Documentos\UTP\web integrado\enroute_aqp\apache-tomcat-9.0.109\conf\Catalina\localhost\enroute_aqp1.xml] has been ignored
12-Nov-2025 21:13:31.945 SEVERE [main] org.apache.catalina.startup.HostConfig.deployDescriptor Error durante el despliegue del descriptor de configuración [D:\Erick\Documentos\UTP\web integrado\enroute_aqp\apache-tomcat-9.0.109\conf\Catalina\localhost\enroute_aqp1.xml]
	java.lang.IllegalStateException: Error starting child
		at org.apache.catalina.core.ContainerBase.addChildInternal(ContainerBase.java:602)
		at org.apache.catalina.core.ContainerBase.addChild(ContainerBase.java:571)
		at org.apache.catalina.core.StandardHost.addChild(StandardHost.java:604)
		at org.apache.catalina.startup.HostConfig.deployDescriptor(HostConfig.java:680)
		at org.apache.catalina.startup.HostConfig$DeployDescriptor.run(HostConfig.java:1839)
		at java.base/java.util.concurrent.Executors$RunnableAdapter.call(Executors.java:572)
		at java.base/java.util.concurrent.FutureTask.run(FutureTask.java:317)
		at org.apache.tomcat.util.threads.InlineExecutorService.execute(InlineExecutorService.java:82)
		at java.base/java.util.concurrent.AbstractExecutorService.submit(AbstractExecutorService.java:123)
		at org.apache.catalina.startup.HostConfig.deployDescriptors(HostConfig.java:575)
		at org.apache.catalina.startup.HostConfig.deployApps(HostConfig.java:466)
		at org.apache.catalina.startup.HostConfig.start(HostConfig.java:1579)
		at org.apache.catalina.startup.HostConfig.lifecycleEvent(HostConfig.java:312)
		at org.apache.catalina.util.LifecycleBase.fireLifecycleEvent(LifecycleBase.java:109)
		at org.apache.catalina.util.LifecycleBase.setStateInternal(LifecycleBase.java:389)
		at org.apache.catalina.util.LifecycleBase.setState(LifecycleBase.java:336)
		at org.apache.catalina.core.ContainerBase.startInternal(ContainerBase.java:776)
		at org.apache.catalina.core.StandardHost.startInternal(StandardHost.java:722)
		at org.apache.catalina.util.LifecycleBase.start(LifecycleBase.java:164)
		at org.apache.catalina.core.ContainerBase$StartChild.call(ContainerBase.java:1203)
		at org.apache.catalina.core.ContainerBase$StartChild.call(ContainerBase.java:1193)
		at java.base/java.util.concurrent.FutureTask.run(FutureTask.java:317)
		at org.apache.tomcat.util.threads.InlineExecutorService.execute(InlineExecutorService.java:82)
		at java.base/java.util.concurrent.AbstractExecutorService.submit(AbstractExecutorService.java:145)
		at org.apache.catalina.core.ContainerBase.startInternal(ContainerBase.java:749)
		at org.apache.catalina.core.StandardEngine.startInternal(StandardEngine.java:211)
		at org.apache.catalina.util.LifecycleBase.start(LifecycleBase.java:164)
		at org.apache.catalina.core.StandardService.startInternal(StandardService.java:412)
		at org.apache.catalina.util.LifecycleBase.start(LifecycleBase.java:164)
		at org.apache.catalina.core.StandardServer.startInternal(StandardServer.java:874)
		at org.apache.catalina.util.LifecycleBase.start(LifecycleBase.java:164)
		at org.apache.catalina.startup.Catalina.start(Catalina.java:739)
		at java.base/jdk.internal.reflect.DirectMethodHandleAccessor.invoke(DirectMethodHandleAccessor.java:103)
		at java.base/java.lang.reflect.Method.invoke(Method.java:580)
		at org.apache.catalina.startup.Bootstrap.start(Bootstrap.java:345)
		at org.apache.catalina.startup.Bootstrap.main(Bootstrap.java:476)
	Caused by: org.apache.catalina.LifecycleException: Failed to start component [org.apache.catalina.webresources.StandardRoot@544d57e]
		at org.apache.catalina.util.LifecycleBase.handleSubClassException(LifecycleBase.java:404)
		at org.apache.catalina.util.LifecycleBase.start(LifecycleBase.java:179)
		at org.apache.catalina.core.StandardContext.resourcesStart(StandardContext.java:4172)
		at org.apache.catalina.core.StandardContext.startInternal(StandardContext.java:4294)
		at org.apache.catalina.util.LifecycleBase.start(LifecycleBase.java:164)
		at org.apache.catalina.core.ContainerBase.addChildInternal(ContainerBase.java:599)
		... 35 more
	Caused by: java.lang.IllegalArgumentException: The main resource set specified [D:\Erick\Documentos\UTP\web integrado\enroute_aqp\enroute_aqp1\build\web] is not a directory or war file, or is not readable (it does not exist or permissions to access it are missing)
		at org.apache.catalina.webresources.StandardRoot.createMainResourceSet(StandardRoot.java:758)
		at org.apache.catalina.webresources.StandardRoot.startInternal(StandardRoot.java:715)
		at org.apache.catalina.util.LifecycleBase.start(LifecycleBase.java:164)
		... 39 more
12-Nov-2025 21:13:32.058 INFO [main] org.apache.catalina.startup.HostConfig.deployDescriptor Deployment of deployment descriptor [D:\Erick\Documentos\UTP\web integrado\enroute_aqp\apache-tomcat-9.0.109\conf\Catalina\localhost\enroute_aqp1.xml] has finished in [119] ms
12-Nov-2025 21:13:32.058 INFO [main] org.apache.catalina.startup.HostConfig.deployDescriptor Desplieque del descriptor de configuración [D:\Erick\Documentos\UTP\web integrado\enroute_aqp\apache-tomcat-9.0.109\conf\Catalina\localhost\enroute_aqp2.xml]
12-Nov-2025 21:13:32.060 WARNING [main] org.apache.catalina.startup.HostConfig.deployDescriptor The path attribute with value [/enroute_aqp2] in deployment descriptor [D:\Erick\Documentos\UTP\web integrado\enroute_aqp\apache-tomcat-9.0.109\conf\Catalina\localhost\enroute_aqp2.xml] has been ignored
12-Nov-2025 21:13:33.729 INFO [main] org.apache.jasper.servlet.TldScanner.scanJars Al menos un JAR, que se ha explorado buscando TLDs, aún no contenía TLDs. Activar historial de depuración para este historiador para una completa lista de los JARs que fueron explorados y de los que nos se halló TLDs. Saltarse JARs no necesarios durante la exploración puede dar lugar a una mejora de tiempo significativa en el arranque y compilación de JSP .
12-Nov-2025 21:13:33.839 INFO [main] com.sun.faces.config.ConfigureListener.contextInitialized Inicializando Mojarra 2.2.20 ( 20190731-0757 59754ac80c05d61848a08939ddd11a324f2345ac) para el contexto '/enroute_aqp2'
12-Nov-2025 21:13:33.925 INFO [main] com.sun.faces.spi.InjectionProviderFactory.createInstance JSF1048: hay presentes anotaciones PostConstruct/PreDestroy.  Los métodos de beans administrados marcados con estas anotaciones procesarán dichas anotaciones.
12-Nov-2025 21:13:34.234 INFO [main] com.sun.faces.config.ConfigureListener$WebConfigResourceMonitor$Monitor.<init> Monitoring file:/D:/Erick/Documentos/UTP/web%20integrado/enroute_aqp/enroute_aqp2/build/web/WEB-INF/faces-config.xml for modifications
12-Nov-2025 21:13:34.281 INFO [main] org.apache.catalina.startup.HostConfig.deployDescriptor Deployment of deployment descriptor [D:\Erick\Documentos\UTP\web integrado\enroute_aqp\apache-tomcat-9.0.109\conf\Catalina\localhost\enroute_aqp2.xml] has finished in [2.223] ms
12-Nov-2025 21:13:34.281 INFO [main] org.apache.catalina.startup.HostConfig.deployDescriptor Desplieque del descriptor de configuración [D:\Erick\Documentos\UTP\web integrado\enroute_aqp\apache-tomcat-9.0.109\conf\Catalina\localhost\LinkDJ.xml]
12-Nov-2025 21:13:34.284 WARNING [main] org.apache.catalina.startup.HostConfig.deployDescriptor The path attribute with value [/LinkDJ] in deployment descriptor [D:\Erick\Documentos\UTP\web integrado\enroute_aqp\apache-tomcat-9.0.109\conf\Catalina\localhost\LinkDJ.xml] has been ignored
12-Nov-2025 21:13:34.669 INFO [main] org.apache.jasper.servlet.TldScanner.scanJars Al menos un JAR, que se ha explorado buscando TLDs, aún no contenía TLDs. Activar historial de depuración para este historiador para una completa lista de los JARs que fueron explorados y de los que nos se halló TLDs. Saltarse JARs no necesarios durante la exploración puede dar lugar a una mejora de tiempo significativa en el arranque y compilación de JSP .
12-Nov-2025 21:13:34.729 INFO [main] com.sun.faces.config.ConfigureListener.contextInitialized Inicializando Mojarra 2.2.20 ( 20190731-0757 59754ac80c05d61848a08939ddd11a324f2345ac) para el contexto '/LinkDJ'
12-Nov-2025 21:13:34.784 INFO [main] com.sun.faces.spi.InjectionProviderFactory.createInstance JSF1048: hay presentes anotaciones PostConstruct/PreDestroy.  Los métodos de beans administrados marcados con estas anotaciones procesarán dichas anotaciones.
12-Nov-2025 21:13:35.021 INFO [main] org.apache.catalina.startup.HostConfig.deployDescriptor Deployment of deployment descriptor [D:\Erick\Documentos\UTP\web integrado\enroute_aqp\apache-tomcat-9.0.109\conf\Catalina\localhost\LinkDJ.xml] has finished in [740] ms
12-Nov-2025 21:13:35.021 INFO [main] org.apache.catalina.startup.HostConfig.deployDescriptor Desplieque del descriptor de configuración [D:\Erick\Documentos\UTP\web integrado\enroute_aqp\apache-tomcat-9.0.109\conf\Catalina\localhost\Test1.xml]
12-Nov-2025 21:13:35.023 WARNING [main] org.apache.catalina.startup.HostConfig.deployDescriptor The path attribute with value [/Test1] in deployment descriptor [D:\Erick\Documentos\UTP\web integrado\enroute_aqp\apache-tomcat-9.0.109\conf\Catalina\localhost\Test1.xml] has been ignored
12-Nov-2025 21:13:35.024 WARNING [main] org.apache.catalina.startup.HostConfig.deployDescriptor Se ha especificado un docBase [D:\Erick\Documentos\UTP\web integrado\enroute_aqp\apache-tomcat-9.0.109\webapps\home\erick\NetBeansProjects\Test1\build\web] dentro del appBase de la máquina y será ignorado
12-Nov-2025 21:13:35.026 SEVERE [main] org.apache.catalina.startup.HostConfig.deployDescriptor Error durante el despliegue del descriptor de configuración [D:\Erick\Documentos\UTP\web integrado\enroute_aqp\apache-tomcat-9.0.109\conf\Catalina\localhost\Test1.xml]
	java.lang.IllegalStateException: Error starting child
		at org.apache.catalina.core.ContainerBase.addChildInternal(ContainerBase.java:602)
		at org.apache.catalina.core.ContainerBase.addChild(ContainerBase.java:571)
		at org.apache.catalina.core.StandardHost.addChild(StandardHost.java:604)
		at org.apache.catalina.startup.HostConfig.deployDescriptor(HostConfig.java:680)
		at org.apache.catalina.startup.HostConfig$DeployDescriptor.run(HostConfig.java:1839)
		at java.base/java.util.concurrent.Executors$RunnableAdapter.call(Executors.java:572)
		at java.base/java.util.concurrent.FutureTask.run(FutureTask.java:317)
		at org.apache.tomcat.util.threads.InlineExecutorService.execute(InlineExecutorService.java:82)
		at java.base/java.util.concurrent.AbstractExecutorService.submit(AbstractExecutorService.java:123)
		at org.apache.catalina.startup.HostConfig.deployDescriptors(HostConfig.java:575)
		at org.apache.catalina.startup.HostConfig.deployApps(HostConfig.java:466)
		at org.apache.catalina.startup.HostConfig.start(HostConfig.java:1579)
		at org.apache.catalina.startup.HostConfig.lifecycleEvent(HostConfig.java:312)
		at org.apache.catalina.util.LifecycleBase.fireLifecycleEvent(LifecycleBase.java:109)
		at org.apache.catalina.util.LifecycleBase.setStateInternal(LifecycleBase.java:389)
		at org.apache.catalina.util.LifecycleBase.setState(LifecycleBase.java:336)
		at org.apache.catalina.core.ContainerBase.startInternal(ContainerBase.java:776)
		at org.apache.catalina.core.StandardHost.startInternal(StandardHost.java:722)
		at org.apache.catalina.util.LifecycleBase.start(LifecycleBase.java:164)
		at org.apache.catalina.core.ContainerBase$StartChild.call(ContainerBase.java:1203)
		at org.apache.catalina.core.ContainerBase$StartChild.call(ContainerBase.java:1193)
		at java.base/java.util.concurrent.FutureTask.run(FutureTask.java:317)
		at org.apache.tomcat.util.threads.InlineExecutorService.execute(InlineExecutorService.java:82)
		at java.base/java.util.concurrent.AbstractExecutorService.submit(AbstractExecutorService.java:145)
		at org.apache.catalina.core.ContainerBase.startInternal(ContainerBase.java:749)
		at org.apache.catalina.core.StandardEngine.startInternal(StandardEngine.java:211)
		at org.apache.catalina.util.LifecycleBase.start(LifecycleBase.java:164)
		at org.apache.catalina.core.StandardService.startInternal(StandardService.java:412)
		at org.apache.catalina.util.LifecycleBase.start(LifecycleBase.java:164)
		at org.apache.catalina.core.StandardServer.startInternal(StandardServer.java:874)
		at org.apache.catalina.util.LifecycleBase.start(LifecycleBase.java:164)
		at org.apache.catalina.startup.Catalina.start(Catalina.java:739)
		at java.base/jdk.internal.reflect.DirectMethodHandleAccessor.invoke(DirectMethodHandleAccessor.java:103)
		at java.base/java.lang.reflect.Method.invoke(Method.java:580)
		at org.apache.catalina.startup.Bootstrap.start(Bootstrap.java:345)
		at org.apache.catalina.startup.Bootstrap.main(Bootstrap.java:476)
	Caused by: org.apache.catalina.LifecycleException: Failed to start component [org.apache.catalina.webresources.StandardRoot@6c8590f4]
		at org.apache.catalina.util.LifecycleBase.handleSubClassException(LifecycleBase.java:404)
		at org.apache.catalina.util.LifecycleBase.start(LifecycleBase.java:179)
		at org.apache.catalina.core.StandardContext.resourcesStart(StandardContext.java:4172)
		at org.apache.catalina.core.StandardContext.startInternal(StandardContext.java:4294)
		at org.apache.catalina.util.LifecycleBase.start(LifecycleBase.java:164)
		at org.apache.catalina.core.ContainerBase.addChildInternal(ContainerBase.java:599)
		... 35 more
	Caused by: java.lang.IllegalArgumentException: The main resource set specified [D:\Erick\Documentos\UTP\web integrado\enroute_aqp\apache-tomcat-9.0.109\webapps\Test1] is not a directory or war file, or is not readable (it does not exist or permissions to access it are missing)
		at org.apache.catalina.webresources.StandardRoot.createMainResourceSet(StandardRoot.java:758)
		at org.apache.catalina.webresources.StandardRoot.startInternal(StandardRoot.java:715)
		at org.apache.catalina.util.LifecycleBase.start(LifecycleBase.java:164)
		... 39 more
12-Nov-2025 21:13:35.068 INFO [main] org.apache.catalina.startup.HostConfig.deployDescriptor Deployment of deployment descriptor [D:\Erick\Documentos\UTP\web integrado\enroute_aqp\apache-tomcat-9.0.109\conf\Catalina\localhost\Test1.xml] has finished in [46] ms
12-Nov-2025 21:13:35.068 INFO [main] org.apache.catalina.startup.HostConfig.deployDirectory Desplegando el directorio [D:\Erick\Documentos\UTP\web integrado\enroute_aqp\apache-tomcat-9.0.109\webapps\docs] de la aplicación web
12-Nov-2025 21:13:35.093 INFO [main] org.apache.catalina.startup.HostConfig.deployDirectory Deployment of web application directory [D:\Erick\Documentos\UTP\web integrado\enroute_aqp\apache-tomcat-9.0.109\webapps\docs] has finished in [23] ms
12-Nov-2025 21:13:35.093 INFO [main] org.apache.catalina.startup.HostConfig.deployDirectory Desplegando el directorio [D:\Erick\Documentos\UTP\web integrado\enroute_aqp\apache-tomcat-9.0.109\webapps\examples] de la aplicación web
12-Nov-2025 21:13:35.664 INFO [main] org.apache.catalina.startup.HostConfig.deployDirectory Deployment of web application directory [D:\Erick\Documentos\UTP\web integrado\enroute_aqp\apache-tomcat-9.0.109\webapps\examples] has finished in [570] ms
12-Nov-2025 21:13:35.664 INFO [main] org.apache.catalina.startup.HostConfig.deployDirectory Desplegando el directorio [D:\Erick\Documentos\UTP\web integrado\enroute_aqp\apache-tomcat-9.0.109\webapps\host-manager] de la aplicación web
12-Nov-2025 21:13:35.689 INFO [main] org.apache.catalina.startup.HostConfig.deployDirectory Deployment of web application directory [D:\Erick\Documentos\UTP\web integrado\enroute_aqp\apache-tomcat-9.0.109\webapps\host-manager] has finished in [25] ms
12-Nov-2025 21:13:35.690 INFO [main] org.apache.catalina.startup.HostConfig.deployDirectory Desplegando el directorio [D:\Erick\Documentos\UTP\web integrado\enroute_aqp\apache-tomcat-9.0.109\webapps\manager] de la aplicación web
12-Nov-2025 21:13:35.712 INFO [main] org.apache.catalina.startup.HostConfig.deployDirectory Deployment of web application directory [D:\Erick\Documentos\UTP\web integrado\enroute_aqp\apache-tomcat-9.0.109\webapps\manager] has finished in [22] ms
12-Nov-2025 21:13:35.712 INFO [main] org.apache.catalina.startup.HostConfig.deployDirectory Desplegando el directorio [D:\Erick\Documentos\UTP\web integrado\enroute_aqp\apache-tomcat-9.0.109\webapps\ROOT] de la aplicación web
12-Nov-2025 21:13:35.728 INFO [main] org.apache.catalina.startup.HostConfig.deployDirectory Deployment of web application directory [D:\Erick\Documentos\UTP\web integrado\enroute_aqp\apache-tomcat-9.0.109\webapps\ROOT] has finished in [16] ms
12-Nov-2025 21:13:35.731 INFO [main] org.apache.coyote.AbstractProtocol.start Starting ProtocolHandler ["http-nio-8080"]
12-Nov-2025 21:13:35.753 INFO [main] org.apache.catalina.startup.Catalina.start Server startup in [3923] milliseconds
12-Nov-2025 21:13:38.231 INFO [http-nio-8080-exec-2] org.apache.catalina.startup.HostConfig.undeploy Repliegue (undeploy) de la aplicación web que tiene como trayectoria de contexto [/enroute_aqp2]
12-Nov-2025 21:13:38.241 INFO [http-nio-8080-exec-8] org.apache.catalina.startup.HostConfig.deployDescriptor Desplieque del descriptor de configuración [D:\Erick\Documentos\UTP\web integrado\enroute_aqp\apache-tomcat-9.0.109\conf\Catalina\localhost\enroute_aqp2.xml]
12-Nov-2025 21:13:38.242 WARNING [http-nio-8080-exec-8] org.apache.catalina.startup.HostConfig.deployDescriptor The path attribute with value [/enroute_aqp2] in deployment descriptor [D:\Erick\Documentos\UTP\web integrado\enroute_aqp\apache-tomcat-9.0.109\conf\Catalina\localhost\enroute_aqp2.xml] has been ignored
12-Nov-2025 21:13:39.294 INFO [http-nio-8080-exec-8] org.apache.jasper.servlet.TldScanner.scanJars Al menos un JAR, que se ha explorado buscando TLDs, aún no contenía TLDs. Activar historial de depuración para este historiador para una completa lista de los JARs que fueron explorados y de los que nos se halló TLDs. Saltarse JARs no necesarios durante la exploración puede dar lugar a una mejora de tiempo significativa en el arranque y compilación de JSP .
12-Nov-2025 21:13:39.404 INFO [http-nio-8080-exec-8] com.sun.faces.config.ConfigureListener.contextInitialized Inicializando Mojarra 2.2.20 ( 20190731-0757 59754ac80c05d61848a08939ddd11a324f2345ac) para el contexto '/enroute_aqp2'
12-Nov-2025 21:13:39.509 INFO [http-nio-8080-exec-8] com.sun.faces.spi.InjectionProviderFactory.createInstance JSF1048: hay presentes anotaciones PostConstruct/PreDestroy.  Los métodos de beans administrados marcados con estas anotaciones procesarán dichas anotaciones.
12-Nov-2025 21:13:39.820 INFO [http-nio-8080-exec-8] com.sun.faces.config.ConfigureListener$WebConfigResourceMonitor$Monitor.<init> Monitoring file:/D:/Erick/Documentos/UTP/web%20integrado/enroute_aqp/enroute_aqp2/build/web/WEB-INF/faces-config.xml for modifications
12-Nov-2025 21:13:39.853 INFO [http-nio-8080-exec-8] org.apache.catalina.startup.HostConfig.deployDescriptor Deployment of deployment descriptor [D:\Erick\Documentos\UTP\web integrado\enroute_aqp\apache-tomcat-9.0.109\conf\Catalina\localhost\enroute_aqp2.xml] has finished in [1.612] ms
12-Nov-2025 21:20:19.001 WARNING [http-nio-8080-exec-19] org.apache.catalina.loader.WebappClassLoaderBase.clearReferencesJdbc La aplicación web [enroute_aqp2] registró el conductor JDBC [com.mysql.cj.jdbc.Driver] pero falló al anular el registro mientras la aplicación web estaba parada. Para prevenir un fallo de memoria, se ha anulado el registro del conductor JDBC por la fuerza.
12-Nov-2025 21:20:19.001 WARNING [http-nio-8080-exec-19] org.apache.catalina.loader.WebappClassLoaderBase.clearReferencesThreads The web application [enroute_aqp2] appears to have started a thread named [mysql-cj-abandoned-connection-cleanup] but has failed to stop it. This is very likely to create a memory leak. Stack trace of thread:
 java.base/jdk.internal.misc.Unsafe.park(Native Method)
 java.base/java.util.concurrent.locks.LockSupport.parkNanos(LockSupport.java:269)
 java.base/java.util.concurrent.locks.AbstractQueuedSynchronizer$ConditionObject.await(AbstractQueuedSynchronizer.java:1852)
 java.base/java.lang.ref.ReferenceQueue.await(ReferenceQueue.java:71)
 java.base/java.lang.ref.ReferenceQueue.remove0(ReferenceQueue.java:143)
 java.base/java.lang.ref.ReferenceQueue.remove(ReferenceQueue.java:218)
 com.mysql.cj.jdbc.AbandonedConnectionCleanupThread.run(AbandonedConnectionCleanupThread.java:84)
 java.base/java.util.concurrent.ThreadPoolExecutor.runWorker(ThreadPoolExecutor.java:1144)
 java.base/java.util.concurrent.ThreadPoolExecutor$Worker.run(ThreadPoolExecutor.java:642)
 java.base/java.lang.Thread.run(Thread.java:1583)
12-Nov-2025 21:20:19.505 INFO [http-nio-8080-exec-19] org.apache.catalina.startup.HostConfig.undeploy Repliegue (undeploy) de la aplicación web que tiene como trayectoria de contexto [/enroute_aqp2]
12-Nov-2025 21:20:21.163 INFO [mysql-cj-abandoned-connection-cleanup] org.apache.catalina.loader.WebappClassLoaderBase.checkStateForResourceLoading Acceso ilegal: esta instancia de aplicación web ya ha sido parada.  Could not load [].  La eventual traza de pila que sigue ha sido motivada por un error lanzado con motivos de depuración así como para intentar terminar el hilo que motivó el acceso ilegal y no tiene impacto funcional.
	java.lang.IllegalStateException: Acceso ilegal: esta instancia de aplicación web ya ha sido parada.  Could not load [].  La eventual traza de pila que sigue ha sido motivada por un error lanzado con motivos de depuración así como para intentar terminar el hilo que motivó el acceso ilegal y no tiene impacto funcional.
		at org.apache.catalina.loader.WebappClassLoaderBase.checkStateForResourceLoading(WebappClassLoaderBase.java:1373)
		at org.apache.catalina.loader.WebappClassLoaderBase.getResource(WebappClassLoaderBase.java:997)
		at com.mysql.cj.jdbc.AbandonedConnectionCleanupThread.checkThreadContextClassLoader(AbandonedConnectionCleanupThread.java:116)
		at com.mysql.cj.jdbc.AbandonedConnectionCleanupThread.run(AbandonedConnectionCleanupThread.java:83)
		at java.base/java.util.concurrent.ThreadPoolExecutor.runWorker(ThreadPoolExecutor.java:1144)
		at java.base/java.util.concurrent.ThreadPoolExecutor$Worker.run(ThreadPoolExecutor.java:642)
		at java.base/java.lang.Thread.run(Thread.java:1583)
12-Nov-2025 21:20:26.182 INFO [http-nio-8080-exec-17] org.apache.catalina.startup.HostConfig.deployDescriptor Desplieque del descriptor de configuración [D:\Erick\Documentos\UTP\web integrado\enroute_aqp\apache-tomcat-9.0.109\conf\Catalina\localhost\enroute_aqp2.xml]
12-Nov-2025 21:20:26.183 WARNING [http-nio-8080-exec-17] org.apache.catalina.startup.HostConfig.deployDescriptor The path attribute with value [/enroute_aqp2] in deployment descriptor [D:\Erick\Documentos\UTP\web integrado\enroute_aqp\apache-tomcat-9.0.109\conf\Catalina\localhost\enroute_aqp2.xml] has been ignored
12-Nov-2025 21:20:27.216 INFO [http-nio-8080-exec-17] org.apache.jasper.servlet.TldScanner.scanJars Al menos un JAR, que se ha explorado buscando TLDs, aún no contenía TLDs. Activar historial de depuración para este historiador para una completa lista de los JARs que fueron explorados y de los que nos se halló TLDs. Saltarse JARs no necesarios durante la exploración puede dar lugar a una mejora de tiempo significativa en el arranque y compilación de JSP .
12-Nov-2025 21:20:27.332 INFO [http-nio-8080-exec-17] com.sun.faces.config.ConfigureListener.contextInitialized Inicializando Mojarra 2.2.20 ( 20190731-0757 59754ac80c05d61848a08939ddd11a324f2345ac) para el contexto '/enroute_aqp2'
12-Nov-2025 21:20:27.421 INFO [http-nio-8080-exec-17] com.sun.faces.spi.InjectionProviderFactory.createInstance JSF1048: hay presentes anotaciones PostConstruct/PreDestroy.  Los métodos de beans administrados marcados con estas anotaciones procesarán dichas anotaciones.
12-Nov-2025 21:20:27.735 INFO [http-nio-8080-exec-17] com.sun.faces.config.ConfigureListener$WebConfigResourceMonitor$Monitor.<init> Monitoring file:/D:/Erick/Documentos/UTP/web%20integrado/enroute_aqp/enroute_aqp2/build/web/WEB-INF/faces-config.xml for modifications
12-Nov-2025 21:20:27.770 INFO [http-nio-8080-exec-17] org.apache.catalina.startup.HostConfig.deployDescriptor Deployment of deployment descriptor [D:\Erick\Documentos\UTP\web integrado\enroute_aqp\apache-tomcat-9.0.109\conf\Catalina\localhost\enroute_aqp2.xml] has finished in [1.588] ms
12-Nov-2025 21:20:27.777 INFO [http-nio-8080-exec-18] org.apache.catalina.util.LifecycleBase.start The start() method was called on component [StandardEngine[Catalina].StandardHost[localhost].StandardContext[/enroute_aqp2]] after start() had already been called. The second call will be ignored.
12-Nov-2025 21:30:54.454 INFO [http-nio-8080-exec-26] org.apache.catalina.core.StandardContext.reload Ha comenzado la recarga de Contexto [/enroute_aqp2]
12-Nov-2025 21:30:54.463 WARNING [http-nio-8080-exec-26] org.apache.catalina.loader.WebappClassLoaderBase.clearReferencesJdbc La aplicación web [enroute_aqp2] registró el conductor JDBC [com.mysql.cj.jdbc.Driver] pero falló al anular el registro mientras la aplicación web estaba parada. Para prevenir un fallo de memoria, se ha anulado el registro del conductor JDBC por la fuerza.
12-Nov-2025 21:30:54.463 WARNING [http-nio-8080-exec-26] org.apache.catalina.loader.WebappClassLoaderBase.clearReferencesThreads The web application [enroute_aqp2] appears to have started a thread named [mysql-cj-abandoned-connection-cleanup] but has failed to stop it. This is very likely to create a memory leak. Stack trace of thread:
 java.base/jdk.internal.misc.Unsafe.park(Native Method)
 java.base/java.util.concurrent.locks.LockSupport.parkNanos(LockSupport.java:269)
 java.base/java.util.concurrent.locks.AbstractQueuedSynchronizer$ConditionObject.await(AbstractQueuedSynchronizer.java:1852)
 java.base/java.lang.ref.ReferenceQueue.await(ReferenceQueue.java:71)
 java.base/java.lang.ref.ReferenceQueue.remove0(ReferenceQueue.java:143)
 java.base/java.lang.ref.ReferenceQueue.remove(ReferenceQueue.java:218)
 com.mysql.cj.jdbc.AbandonedConnectionCleanupThread.run(AbandonedConnectionCleanupThread.java:84)
 java.base/java.util.concurrent.ThreadPoolExecutor.runWorker(ThreadPoolExecutor.java:1144)
 java.base/java.util.concurrent.ThreadPoolExecutor$Worker.run(ThreadPoolExecutor.java:642)
 java.base/java.lang.Thread.run(Thread.java:1583)
12-Nov-2025 21:30:54.580 INFO [mysql-cj-abandoned-connection-cleanup] org.apache.catalina.loader.WebappClassLoaderBase.checkStateForResourceLoading Acceso ilegal: esta instancia de aplicación web ya ha sido parada.  Could not load [].  La eventual traza de pila que sigue ha sido motivada por un error lanzado con motivos de depuración así como para intentar terminar el hilo que motivó el acceso ilegal y no tiene impacto funcional.
	java.lang.IllegalStateException: Acceso ilegal: esta instancia de aplicación web ya ha sido parada.  Could not load [].  La eventual traza de pila que sigue ha sido motivada por un error lanzado con motivos de depuración así como para intentar terminar el hilo que motivó el acceso ilegal y no tiene impacto funcional.
		at org.apache.catalina.loader.WebappClassLoaderBase.checkStateForResourceLoading(WebappClassLoaderBase.java:1373)
		at org.apache.catalina.loader.WebappClassLoaderBase.getResource(WebappClassLoaderBase.java:997)
		at com.mysql.cj.jdbc.AbandonedConnectionCleanupThread.checkThreadContextClassLoader(AbandonedConnectionCleanupThread.java:116)
		at com.mysql.cj.jdbc.AbandonedConnectionCleanupThread.run(AbandonedConnectionCleanupThread.java:83)
		at java.base/java.util.concurrent.ThreadPoolExecutor.runWorker(ThreadPoolExecutor.java:1144)
		at java.base/java.util.concurrent.ThreadPoolExecutor$Worker.run(ThreadPoolExecutor.java:642)
		at java.base/java.lang.Thread.run(Thread.java:1583)
12-Nov-2025 21:30:54.582 INFO [mysql-cj-abandoned-connection-cleanup] org.apache.catalina.loader.WebappClassLoaderBase.checkStateForResourceLoading Acceso ilegal: esta instancia de aplicación web ya ha sido parada.  Could not load [].  La eventual traza de pila que sigue ha sido motivada por un error lanzado con motivos de depuración así como para intentar terminar el hilo que motivó el acceso ilegal y no tiene impacto funcional.
	java.lang.IllegalStateException: Acceso ilegal: esta instancia de aplicación web ya ha sido parada.  Could not load [].  La eventual traza de pila que sigue ha sido motivada por un error lanzado con motivos de depuración así como para intentar terminar el hilo que motivó el acceso ilegal y no tiene impacto funcional.
		at org.apache.catalina.loader.WebappClassLoaderBase.checkStateForResourceLoading(WebappClassLoaderBase.java:1373)
		at org.apache.catalina.loader.WebappClassLoaderBase.getResource(WebappClassLoaderBase.java:997)
		at com.mysql.cj.jdbc.AbandonedConnectionCleanupThread.checkThreadContextClassLoader(AbandonedConnectionCleanupThread.java:116)
		at com.mysql.cj.jdbc.AbandonedConnectionCleanupThread.run(AbandonedConnectionCleanupThread.java:83)
		at java.base/java.util.concurrent.ThreadPoolExecutor.runWorker(ThreadPoolExecutor.java:1144)
		at java.base/java.util.concurrent.ThreadPoolExecutor$Worker.run(ThreadPoolExecutor.java:642)
		at java.base/java.lang.Thread.run(Thread.java:1583)
12-Nov-2025 21:30:54.601 INFO [mysql-cj-abandoned-connection-cleanup] org.apache.catalina.loader.WebappClassLoaderBase.checkStateForResourceLoading Acceso ilegal: esta instancia de aplicación web ya ha sido parada.  Could not load [].  La eventual traza de pila que sigue ha sido motivada por un error lanzado con motivos de depuración así como para intentar terminar el hilo que motivó el acceso ilegal y no tiene impacto funcional.
	java.lang.IllegalStateException: Acceso ilegal: esta instancia de aplicación web ya ha sido parada.  Could not load [].  La eventual traza de pila que sigue ha sido motivada por un error lanzado con motivos de depuración así como para intentar terminar el hilo que motivó el acceso ilegal y no tiene impacto funcional.
		at org.apache.catalina.loader.WebappClassLoaderBase.checkStateForResourceLoading(WebappClassLoaderBase.java:1373)
		at org.apache.catalina.loader.WebappClassLoaderBase.getResource(WebappClassLoaderBase.java:997)
		at com.mysql.cj.jdbc.AbandonedConnectionCleanupThread.checkThreadContextClassLoader(AbandonedConnectionCleanupThread.java:116)
		at com.mysql.cj.jdbc.AbandonedConnectionCleanupThread.run(AbandonedConnectionCleanupThread.java:83)
		at java.base/java.util.concurrent.ThreadPoolExecutor.runWorker(ThreadPoolExecutor.java:1144)
		at java.base/java.util.concurrent.ThreadPoolExecutor$Worker.run(ThreadPoolExecutor.java:642)
		at java.base/java.lang.Thread.run(Thread.java:1583)
12-Nov-2025 21:30:54.602 INFO [mysql-cj-abandoned-connection-cleanup] org.apache.catalina.loader.WebappClassLoaderBase.checkStateForResourceLoading Acceso ilegal: esta instancia de aplicación web ya ha sido parada.  Could not load [].  La eventual traza de pila que sigue ha sido motivada por un error lanzado con motivos de depuración así como para intentar terminar el hilo que motivó el acceso ilegal y no tiene impacto funcional.
	java.lang.IllegalStateException: Acceso ilegal: esta instancia de aplicación web ya ha sido parada.  Could not load [].  La eventual traza de pila que sigue ha sido motivada por un error lanzado con motivos de depuración así como para intentar terminar el hilo que motivó el acceso ilegal y no tiene impacto funcional.
		at org.apache.catalina.loader.WebappClassLoaderBase.checkStateForResourceLoading(WebappClassLoaderBase.java:1373)
		at org.apache.catalina.loader.WebappClassLoaderBase.getResource(WebappClassLoaderBase.java:997)
		at com.mysql.cj.jdbc.AbandonedConnectionCleanupThread.checkThreadContextClassLoader(AbandonedConnectionCleanupThread.java:116)
		at com.mysql.cj.jdbc.AbandonedConnectionCleanupThread.run(AbandonedConnectionCleanupThread.java:83)
		at java.base/java.util.concurrent.ThreadPoolExecutor.runWorker(ThreadPoolExecutor.java:1144)
		at java.base/java.util.concurrent.ThreadPoolExecutor$Worker.run(ThreadPoolExecutor.java:642)
		at java.base/java.lang.Thread.run(Thread.java:1583)
12-Nov-2025 21:30:56.075 INFO [http-nio-8080-exec-26] org.apache.jasper.servlet.TldScanner.scanJars Al menos un JAR, que se ha explorado buscando TLDs, aún no contenía TLDs. Activar historial de depuración para este historiador para una completa lista de los JARs que fueron explorados y de los que nos se halló TLDs. Saltarse JARs no necesarios durante la exploración puede dar lugar a una mejora de tiempo significativa en el arranque y compilación de JSP .
12-Nov-2025 21:30:56.171 INFO [http-nio-8080-exec-26] com.sun.faces.config.ConfigureListener.contextInitialized Inicializando Mojarra 2.2.20 ( 20190731-0757 59754ac80c05d61848a08939ddd11a324f2345ac) para el contexto '/enroute_aqp2'
12-Nov-2025 21:30:56.245 INFO [http-nio-8080-exec-26] com.sun.faces.spi.InjectionProviderFactory.createInstance JSF1048: hay presentes anotaciones PostConstruct/PreDestroy.  Los métodos de beans administrados marcados con estas anotaciones procesarán dichas anotaciones.
12-Nov-2025 21:30:56.593 INFO [http-nio-8080-exec-26] com.sun.faces.config.ConfigureListener$WebConfigResourceMonitor$Monitor.<init> Monitoring file:/D:/Erick/Documentos/UTP/web%20integrado/enroute_aqp/enroute_aqp2/build/web/WEB-INF/faces-config.xml for modifications
12-Nov-2025 21:30:56.654 INFO [http-nio-8080-exec-26] org.apache.catalina.core.StandardContext.reload Se ha completado la recarga de este Contexto
12-Nov-2025 21:32:42.936 INFO [http-nio-8080-exec-30] org.apache.catalina.core.StandardContext.reload Ha comenzado la recarga de Contexto [/enroute_aqp2]
12-Nov-2025 21:32:44.463 INFO [http-nio-8080-exec-30] org.apache.jasper.servlet.TldScanner.scanJars Al menos un JAR, que se ha explorado buscando TLDs, aún no contenía TLDs. Activar historial de depuración para este historiador para una completa lista de los JARs que fueron explorados y de los que nos se halló TLDs. Saltarse JARs no necesarios durante la exploración puede dar lugar a una mejora de tiempo significativa en el arranque y compilación de JSP .
12-Nov-2025 21:32:44.568 INFO [http-nio-8080-exec-30] com.sun.faces.config.ConfigureListener.contextInitialized Inicializando Mojarra 2.2.20 ( 20190731-0757 59754ac80c05d61848a08939ddd11a324f2345ac) para el contexto '/enroute_aqp2'
12-Nov-2025 21:32:44.651 INFO [http-nio-8080-exec-30] com.sun.faces.spi.InjectionProviderFactory.createInstance JSF1048: hay presentes anotaciones PostConstruct/PreDestroy.  Los métodos de beans administrados marcados con estas anotaciones procesarán dichas anotaciones.
12-Nov-2025 21:32:44.998 INFO [http-nio-8080-exec-30] com.sun.faces.config.ConfigureListener$WebConfigResourceMonitor$Monitor.<init> Monitoring file:/D:/Erick/Documentos/UTP/web%20integrado/enroute_aqp/enroute_aqp2/build/web/WEB-INF/faces-config.xml for modifications
12-Nov-2025 21:32:45.035 INFO [http-nio-8080-exec-30] org.apache.catalina.core.StandardContext.reload Se ha completado la recarga de este Contexto
12-Nov-2025 21:32:48.495 INFO [http-nio-8080-exec-28] org.apache.catalina.startup.HostConfig.undeploy Repliegue (undeploy) de la aplicación web que tiene como trayectoria de contexto [/enroute_aqp2]
12-Nov-2025 21:32:59.284 INFO [http-nio-8080-exec-31] org.apache.catalina.startup.HostConfig.deployDescriptor Desplieque del descriptor de configuración [D:\Erick\Documentos\UTP\web integrado\enroute_aqp\apache-tomcat-9.0.109\conf\Catalina\localhost\enroute_aqp2.xml]
12-Nov-2025 21:32:59.285 WARNING [http-nio-8080-exec-31] org.apache.catalina.startup.HostConfig.deployDescriptor The path attribute with value [/enroute_aqp2] in deployment descriptor [D:\Erick\Documentos\UTP\web integrado\enroute_aqp\apache-tomcat-9.0.109\conf\Catalina\localhost\enroute_aqp2.xml] has been ignored
12-Nov-2025 21:33:00.250 INFO [http-nio-8080-exec-31] org.apache.jasper.servlet.TldScanner.scanJars Al menos un JAR, que se ha explorado buscando TLDs, aún no contenía TLDs. Activar historial de depuración para este historiador para una completa lista de los JARs que fueron explorados y de los que nos se halló TLDs. Saltarse JARs no necesarios durante la exploración puede dar lugar a una mejora de tiempo significativa en el arranque y compilación de JSP .
12-Nov-2025 21:33:00.316 INFO [http-nio-8080-exec-31] com.sun.faces.config.ConfigureListener.contextInitialized Inicializando Mojarra 2.2.20 ( 20190731-0757 59754ac80c05d61848a08939ddd11a324f2345ac) para el contexto '/enroute_aqp2'
12-Nov-2025 21:33:00.366 INFO [http-nio-8080-exec-31] com.sun.faces.spi.InjectionProviderFactory.createInstance JSF1048: hay presentes anotaciones PostConstruct/PreDestroy.  Los métodos de beans administrados marcados con estas anotaciones procesarán dichas anotaciones.
12-Nov-2025 21:33:00.571 INFO [http-nio-8080-exec-31] com.sun.faces.config.ConfigureListener$WebConfigResourceMonitor$Monitor.<init> Monitoring file:/D:/Erick/Documentos/UTP/web%20integrado/enroute_aqp/enroute_aqp2/build/web/WEB-INF/faces-config.xml for modifications
12-Nov-2025 21:33:00.587 INFO [http-nio-8080-exec-31] org.apache.catalina.startup.HostConfig.deployDescriptor Deployment of deployment descriptor [D:\Erick\Documentos\UTP\web integrado\enroute_aqp\apache-tomcat-9.0.109\conf\Catalina\localhost\enroute_aqp2.xml] has finished in [1.303] ms
12-Nov-2025 21:33:00.596 INFO [http-nio-8080-exec-28] org.apache.catalina.util.LifecycleBase.start The start() method was called on component [StandardEngine[Catalina].StandardHost[localhost].StandardContext[/enroute_aqp2]] after start() had already been called. The second call will be ignored.
12-Nov-2025 21:33:11.271 WARNING [http-nio-8080-exec-37] com.sun.faces.application.resource.ResourceHandlerImpl.logMissingResource JSF1064: no se encuentra o sirve el recurso, /pages/metricas.xhtml.
12-Nov-2025 21:33:11.280 WARNING [http-nio-8080-exec-37] com.sun.faces.renderkit.html_basic.OutcomeTargetRenderer.getNavigationCase JSF1090: no se ha resuelto el tipo de navegación para el componente j_idt23.
12-Nov-2025 21:33:11.283 WARNING [http-nio-8080-exec-37] com.sun.faces.application.resource.ResourceHandlerImpl.logMissingResource JSF1064: no se encuentra o sirve el recurso, /pages/administrar.xhtml.
12-Nov-2025 21:33:11.283 WARNING [http-nio-8080-exec-37] com.sun.faces.renderkit.html_basic.OutcomeTargetRenderer.getNavigationCase JSF1090: no se ha resuelto el tipo de navegación para el componente j_idt26.
12-Nov-2025 21:33:11.284 WARNING [http-nio-8080-exec-37] com.sun.faces.application.resource.ResourceHandlerImpl.logMissingResource JSF1064: no se encuentra o sirve el recurso, /pages/metricas.xhtml.
12-Nov-2025 21:33:11.285 WARNING [http-nio-8080-exec-37] com.sun.faces.renderkit.html_basic.OutcomeTargetRenderer.getNavigationCase JSF1090: no se ha resuelto el tipo de navegación para el componente j_idt29.
12-Nov-2025 21:33:11.285 WARNING [http-nio-8080-exec-37] com.sun.faces.application.resource.ResourceHandlerImpl.logMissingResource JSF1064: no se encuentra o sirve el recurso, /pages/administrar.xhtml.
12-Nov-2025 21:33:11.286 WARNING [http-nio-8080-exec-37] com.sun.faces.renderkit.html_basic.OutcomeTargetRenderer.getNavigationCase JSF1090: no se ha resuelto el tipo de navegación para el componente j_idt32.
12-Nov-2025 21:34:09.144 WARNING [http-nio-8080-exec-38] com.sun.faces.application.resource.ResourceHandlerImpl.logMissingResource JSF1064: no se encuentra o sirve el recurso, /pages/metricas.xhtml.
12-Nov-2025 21:34:09.144 WARNING [http-nio-8080-exec-38] com.sun.faces.renderkit.html_basic.OutcomeTargetRenderer.getNavigationCase JSF1090: no se ha resuelto el tipo de navegación para el componente j_idt23.
12-Nov-2025 21:34:09.146 WARNING [http-nio-8080-exec-38] com.sun.faces.application.resource.ResourceHandlerImpl.logMissingResource JSF1064: no se encuentra o sirve el recurso, /pages/administrar.xhtml.
12-Nov-2025 21:34:09.146 WARNING [http-nio-8080-exec-38] com.sun.faces.renderkit.html_basic.OutcomeTargetRenderer.getNavigationCase JSF1090: no se ha resuelto el tipo de navegación para el componente j_idt26.
12-Nov-2025 21:34:09.147 WARNING [http-nio-8080-exec-38] com.sun.faces.application.resource.ResourceHandlerImpl.logMissingResource JSF1064: no se encuentra o sirve el recurso, /pages/metricas.xhtml.
12-Nov-2025 21:34:09.147 WARNING [http-nio-8080-exec-38] com.sun.faces.renderkit.html_basic.OutcomeTargetRenderer.getNavigationCase JSF1090: no se ha resuelto el tipo de navegación para el componente j_idt29.
12-Nov-2025 21:34:09.148 WARNING [http-nio-8080-exec-38] com.sun.faces.application.resource.ResourceHandlerImpl.logMissingResource JSF1064: no se encuentra o sirve el recurso, /pages/administrar.xhtml.
12-Nov-2025 21:34:09.148 WARNING [http-nio-8080-exec-38] com.sun.faces.renderkit.html_basic.OutcomeTargetRenderer.getNavigationCase JSF1090: no se ha resuelto el tipo de navegación para el componente j_idt32.
12-Nov-2025 21:37:35.025 WARNING [http-nio-8080-exec-39] com.sun.faces.application.resource.ResourceHandlerImpl.logMissingResource JSF1064: no se encuentra o sirve el recurso, /pages/metricas.xhtml.
12-Nov-2025 21:37:35.026 WARNING [http-nio-8080-exec-39] com.sun.faces.renderkit.html_basic.OutcomeTargetRenderer.getNavigationCase JSF1090: no se ha resuelto el tipo de navegación para el componente j_idt23.
12-Nov-2025 21:37:35.027 WARNING [http-nio-8080-exec-39] com.sun.faces.application.resource.ResourceHandlerImpl.logMissingResource JSF1064: no se encuentra o sirve el recurso, /pages/administrar.xhtml.
12-Nov-2025 21:37:35.027 WARNING [http-nio-8080-exec-39] com.sun.faces.renderkit.html_basic.OutcomeTargetRenderer.getNavigationCase JSF1090: no se ha resuelto el tipo de navegación para el componente j_idt26.
12-Nov-2025 21:37:35.027 WARNING [http-nio-8080-exec-39] com.sun.faces.application.resource.ResourceHandlerImpl.logMissingResource JSF1064: no se encuentra o sirve el recurso, /pages/metricas.xhtml.
12-Nov-2025 21:37:35.027 WARNING [http-nio-8080-exec-39] com.sun.faces.renderkit.html_basic.OutcomeTargetRenderer.getNavigationCase JSF1090: no se ha resuelto el tipo de navegación para el componente j_idt29.
12-Nov-2025 21:37:35.027 WARNING [http-nio-8080-exec-39] com.sun.faces.application.resource.ResourceHandlerImpl.logMissingResource JSF1064: no se encuentra o sirve el recurso, /pages/administrar.xhtml.
12-Nov-2025 21:37:35.029 WARNING [http-nio-8080-exec-39] com.sun.faces.renderkit.html_basic.OutcomeTargetRenderer.getNavigationCase JSF1090: no se ha resuelto el tipo de navegación para el componente j_idt32.
12-Nov-2025 21:37:42.353 WARNING [http-nio-8080-exec-40] com.sun.faces.application.resource.ResourceHandlerImpl.logMissingResource JSF1064: no se encuentra o sirve el recurso, /pages/metricas.xhtml.
12-Nov-2025 21:37:42.353 WARNING [http-nio-8080-exec-40] com.sun.faces.renderkit.html_basic.OutcomeTargetRenderer.getNavigationCase JSF1090: no se ha resuelto el tipo de navegación para el componente j_idt23.
12-Nov-2025 21:37:42.355 WARNING [http-nio-8080-exec-40] com.sun.faces.application.resource.ResourceHandlerImpl.logMissingResource JSF1064: no se encuentra o sirve el recurso, /pages/administrar.xhtml.
12-Nov-2025 21:37:42.355 WARNING [http-nio-8080-exec-40] com.sun.faces.renderkit.html_basic.OutcomeTargetRenderer.getNavigationCase JSF1090: no se ha resuelto el tipo de navegación para el componente j_idt26.
12-Nov-2025 21:37:42.356 WARNING [http-nio-8080-exec-40] com.sun.faces.application.resource.ResourceHandlerImpl.logMissingResource JSF1064: no se encuentra o sirve el recurso, /pages/metricas.xhtml.
12-Nov-2025 21:37:42.356 WARNING [http-nio-8080-exec-40] com.sun.faces.renderkit.html_basic.OutcomeTargetRenderer.getNavigationCase JSF1090: no se ha resuelto el tipo de navegación para el componente j_idt29.
12-Nov-2025 21:37:42.357 WARNING [http-nio-8080-exec-40] com.sun.faces.application.resource.ResourceHandlerImpl.logMissingResource JSF1064: no se encuentra o sirve el recurso, /pages/administrar.xhtml.
12-Nov-2025 21:37:42.357 WARNING [http-nio-8080-exec-40] com.sun.faces.renderkit.html_basic.OutcomeTargetRenderer.getNavigationCase JSF1090: no se ha resuelto el tipo de navegación para el componente j_idt32.
12-Nov-2025 21:37:44.346 WARNING [http-nio-8080-exec-42] com.sun.faces.application.resource.ResourceHandlerImpl.logMissingResource JSF1064: no se encuentra o sirve el recurso, /pages/metricas.xhtml.
12-Nov-2025 21:37:44.346 WARNING [http-nio-8080-exec-42] com.sun.faces.renderkit.html_basic.OutcomeTargetRenderer.getNavigationCase JSF1090: no se ha resuelto el tipo de navegación para el componente j_idt23.
12-Nov-2025 21:37:44.347 WARNING [http-nio-8080-exec-42] com.sun.faces.application.resource.ResourceHandlerImpl.logMissingResource JSF1064: no se encuentra o sirve el recurso, /pages/administrar.xhtml.
12-Nov-2025 21:37:44.347 WARNING [http-nio-8080-exec-42] com.sun.faces.renderkit.html_basic.OutcomeTargetRenderer.getNavigationCase JSF1090: no se ha resuelto el tipo de navegación para el componente j_idt26.
12-Nov-2025 21:37:44.347 WARNING [http-nio-8080-exec-42] com.sun.faces.application.resource.ResourceHandlerImpl.logMissingResource JSF1064: no se encuentra o sirve el recurso, /pages/metricas.xhtml.
12-Nov-2025 21:37:44.347 WARNING [http-nio-8080-exec-42] com.sun.faces.renderkit.html_basic.OutcomeTargetRenderer.getNavigationCase JSF1090: no se ha resuelto el tipo de navegación para el componente j_idt29.
12-Nov-2025 21:37:44.347 WARNING [http-nio-8080-exec-42] com.sun.faces.application.resource.ResourceHandlerImpl.logMissingResource JSF1064: no se encuentra o sirve el recurso, /pages/administrar.xhtml.
12-Nov-2025 21:37:44.349 WARNING [http-nio-8080-exec-42] com.sun.faces.renderkit.html_basic.OutcomeTargetRenderer.getNavigationCase JSF1090: no se ha resuelto el tipo de navegación para el componente j_idt32.
12-Nov-2025 21:37:46.200 WARNING [http-nio-8080-exec-41] com.sun.faces.application.resource.ResourceHandlerImpl.logMissingResource JSF1064: no se encuentra o sirve el recurso, /pages/metricas.xhtml.
12-Nov-2025 21:37:46.200 WARNING [http-nio-8080-exec-41] com.sun.faces.renderkit.html_basic.OutcomeTargetRenderer.getNavigationCase JSF1090: no se ha resuelto el tipo de navegación para el componente j_idt23.
12-Nov-2025 21:37:46.201 WARNING [http-nio-8080-exec-41] com.sun.faces.application.resource.ResourceHandlerImpl.logMissingResource JSF1064: no se encuentra o sirve el recurso, /pages/administrar.xhtml.
12-Nov-2025 21:37:46.201 WARNING [http-nio-8080-exec-41] com.sun.faces.renderkit.html_basic.OutcomeTargetRenderer.getNavigationCase JSF1090: no se ha resuelto el tipo de navegación para el componente j_idt26.
12-Nov-2025 21:37:46.201 WARNING [http-nio-8080-exec-41] com.sun.faces.application.resource.ResourceHandlerImpl.logMissingResource JSF1064: no se encuentra o sirve el recurso, /pages/metricas.xhtml.
12-Nov-2025 21:37:46.201 WARNING [http-nio-8080-exec-41] com.sun.faces.renderkit.html_basic.OutcomeTargetRenderer.getNavigationCase JSF1090: no se ha resuelto el tipo de navegación para el componente j_idt29.
12-Nov-2025 21:37:46.202 WARNING [http-nio-8080-exec-41] com.sun.faces.application.resource.ResourceHandlerImpl.logMissingResource JSF1064: no se encuentra o sirve el recurso, /pages/administrar.xhtml.
12-Nov-2025 21:37:46.202 WARNING [http-nio-8080-exec-41] com.sun.faces.renderkit.html_basic.OutcomeTargetRenderer.getNavigationCase JSF1090: no se ha resuelto el tipo de navegación para el componente j_idt32.
12-Nov-2025 21:53:29.640 INFO [http-nio-8080-exec-46] org.apache.catalina.core.StandardContext.reload Ha comenzado la recarga de Contexto [/enroute_aqp2]
12-Nov-2025 21:53:29.694 WARNING [http-nio-8080-exec-46] org.apache.catalina.loader.WebappClassLoaderBase.clearReferencesJdbc La aplicación web [enroute_aqp2] registró el conductor JDBC [com.mysql.cj.jdbc.Driver] pero falló al anular el registro mientras la aplicación web estaba parada. Para prevenir un fallo de memoria, se ha anulado el registro del conductor JDBC por la fuerza.
12-Nov-2025 21:53:29.695 WARNING [http-nio-8080-exec-46] org.apache.catalina.loader.WebappClassLoaderBase.clearReferencesThreads The web application [enroute_aqp2] appears to have started a thread named [mysql-cj-abandoned-connection-cleanup] but has failed to stop it. This is very likely to create a memory leak. Stack trace of thread:
 java.base/jdk.internal.misc.Unsafe.park(Native Method)
 java.base/java.util.concurrent.locks.LockSupport.parkNanos(LockSupport.java:269)
 java.base/java.util.concurrent.locks.AbstractQueuedSynchronizer$ConditionObject.await(AbstractQueuedSynchronizer.java:1852)
 java.base/java.lang.ref.ReferenceQueue.await(ReferenceQueue.java:71)
 java.base/java.lang.ref.ReferenceQueue.remove0(ReferenceQueue.java:143)
 java.base/java.lang.ref.ReferenceQueue.remove(ReferenceQueue.java:218)
 com.mysql.cj.jdbc.AbandonedConnectionCleanupThread.run(AbandonedConnectionCleanupThread.java:84)
 java.base/java.util.concurrent.ThreadPoolExecutor.runWorker(ThreadPoolExecutor.java:1144)
 java.base/java.util.concurrent.ThreadPoolExecutor$Worker.run(ThreadPoolExecutor.java:642)
 java.base/java.lang.Thread.run(Thread.java:1583)
12-Nov-2025 21:53:29.954 INFO [mysql-cj-abandoned-connection-cleanup] org.apache.catalina.loader.WebappClassLoaderBase.checkStateForResourceLoading Acceso ilegal: esta instancia de aplicación web ya ha sido parada.  Could not load [].  La eventual traza de pila que sigue ha sido motivada por un error lanzado con motivos de depuración así como para intentar terminar el hilo que motivó el acceso ilegal y no tiene impacto funcional.
	java.lang.IllegalStateException: Acceso ilegal: esta instancia de aplicación web ya ha sido parada.  Could not load [].  La eventual traza de pila que sigue ha sido motivada por un error lanzado con motivos de depuración así como para intentar terminar el hilo que motivó el acceso ilegal y no tiene impacto funcional.
		at org.apache.catalina.loader.WebappClassLoaderBase.checkStateForResourceLoading(WebappClassLoaderBase.java:1373)
		at org.apache.catalina.loader.WebappClassLoaderBase.getResource(WebappClassLoaderBase.java:997)
		at com.mysql.cj.jdbc.AbandonedConnectionCleanupThread.checkThreadContextClassLoader(AbandonedConnectionCleanupThread.java:116)
		at com.mysql.cj.jdbc.AbandonedConnectionCleanupThread.run(AbandonedConnectionCleanupThread.java:83)
		at java.base/java.util.concurrent.ThreadPoolExecutor.runWorker(ThreadPoolExecutor.java:1144)
		at java.base/java.util.concurrent.ThreadPoolExecutor$Worker.run(ThreadPoolExecutor.java:642)
		at java.base/java.lang.Thread.run(Thread.java:1583)
12-Nov-2025 21:53:29.954 INFO [mysql-cj-abandoned-connection-cleanup] org.apache.catalina.loader.WebappClassLoaderBase.checkStateForResourceLoading Acceso ilegal: esta instancia de aplicación web ya ha sido parada.  Could not load [].  La eventual traza de pila que sigue ha sido motivada por un error lanzado con motivos de depuración así como para intentar terminar el hilo que motivó el acceso ilegal y no tiene impacto funcional.
	java.lang.IllegalStateException: Acceso ilegal: esta instancia de aplicación web ya ha sido parada.  Could not load [].  La eventual traza de pila que sigue ha sido motivada por un error lanzado con motivos de depuración así como para intentar terminar el hilo que motivó el acceso ilegal y no tiene impacto funcional.
		at org.apache.catalina.loader.WebappClassLoaderBase.checkStateForResourceLoading(WebappClassLoaderBase.java:1373)
		at org.apache.catalina.loader.WebappClassLoaderBase.getResource(WebappClassLoaderBase.java:997)
		at com.mysql.cj.jdbc.AbandonedConnectionCleanupThread.checkThreadContextClassLoader(AbandonedConnectionCleanupThread.java:116)
		at com.mysql.cj.jdbc.AbandonedConnectionCleanupThread.run(AbandonedConnectionCleanupThread.java:83)
		at java.base/java.util.concurrent.ThreadPoolExecutor.runWorker(ThreadPoolExecutor.java:1144)
		at java.base/java.util.concurrent.ThreadPoolExecutor$Worker.run(ThreadPoolExecutor.java:642)
		at java.base/java.lang.Thread.run(Thread.java:1583)
12-Nov-2025 21:53:29.955 INFO [mysql-cj-abandoned-connection-cleanup] org.apache.catalina.loader.WebappClassLoaderBase.checkStateForResourceLoading Acceso ilegal: esta instancia de aplicación web ya ha sido parada.  Could not load [].  La eventual traza de pila que sigue ha sido motivada por un error lanzado con motivos de depuración así como para intentar terminar el hilo que motivó el acceso ilegal y no tiene impacto funcional.
	java.lang.IllegalStateException: Acceso ilegal: esta instancia de aplicación web ya ha sido parada.  Could not load [].  La eventual traza de pila que sigue ha sido motivada por un error lanzado con motivos de depuración así como para intentar terminar el hilo que motivó el acceso ilegal y no tiene impacto funcional.
		at org.apache.catalina.loader.WebappClassLoaderBase.checkStateForResourceLoading(WebappClassLoaderBase.java:1373)
		at org.apache.catalina.loader.WebappClassLoaderBase.getResource(WebappClassLoaderBase.java:997)
		at com.mysql.cj.jdbc.AbandonedConnectionCleanupThread.checkThreadContextClassLoader(AbandonedConnectionCleanupThread.java:116)
		at com.mysql.cj.jdbc.AbandonedConnectionCleanupThread.run(AbandonedConnectionCleanupThread.java:83)
		at java.base/java.util.concurrent.ThreadPoolExecutor.runWorker(ThreadPoolExecutor.java:1144)
		at java.base/java.util.concurrent.ThreadPoolExecutor$Worker.run(ThreadPoolExecutor.java:642)
		at java.base/java.lang.Thread.run(Thread.java:1583)
12-Nov-2025 21:53:29.995 INFO [mysql-cj-abandoned-connection-cleanup] org.apache.catalina.loader.WebappClassLoaderBase.checkStateForResourceLoading Acceso ilegal: esta instancia de aplicación web ya ha sido parada.  Could not load [].  La eventual traza de pila que sigue ha sido motivada por un error lanzado con motivos de depuración así como para intentar terminar el hilo que motivó el acceso ilegal y no tiene impacto funcional.
	java.lang.IllegalStateException: Acceso ilegal: esta instancia de aplicación web ya ha sido parada.  Could not load [].  La eventual traza de pila que sigue ha sido motivada por un error lanzado con motivos de depuración así como para intentar terminar el hilo que motivó el acceso ilegal y no tiene impacto funcional.
		at org.apache.catalina.loader.WebappClassLoaderBase.checkStateForResourceLoading(WebappClassLoaderBase.java:1373)
		at org.apache.catalina.loader.WebappClassLoaderBase.getResource(WebappClassLoaderBase.java:997)
		at com.mysql.cj.jdbc.AbandonedConnectionCleanupThread.checkThreadContextClassLoader(AbandonedConnectionCleanupThread.java:116)
		at com.mysql.cj.jdbc.AbandonedConnectionCleanupThread.run(AbandonedConnectionCleanupThread.java:83)
		at java.base/java.util.concurrent.ThreadPoolExecutor.runWorker(ThreadPoolExecutor.java:1144)
		at java.base/java.util.concurrent.ThreadPoolExecutor$Worker.run(ThreadPoolExecutor.java:642)
		at java.base/java.lang.Thread.run(Thread.java:1583)
12-Nov-2025 21:53:29.995 INFO [mysql-cj-abandoned-connection-cleanup] org.apache.catalina.loader.WebappClassLoaderBase.checkStateForResourceLoading Acceso ilegal: esta instancia de aplicación web ya ha sido parada.  Could not load [].  La eventual traza de pila que sigue ha sido motivada por un error lanzado con motivos de depuración así como para intentar terminar el hilo que motivó el acceso ilegal y no tiene impacto funcional.
	java.lang.IllegalStateException: Acceso ilegal: esta instancia de aplicación web ya ha sido parada.  Could not load [].  La eventual traza de pila que sigue ha sido motivada por un error lanzado con motivos de depuración así como para intentar terminar el hilo que motivó el acceso ilegal y no tiene impacto funcional.
		at org.apache.catalina.loader.WebappClassLoaderBase.checkStateForResourceLoading(WebappClassLoaderBase.java:1373)
		at org.apache.catalina.loader.WebappClassLoaderBase.getResource(WebappClassLoaderBase.java:997)
		at com.mysql.cj.jdbc.AbandonedConnectionCleanupThread.checkThreadContextClassLoader(AbandonedConnectionCleanupThread.java:116)
		at com.mysql.cj.jdbc.AbandonedConnectionCleanupThread.run(AbandonedConnectionCleanupThread.java:83)
		at java.base/java.util.concurrent.ThreadPoolExecutor.runWorker(ThreadPoolExecutor.java:1144)
		at java.base/java.util.concurrent.ThreadPoolExecutor$Worker.run(ThreadPoolExecutor.java:642)
		at java.base/java.lang.Thread.run(Thread.java:1583)
12-Nov-2025 21:53:29.995 INFO [mysql-cj-abandoned-connection-cleanup] org.apache.catalina.loader.WebappClassLoaderBase.checkStateForResourceLoading Acceso ilegal: esta instancia de aplicación web ya ha sido parada.  Could not load [].  La eventual traza de pila que sigue ha sido motivada por un error lanzado con motivos de depuración así como para intentar terminar el hilo que motivó el acceso ilegal y no tiene impacto funcional.
	java.lang.IllegalStateException: Acceso ilegal: esta instancia de aplicación web ya ha sido parada.  Could not load [].  La eventual traza de pila que sigue ha sido motivada por un error lanzado con motivos de depuración así como para intentar terminar el hilo que motivó el acceso ilegal y no tiene impacto funcional.
		at org.apache.catalina.loader.WebappClassLoaderBase.checkStateForResourceLoading(WebappClassLoaderBase.java:1373)
		at org.apache.catalina.loader.WebappClassLoaderBase.getResource(WebappClassLoaderBase.java:997)
		at com.mysql.cj.jdbc.AbandonedConnectionCleanupThread.checkThreadContextClassLoader(AbandonedConnectionCleanupThread.java:116)
		at com.mysql.cj.jdbc.AbandonedConnectionCleanupThread.run(AbandonedConnectionCleanupThread.java:83)
		at java.base/java.util.concurrent.ThreadPoolExecutor.runWorker(ThreadPoolExecutor.java:1144)
		at java.base/java.util.concurrent.ThreadPoolExecutor$Worker.run(ThreadPoolExecutor.java:642)
		at java.base/java.lang.Thread.run(Thread.java:1583)
12-Nov-2025 21:53:30.104 INFO [mysql-cj-abandoned-connection-cleanup] org.apache.catalina.loader.WebappClassLoaderBase.checkStateForResourceLoading Acceso ilegal: esta instancia de aplicación web ya ha sido parada.  Could not load [].  La eventual traza de pila que sigue ha sido motivada por un error lanzado con motivos de depuración así como para intentar terminar el hilo que motivó el acceso ilegal y no tiene impacto funcional.
	java.lang.IllegalStateException: Acceso ilegal: esta instancia de aplicación web ya ha sido parada.  Could not load [].  La eventual traza de pila que sigue ha sido motivada por un error lanzado con motivos de depuración así como para intentar terminar el hilo que motivó el acceso ilegal y no tiene impacto funcional.
		at org.apache.catalina.loader.WebappClassLoaderBase.checkStateForResourceLoading(WebappClassLoaderBase.java:1373)
		at org.apache.catalina.loader.WebappClassLoaderBase.getResource(WebappClassLoaderBase.java:997)
		at com.mysql.cj.jdbc.AbandonedConnectionCleanupThread.checkThreadContextClassLoader(AbandonedConnectionCleanupThread.java:116)
		at com.mysql.cj.jdbc.AbandonedConnectionCleanupThread.run(AbandonedConnectionCleanupThread.java:83)
		at java.base/java.util.concurrent.ThreadPoolExecutor.runWorker(ThreadPoolExecutor.java:1144)
		at java.base/java.util.concurrent.ThreadPoolExecutor$Worker.run(ThreadPoolExecutor.java:642)
		at java.base/java.lang.Thread.run(Thread.java:1583)
12-Nov-2025 21:53:30.104 INFO [mysql-cj-abandoned-connection-cleanup] org.apache.catalina.loader.WebappClassLoaderBase.checkStateForResourceLoading Acceso ilegal: esta instancia de aplicación web ya ha sido parada.  Could not load [].  La eventual traza de pila que sigue ha sido motivada por un error lanzado con motivos de depuración así como para intentar terminar el hilo que motivó el acceso ilegal y no tiene impacto funcional.
	java.lang.IllegalStateException: Acceso ilegal: esta instancia de aplicación web ya ha sido parada.  Could not load [].  La eventual traza de pila que sigue ha sido motivada por un error lanzado con motivos de depuración así como para intentar terminar el hilo que motivó el acceso ilegal y no tiene impacto funcional.
		at org.apache.catalina.loader.WebappClassLoaderBase.checkStateForResourceLoading(WebappClassLoaderBase.java:1373)
		at org.apache.catalina.loader.WebappClassLoaderBase.getResource(WebappClassLoaderBase.java:997)
		at com.mysql.cj.jdbc.AbandonedConnectionCleanupThread.checkThreadContextClassLoader(AbandonedConnectionCleanupThread.java:116)
		at com.mysql.cj.jdbc.AbandonedConnectionCleanupThread.run(AbandonedConnectionCleanupThread.java:83)
		at java.base/java.util.concurrent.ThreadPoolExecutor.runWorker(ThreadPoolExecutor.java:1144)
		at java.base/java.util.concurrent.ThreadPoolExecutor$Worker.run(ThreadPoolExecutor.java:642)
		at java.base/java.lang.Thread.run(Thread.java:1583)
12-Nov-2025 21:53:30.104 INFO [mysql-cj-abandoned-connection-cleanup] org.apache.catalina.loader.WebappClassLoaderBase.checkStateForResourceLoading Acceso ilegal: esta instancia de aplicación web ya ha sido parada.  Could not load [].  La eventual traza de pila que sigue ha sido motivada por un error lanzado con motivos de depuración así como para intentar terminar el hilo que motivó el acceso ilegal y no tiene impacto funcional.
	java.lang.IllegalStateException: Acceso ilegal: esta instancia de aplicación web ya ha sido parada.  Could not load [].  La eventual traza de pila que sigue ha sido motivada por un error lanzado con motivos de depuración así como para intentar terminar el hilo que motivó el acceso ilegal y no tiene impacto funcional.
		at org.apache.catalina.loader.WebappClassLoaderBase.checkStateForResourceLoading(WebappClassLoaderBase.java:1373)
		at org.apache.catalina.loader.WebappClassLoaderBase.getResource(WebappClassLoaderBase.java:997)
		at com.mysql.cj.jdbc.AbandonedConnectionCleanupThread.checkThreadContextClassLoader(AbandonedConnectionCleanupThread.java:116)
		at com.mysql.cj.jdbc.AbandonedConnectionCleanupThread.run(AbandonedConnectionCleanupThread.java:83)
		at java.base/java.util.concurrent.ThreadPoolExecutor.runWorker(ThreadPoolExecutor.java:1144)
		at java.base/java.util.concurrent.ThreadPoolExecutor$Worker.run(ThreadPoolExecutor.java:642)
		at java.base/java.lang.Thread.run(Thread.java:1583)
12-Nov-2025 21:53:31.269 INFO [http-nio-8080-exec-46] org.apache.jasper.servlet.TldScanner.scanJars Al menos un JAR, que se ha explorado buscando TLDs, aún no contenía TLDs. Activar historial de depuración para este historiador para una completa lista de los JARs que fueron explorados y de los que nos se halló TLDs. Saltarse JARs no necesarios durante la exploración puede dar lugar a una mejora de tiempo significativa en el arranque y compilación de JSP .
12-Nov-2025 21:53:31.350 INFO [http-nio-8080-exec-46] com.sun.faces.config.ConfigureListener.contextInitialized Inicializando Mojarra 2.2.20 ( 20190731-0757 59754ac80c05d61848a08939ddd11a324f2345ac) para el contexto '/enroute_aqp2'
12-Nov-2025 21:53:31.440 INFO [http-nio-8080-exec-46] com.sun.faces.spi.InjectionProviderFactory.createInstance JSF1048: hay presentes anotaciones PostConstruct/PreDestroy.  Los métodos de beans administrados marcados con estas anotaciones procesarán dichas anotaciones.
12-Nov-2025 21:53:31.703 INFO [http-nio-8080-exec-46] com.sun.faces.config.ConfigureListener$WebConfigResourceMonitor$Monitor.<init> Monitoring file:/D:/Erick/Documentos/UTP/web%20integrado/enroute_aqp/enroute_aqp2/build/web/WEB-INF/faces-config.xml for modifications
12-Nov-2025 21:53:31.748 INFO [http-nio-8080-exec-46] org.apache.catalina.core.StandardContext.reload Se ha completado la recarga de este Contexto
12-Nov-2025 22:50:27.224 INFO [main] org.apache.catalina.core.StandardServer.await Se ha recibido un comando de apagado a través del puerto de apagado. Parando la instancia del Servidor.
12-Nov-2025 22:50:27.225 INFO [main] org.apache.coyote.AbstractProtocol.pause Pausing ProtocolHandler ["http-nio-8080"]
12-Nov-2025 22:50:27.230 INFO [main] org.apache.catalina.core.StandardService.stopInternal Parando servicio [Catalina]
12-Nov-2025 22:50:27.250 INFO [main] org.apache.coyote.AbstractProtocol.stop Stopping ProtocolHandler ["http-nio-8080"]
12-Nov-2025 22:50:27.257 INFO [main] org.apache.coyote.AbstractProtocol.destroy Destroying ProtocolHandler ["http-nio-8080"]
