21-Sep-2025 15:49:19.572 INFO [main] org.apache.catalina.core.ApplicationContext.log ContextListener: contextInitialized()
21-Sep-2025 15:49:19.572 INFO [main] org.apache.catalina.core.ApplicationContext.log SessionListener: contextInitialized()
21-Sep-2025 15:49:19.576 INFO [main] org.apache.catalina.core.ApplicationContext.log ContextListener: attributeAdded('StockTicker', 'async.Stockticker@67ef029')
21-Sep-2025 15:51:54.341 INFO [main] org.apache.catalina.core.ApplicationContext.log SessionListener: contextDestroyed()
21-Sep-2025 15:51:54.341 INFO [main] org.apache.catalina.core.ApplicationContext.log ContextListener: contextDestroyed()
21-Sep-2025 15:51:59.018 INFO [main] org.apache.catalina.core.ApplicationContext.log ContextListener: contextInitialized()
21-Sep-2025 15:51:59.018 INFO [main] org.apache.catalina.core.ApplicationContext.log SessionListener: contextInitialized()
21-Sep-2025 15:51:59.021 INFO [main] org.apache.catalina.core.ApplicationContext.log ContextListener: attributeAdded('StockTicker', 'async.Stockticker@1eef9aef')
21-Sep-2025 15:54:29.998 INFO [main] org.apache.catalina.core.ApplicationContext.log SessionListener: contextDestroyed()
21-Sep-2025 15:54:29.998 INFO [main] org.apache.catalina.core.ApplicationContext.log ContextListener: contextDestroyed()
21-Sep-2025 15:55:17.138 INFO [main] org.apache.catalina.core.ApplicationContext.log ContextListener: contextInitialized()
21-Sep-2025 15:55:17.138 INFO [main] org.apache.catalina.core.ApplicationContext.log SessionListener: contextInitialized()
21-Sep-2025 15:55:17.142 INFO [main] org.apache.catalina.core.ApplicationContext.log ContextListener: attributeAdded('StockTicker', 'async.Stockticker@560cbf1a')
21-Sep-2025 16:53:34.121 INFO [main] org.apache.catalina.core.ApplicationContext.log SessionListener: contextDestroyed()
21-Sep-2025 16:53:34.121 INFO [main] org.apache.catalina.core.ApplicationContext.log ContextListener: contextDestroyed()
21-Sep-2025 17:07:56.783 INFO [main] org.apache.catalina.core.ApplicationContext.log ContextListener: contextInitialized()
21-Sep-2025 17:07:56.783 INFO [main] org.apache.catalina.core.ApplicationContext.log SessionListener: contextInitialized()
21-Sep-2025 17:07:56.786 INFO [main] org.apache.catalina.core.ApplicationContext.log ContextListener: attributeAdded('StockTicker', 'async.Stockticker@6968c1d6')
21-Sep-2025 17:08:09.182 INFO [main] org.apache.catalina.core.ApplicationContext.log SessionListener: contextDestroyed()
21-Sep-2025 17:08:09.182 INFO [main] org.apache.catalina.core.ApplicationContext.log ContextListener: contextDestroyed()
21-Sep-2025 17:53:38.217 INFO [main] org.apache.catalina.core.ApplicationContext.log ContextListener: contextInitialized()
21-Sep-2025 17:53:38.217 INFO [main] org.apache.catalina.core.ApplicationContext.log SessionListener: contextInitialized()
21-Sep-2025 17:53:38.220 INFO [main] org.apache.catalina.core.ApplicationContext.log ContextListener: attributeAdded('StockTicker', 'async.Stockticker@4e8d9bb6')
21-Sep-2025 18:07:35.783 SEVERE [http-nio-8080-exec-23] org.apache.catalina.core.StandardWrapperValve.invoke El Servlet.service() para el servlet [jsp] en el contexto con ruta [/enroute_aqp] lanzó la excepción [/pages/dashboard.jsp (línea: [3], columna: [12]) se esperaba símbolo igual] con causa raíz
	org.apache.jasper.JasperException: /pages/dashboard.jsp (línea: [3], columna: [12]) se esperaba símbolo igual
		at org.apache.jasper.compiler.DefaultErrorHandler.jspError(DefaultErrorHandler.java:31)
		at org.apache.jasper.compiler.ErrorDispatcher.dispatch(ErrorDispatcher.java:268)
		at org.apache.jasper.compiler.ErrorDispatcher.jspError(ErrorDispatcher.java:91)
		at org.apache.jasper.compiler.Parser.parseAttribute(Parser.java:222)
		at org.apache.jasper.compiler.Parser.parseAttributes(Parser.java:161)
		at org.apache.jasper.compiler.Parser.parseAttributes(Parser.java:151)
		at org.apache.jasper.compiler.Parser.parseTaglibDirective(Parser.java:394)
		at org.apache.jasper.compiler.Parser.parseDirective(Parser.java:468)
		at org.apache.jasper.compiler.Parser.parseElements(Parser.java:1361)
		at org.apache.jasper.compiler.Parser.parse(Parser.java:137)
		at org.apache.jasper.compiler.ParserController.doParse(ParserController.java:243)
		at org.apache.jasper.compiler.ParserController.parse(ParserController.java:106)
		at org.apache.jasper.compiler.Compiler.generateJava(Compiler.java:193)
		at org.apache.jasper.compiler.Compiler.compile(Compiler.java:366)
		at org.apache.jasper.compiler.Compiler.compile(Compiler.java:344)
		at org.apache.jasper.compiler.Compiler.compile(Compiler.java:330)
		at org.apache.jasper.JspCompilationContext.compile(JspCompilationContext.java:591)
		at org.apache.jasper.servlet.JspServletWrapper.service(JspServletWrapper.java:378)
		at org.apache.jasper.servlet.JspServlet.serviceJspFile(JspServlet.java:355)
		at org.apache.jasper.servlet.JspServlet.service(JspServlet.java:306)
		at javax.servlet.http.HttpServlet.service(HttpServlet.java:623)
		at org.apache.catalina.core.ApplicationFilterChain.internalDoFilter(ApplicationFilterChain.java:199)
		at org.apache.catalina.core.ApplicationFilterChain.doFilter(ApplicationFilterChain.java:144)
		at org.apache.tomcat.websocket.server.WsFilter.doFilter(WsFilter.java:51)
		at org.apache.catalina.core.ApplicationFilterChain.internalDoFilter(ApplicationFilterChain.java:168)
		at org.apache.catalina.core.ApplicationFilterChain.doFilter(ApplicationFilterChain.java:144)
		at org.apache.catalina.core.StandardWrapperValve.invoke(StandardWrapperValve.java:168)
		at org.apache.catalina.core.StandardContextValve.invoke(StandardContextValve.java:90)
		at org.apache.catalina.authenticator.AuthenticatorBase.invoke(AuthenticatorBase.java:482)
		at org.apache.catalina.core.StandardHostValve.invoke(StandardHostValve.java:130)
		at org.apache.catalina.valves.ErrorReportValve.invoke(ErrorReportValve.java:93)
		at org.apache.catalina.valves.AbstractAccessLogValve.invoke(AbstractAccessLogValve.java:656)
		at org.apache.catalina.core.StandardEngineValve.invoke(StandardEngineValve.java:74)
		at org.apache.catalina.connector.CoyoteAdapter.service(CoyoteAdapter.java:346)
		at org.apache.coyote.http11.Http11Processor.service(Http11Processor.java:397)
		at org.apache.coyote.AbstractProcessorLight.process(AbstractProcessorLight.java:63)
		at org.apache.coyote.AbstractProtocol$ConnectionHandler.process(AbstractProtocol.java:935)
		at org.apache.tomcat.util.net.NioEndpoint$SocketProcessor.doRun(NioEndpoint.java:1833)
		at org.apache.tomcat.util.net.SocketProcessorBase.run(SocketProcessorBase.java:52)
		at org.apache.tomcat.util.threads.ThreadPoolExecutor.runWorker(ThreadPoolExecutor.java:975)
		at org.apache.tomcat.util.threads.ThreadPoolExecutor$Worker.run(ThreadPoolExecutor.java:493)
		at org.apache.tomcat.util.threads.TaskThread$WrappingRunnable.run(TaskThread.java:63)
		at java.base/java.lang.Thread.run(Thread.java:1583)
21-Sep-2025 18:45:28.556 INFO [main] org.apache.catalina.core.ApplicationContext.log SessionListener: contextDestroyed()
21-Sep-2025 18:45:28.556 INFO [main] org.apache.catalina.core.ApplicationContext.log ContextListener: contextDestroyed()
21-Sep-2025 21:28:30.903 INFO [main] org.apache.catalina.core.ApplicationContext.log ContextListener: contextInitialized()
21-Sep-2025 21:28:30.903 INFO [main] org.apache.catalina.core.ApplicationContext.log SessionListener: contextInitialized()
21-Sep-2025 21:28:30.906 INFO [main] org.apache.catalina.core.ApplicationContext.log ContextListener: attributeAdded('StockTicker', 'async.Stockticker@3a7e365')
21-Sep-2025 22:36:45.731 INFO [main] org.apache.catalina.core.ApplicationContext.log SessionListener: contextDestroyed()
21-Sep-2025 22:36:45.731 INFO [main] org.apache.catalina.core.ApplicationContext.log ContextListener: contextDestroyed()
21-Sep-2025 22:36:52.750 INFO [main] org.apache.catalina.core.ApplicationContext.log ContextListener: contextInitialized()
21-Sep-2025 22:36:52.750 INFO [main] org.apache.catalina.core.ApplicationContext.log SessionListener: contextInitialized()
21-Sep-2025 22:36:52.753 INFO [main] org.apache.catalina.core.ApplicationContext.log ContextListener: attributeAdded('StockTicker', 'async.Stockticker@4315fe1b')
21-Sep-2025 22:38:15.411 INFO [main] org.apache.catalina.core.ApplicationContext.log SessionListener: contextDestroyed()
21-Sep-2025 22:38:15.411 INFO [main] org.apache.catalina.core.ApplicationContext.log ContextListener: contextDestroyed()
