01-Nov-2025 11:56:59.923 INFO [main] org.apache.catalina.core.ApplicationContext.log ContextListener: contextInitialized()
01-Nov-2025 11:56:59.923 INFO [main] org.apache.catalina.core.ApplicationContext.log SessionListener: contextInitialized()
01-Nov-2025 11:56:59.924 INFO [main] org.apache.catalina.core.ApplicationContext.log ContextListener: attributeAdded('StockTicker', 'async.Stockticker@45f95ac0')
01-Nov-2025 12:41:37.357 WARNING [http-nio-8080-exec-15] org.apache.catalina.session.StandardSession.doWriteObject No puedo serializar atributo de sesión [authBean] para sesión [761817C0EDF313BB58F3C063CB81237C]
	java.io.NotSerializableException: dao.impl.DaoUser_Impl
		at java.base/java.io.ObjectOutputStream.writeObject0(ObjectOutputStream.java:1200)
		at java.base/java.io.ObjectOutputStream.defaultWriteFields(ObjectOutputStream.java:1585)
		at java.base/java.io.ObjectOutputStream.writeSerialData(ObjectOutputStream.java:1542)
		at java.base/java.io.ObjectOutputStream.writeOrdinaryObject(ObjectOutputStream.java:1451)
		at java.base/java.io.ObjectOutputStream.writeObject0(ObjectOutputStream.java:1194)
		at java.base/java.io.ObjectOutputStream.writeObject(ObjectOutputStream.java:358)
		at org.apache.catalina.session.StandardSession.doWriteObject(StandardSession.java:1376)
		at org.apache.catalina.session.StandardSession.writeObjectData(StandardSession.java:852)
		at org.apache.catalina.session.StandardManager.doUnload(StandardManager.java:306)
		at org.apache.catalina.session.StandardManager.unload(StandardManager.java:258)
		at org.apache.catalina.session.StandardManager.stopInternal(StandardManager.java:373)
		at org.apache.catalina.util.LifecycleBase.stop(LifecycleBase.java:235)
		at org.apache.catalina.core.StandardContext.stopInternal(StandardContext.java:4723)
		at org.apache.catalina.util.LifecycleBase.stop(LifecycleBase.java:235)
		at org.apache.catalina.manager.ManagerServlet.stop(ManagerServlet.java:1355)
		at org.apache.catalina.manager.ManagerServlet.doGet(ManagerServlet.java:330)
		at javax.servlet.http.HttpServlet.service(HttpServlet.java:529)
		at javax.servlet.http.HttpServlet.service(HttpServlet.java:623)
		at org.apache.catalina.core.ApplicationFilterChain.internalDoFilter(ApplicationFilterChain.java:199)
		at org.apache.catalina.core.ApplicationFilterChain.doFilter(ApplicationFilterChain.java:144)
		at org.apache.tomcat.websocket.server.WsFilter.doFilter(WsFilter.java:51)
		at org.apache.catalina.core.ApplicationFilterChain.internalDoFilter(ApplicationFilterChain.java:168)
		at org.apache.catalina.core.ApplicationFilterChain.doFilter(ApplicationFilterChain.java:144)
		at org.apache.catalina.filters.HttpHeaderSecurityFilter.doFilter(HttpHeaderSecurityFilter.java:129)
		at org.apache.catalina.core.ApplicationFilterChain.internalDoFilter(ApplicationFilterChain.java:168)
		at org.apache.catalina.core.ApplicationFilterChain.doFilter(ApplicationFilterChain.java:144)
		at org.apache.catalina.core.StandardWrapperValve.invoke(StandardWrapperValve.java:168)
		at org.apache.catalina.core.StandardContextValve.invoke(StandardContextValve.java:90)
		at org.apache.catalina.authenticator.AuthenticatorBase.invoke(AuthenticatorBase.java:597)
		at org.apache.catalina.valves.RequestFilterValve.process(RequestFilterValve.java:354)
		at org.apache.catalina.valves.RemoteAddrValve.invoke(RemoteAddrValve.java:54)
		at org.apache.catalina.core.StandardHostValve.invoke(StandardHostValve.java:130)
		at org.apache.catalina.valves.ErrorReportValve.invoke(ErrorReportValve.java:93)
		at org.apache.catalina.valves.AbstractAccessLogValve.invoke(AbstractAccessLogValve.java:656)
		at org.apache.catalina.core.StandardEngineValve.invoke(StandardEngineValve.java:74)
		at org.apache.catalina.connector.CoyoteAdapter.service(CoyoteAdapter.java:346)
		at org.apache.coyote.http11.Http11Processor.service(Http11Processor.java:397)
		at org.apache.coyote.AbstractProcessorLight.process(AbstractProcessorLight.java:63)
		at org.apache.coyote.AbstractProtocol$ConnectionHandler.process(AbstractProtocol.java:935)
		at org.apache.tomcat.util.net.NioEndpoint$SocketProcessor.doRun(NioEndpoint.java:1833)
		at org.apache.tomcat.util.net.SocketProcessorBase.run(SocketProcessorBase.java:52)
		at org.apache.tomcat.util.threads.ThreadPoolExecutor.runWorker(ThreadPoolExecutor.java:975)
		at org.apache.tomcat.util.threads.ThreadPoolExecutor$Worker.run(ThreadPoolExecutor.java:493)
		at org.apache.tomcat.util.threads.TaskThread$WrappingRunnable.run(TaskThread.java:63)
		at java.base/java.lang.Thread.run(Thread.java:1583)
01-Nov-2025 12:41:38.424 WARNING [http-nio-8080-exec-11] org.apache.catalina.session.StandardSession.doReadObject Cannot deserialize session attribute [authBean] for session [761817C0EDF313BB58F3C063CB81237C]
01-Nov-2025 17:08:39.276 INFO [main] org.apache.catalina.core.ApplicationContext.log SessionListener: contextDestroyed()
01-Nov-2025 17:08:39.276 INFO [main] org.apache.catalina.core.ApplicationContext.log ContextListener: contextDestroyed()
01-Nov-2025 17:11:17.966 INFO [main] org.apache.catalina.core.ApplicationContext.log ContextListener: contextInitialized()
01-Nov-2025 17:11:17.967 INFO [main] org.apache.catalina.core.ApplicationContext.log SessionListener: contextInitialized()
01-Nov-2025 17:11:17.967 INFO [main] org.apache.catalina.core.ApplicationContext.log ContextListener: attributeAdded('StockTicker', 'async.Stockticker@10724a72')
01-Nov-2025 23:02:30.003 INFO [main] org.apache.catalina.core.ApplicationContext.log SessionListener: contextDestroyed()
01-Nov-2025 23:02:30.003 INFO [main] org.apache.catalina.core.ApplicationContext.log ContextListener: contextDestroyed()
